Files already downloaded and verified
Files already downloaded and verified
Epoch: 0, Iteration:     0 loss: 0.115
Epoch: 0, Iteration:    20 loss: 2.303
Epoch: 0, Iteration:    40 loss: 2.302
Epoch: 0, Iteration:    60 loss: 2.302
Epoch: 0, Iteration:    80 loss: 2.301
Epoch: 0, Iteration:   100 loss: 2.301
Epoch: 0, Iteration:   120 loss: 2.300
Epoch: 0, Iteration:   140 loss: 2.298
Epoch: 0, Iteration:   160 loss: 2.290
Epoch: 0, Iteration:   180 loss: 2.263
Epoch: 0, Iteration:   200 loss: 2.177
Epoch: 0, Iteration:   220 loss: 2.158
Epoch: 0, Iteration:   240 loss: 2.173
Epoch: 0, Iteration:   260 loss: 2.147
Epoch: 0, Iteration:   280 loss: 2.099
Epoch: 0, Iteration:   300 loss: 2.102
Epoch: 0, Iteration:   320 loss: 2.174
Epoch: 0, Iteration:   340 loss: 2.217
Epoch: 0, Iteration:   360 loss: 2.149
Epoch: 0, Iteration:   380 loss: 2.102
Epoch: 0, Iteration:   400 loss: 2.096
Epoch: 0, Iteration:   420 loss: 2.212
Epoch: 0, Iteration:   440 loss: 2.194
Epoch: 0, Iteration:   460 loss: 2.116
Epoch: 0, Iteration:   480 loss: 2.128
Epoch: 0, Iteration:   500 loss: 2.103
Epoch: 0, Iteration:   520 loss: 2.151
Epoch: 0, Iteration:   540 loss: 2.161
Epoch: 0, Iteration:   560 loss: 2.059
Epoch: 0, Iteration:   580 loss: 2.080
Epoch: 0, Iteration:   600 loss: 2.178
Epoch: 0, Iteration:   620 loss: 2.140
Epoch: 0, Iteration:   640 loss: 2.012
Epoch: 0, Iteration:   660 loss: 2.040
Epoch: 0, Iteration:   680 loss: 1.978
Epoch: 0, Iteration:   700 loss: 2.053
Epoch: 0, Iteration:   720 loss: 2.068
Epoch: 0, Iteration:   740 loss: 2.082
Epoch: 0, Iteration:   760 loss: 2.138
Epoch: 0, Iteration:   780 loss: 1.964
Loss: 2.256
Accuracy of the network on the 10000 test images: 22 %
Accuracy of plane : 37 %
Accuracy of   car :  0 %
Accuracy of  bird : 24 %
Accuracy of   cat :  0 %
Accuracy of  deer :  0 %
Accuracy of   dog : 79 %
Accuracy of  frog :  0 %
Accuracy of horse : 31 %
Accuracy of  ship : 41 %
Accuracy of truck : 16 %
Epoch: 1, Iteration:     0 loss: 0.113
Epoch: 1, Iteration:    20 loss: 1.982
Epoch: 1, Iteration:    40 loss: 1.984
Epoch: 1, Iteration:    60 loss: 2.033
Epoch: 1, Iteration:    80 loss: 2.000
Epoch: 1, Iteration:   100 loss: 1.986
Epoch: 1, Iteration:   120 loss: 1.988
Epoch: 1, Iteration:   140 loss: 2.003
Epoch: 1, Iteration:   160 loss: 1.976
Epoch: 1, Iteration:   180 loss: 1.894
Epoch: 1, Iteration:   200 loss: 1.952
Epoch: 1, Iteration:   220 loss: 1.953
Epoch: 1, Iteration:   240 loss: 1.972
Epoch: 1, Iteration:   260 loss: 1.927
Epoch: 1, Iteration:   280 loss: 1.937
Epoch: 1, Iteration:   300 loss: 1.919
Epoch: 1, Iteration:   320 loss: 1.935
Epoch: 1, Iteration:   340 loss: 1.918
Epoch: 1, Iteration:   360 loss: 1.879
Epoch: 1, Iteration:   380 loss: 1.897
Epoch: 1, Iteration:   400 loss: 1.944
Epoch: 1, Iteration:   420 loss: 1.929
Epoch: 1, Iteration:   440 loss: 1.913
Epoch: 1, Iteration:   460 loss: 1.943
Epoch: 1, Iteration:   480 loss: 1.937
Epoch: 1, Iteration:   500 loss: 1.896
Epoch: 1, Iteration:   520 loss: 1.858
Epoch: 1, Iteration:   540 loss: 1.808
Epoch: 1, Iteration:   560 loss: 1.883
Epoch: 1, Iteration:   580 loss: 1.853
Epoch: 1, Iteration:   600 loss: 1.849
Epoch: 1, Iteration:   620 loss: 1.845
Epoch: 1, Iteration:   640 loss: 1.933
Epoch: 1, Iteration:   660 loss: 1.794
Epoch: 1, Iteration:   680 loss: 1.871
Epoch: 1, Iteration:   700 loss: 1.837
Epoch: 1, Iteration:   720 loss: 1.822
Epoch: 1, Iteration:   740 loss: 1.820
Epoch: 1, Iteration:   760 loss: 1.752
Epoch: 1, Iteration:   780 loss: 1.907
Loss: 1.773
Accuracy of the network on the 10000 test images: 32 %
Accuracy of plane :  8 %
Accuracy of   car : 72 %
Accuracy of  bird :  0 %
Accuracy of   cat : 45 %
Accuracy of  deer : 16 %
Accuracy of   dog : 35 %
Accuracy of  frog : 14 %
Accuracy of horse : 48 %
Accuracy of  ship : 74 %
Accuracy of truck : 21 %
Epoch: 2, Iteration:     0 loss: 0.092
Epoch: 2, Iteration:    20 loss: 1.783
Epoch: 2, Iteration:    40 loss: 1.830
Epoch: 2, Iteration:    60 loss: 1.820
Epoch: 2, Iteration:    80 loss: 1.793
Epoch: 2, Iteration:   100 loss: 1.822
Epoch: 2, Iteration:   120 loss: 1.797
Epoch: 2, Iteration:   140 loss: 1.897
Epoch: 2, Iteration:   160 loss: 1.761
Epoch: 2, Iteration:   180 loss: 1.880
Epoch: 2, Iteration:   200 loss: 1.827
Epoch: 2, Iteration:   220 loss: 1.903
Epoch: 2, Iteration:   240 loss: 1.948
Epoch: 2, Iteration:   260 loss: 1.830
Epoch: 2, Iteration:   280 loss: 1.780
Epoch: 2, Iteration:   300 loss: 1.839
Epoch: 2, Iteration:   320 loss: 1.845
Epoch: 2, Iteration:   340 loss: 1.858
Epoch: 2, Iteration:   360 loss: 1.799
Epoch: 2, Iteration:   380 loss: 1.750
Epoch: 2, Iteration:   400 loss: 1.805
Epoch: 2, Iteration:   420 loss: 1.807
Epoch: 2, Iteration:   440 loss: 1.712
Epoch: 2, Iteration:   460 loss: 1.677
Epoch: 2, Iteration:   480 loss: 1.672
Epoch: 2, Iteration:   500 loss: 1.696
Epoch: 2, Iteration:   520 loss: 1.676
Epoch: 2, Iteration:   540 loss: 1.654
Epoch: 2, Iteration:   560 loss: 1.626
Epoch: 2, Iteration:   580 loss: 1.710
Epoch: 2, Iteration:   600 loss: 1.691
Epoch: 2, Iteration:   620 loss: 1.696
Epoch: 2, Iteration:   640 loss: 1.682
Epoch: 2, Iteration:   660 loss: 1.696
Epoch: 2, Iteration:   680 loss: 1.651
Epoch: 2, Iteration:   700 loss: 1.732
Epoch: 2, Iteration:   720 loss: 1.723
Epoch: 2, Iteration:   740 loss: 1.690
Epoch: 2, Iteration:   760 loss: 1.676
Epoch: 2, Iteration:   780 loss: 1.678
Loss: 1.605
Accuracy of the network on the 10000 test images: 42 %
Accuracy of plane : 64 %
Accuracy of   car : 24 %
Accuracy of  bird : 27 %
Accuracy of   cat : 23 %
Accuracy of  deer : 23 %
Accuracy of   dog : 50 %
Accuracy of  frog : 55 %
Accuracy of horse : 60 %
Accuracy of  ship : 58 %
Accuracy of truck : 38 %
Epoch: 3, Iteration:     0 loss: 0.082
Epoch: 3, Iteration:    20 loss: 1.708
Epoch: 3, Iteration:    40 loss: 1.733
Epoch: 3, Iteration:    60 loss: 1.810
Epoch: 3, Iteration:    80 loss: 1.855
Epoch: 3, Iteration:   100 loss: 1.678
Epoch: 3, Iteration:   120 loss: 1.794
Epoch: 3, Iteration:   140 loss: 1.848
Epoch: 3, Iteration:   160 loss: 1.771
Epoch: 3, Iteration:   180 loss: 1.675
Epoch: 3, Iteration:   200 loss: 1.618
Epoch: 3, Iteration:   220 loss: 1.613
Epoch: 3, Iteration:   240 loss: 1.705
Epoch: 3, Iteration:   260 loss: 1.635
Epoch: 3, Iteration:   280 loss: 1.595
Epoch: 3, Iteration:   300 loss: 1.576
Epoch: 3, Iteration:   320 loss: 1.593
Epoch: 3, Iteration:   340 loss: 1.564
Epoch: 3, Iteration:   360 loss: 1.517
Epoch: 3, Iteration:   380 loss: 1.608
Epoch: 3, Iteration:   400 loss: 1.602
Epoch: 3, Iteration:   420 loss: 1.584
Epoch: 3, Iteration:   440 loss: 1.598
Epoch: 3, Iteration:   460 loss: 1.559
Epoch: 3, Iteration:   480 loss: 1.496
Epoch: 3, Iteration:   500 loss: 1.542
Epoch: 3, Iteration:   520 loss: 1.538
Epoch: 3, Iteration:   540 loss: 1.429
Epoch: 3, Iteration:   560 loss: 1.507
Epoch: 3, Iteration:   580 loss: 1.528
Epoch: 3, Iteration:   600 loss: 1.527
Epoch: 3, Iteration:   620 loss: 1.519
Epoch: 3, Iteration:   640 loss: 1.547
Epoch: 3, Iteration:   660 loss: 1.530
Epoch: 3, Iteration:   680 loss: 1.580
Epoch: 3, Iteration:   700 loss: 1.542
Epoch: 3, Iteration:   720 loss: 1.655
Epoch: 3, Iteration:   740 loss: 1.523
Epoch: 3, Iteration:   760 loss: 1.617
Epoch: 3, Iteration:   780 loss: 1.591
Loss: 1.621
Accuracy of the network on the 10000 test images: 37 %
Accuracy of plane : 57 %
Accuracy of   car : 64 %
Accuracy of  bird : 25 %
Accuracy of   cat : 50 %
Accuracy of  deer : 27 %
Accuracy of   dog : 54 %
Accuracy of  frog : 12 %
Accuracy of horse :  9 %
Accuracy of  ship : 84 %
Accuracy of truck :  5 %
Epoch: 4, Iteration:     0 loss: 0.078
Epoch: 4, Iteration:    20 loss: 1.631
Epoch: 4, Iteration:    40 loss: 1.547
Epoch: 4, Iteration:    60 loss: 1.434
Epoch: 4, Iteration:    80 loss: 1.406
Epoch: 4, Iteration:   100 loss: 1.409
Epoch: 4, Iteration:   120 loss: 1.450
Epoch: 4, Iteration:   140 loss: 1.577
Epoch: 4, Iteration:   160 loss: 1.458
Epoch: 4, Iteration:   180 loss: 1.472
Epoch: 4, Iteration:   200 loss: 1.391
Epoch: 4, Iteration:   220 loss: 1.436
Epoch: 4, Iteration:   240 loss: 1.487
Epoch: 4, Iteration:   260 loss: 1.442
Epoch: 4, Iteration:   280 loss: 1.449
Epoch: 4, Iteration:   300 loss: 1.420
Epoch: 4, Iteration:   320 loss: 1.410
Epoch: 4, Iteration:   340 loss: 1.403
Epoch: 4, Iteration:   360 loss: 1.427
Epoch: 4, Iteration:   380 loss: 1.448
Epoch: 4, Iteration:   400 loss: 1.437
Epoch: 4, Iteration:   420 loss: 1.403
Epoch: 4, Iteration:   440 loss: 1.403
Epoch: 4, Iteration:   460 loss: 1.364
Epoch: 4, Iteration:   480 loss: 1.357
Epoch: 4, Iteration:   500 loss: 1.399
Epoch: 4, Iteration:   520 loss: 1.460
Epoch: 4, Iteration:   540 loss: 1.385
Epoch: 4, Iteration:   560 loss: 1.384
Epoch: 4, Iteration:   580 loss: 1.358
Epoch: 4, Iteration:   600 loss: 1.477
Epoch: 4, Iteration:   620 loss: 1.477
Epoch: 4, Iteration:   640 loss: 1.447
Epoch: 4, Iteration:   660 loss: 1.343
Epoch: 4, Iteration:   680 loss: 1.318
Epoch: 4, Iteration:   700 loss: 1.351
Epoch: 4, Iteration:   720 loss: 1.392
Epoch: 4, Iteration:   740 loss: 1.380
Epoch: 4, Iteration:   760 loss: 1.366
Epoch: 4, Iteration:   780 loss: 1.317
Loss: 1.293
Accuracy of the network on the 10000 test images: 53 %
Accuracy of plane : 53 %
Accuracy of   car : 68 %
Accuracy of  bird : 41 %
Accuracy of   cat : 43 %
Accuracy of  deer : 25 %
Accuracy of   dog : 35 %
Accuracy of  frog : 80 %
Accuracy of horse : 59 %
Accuracy of  ship : 68 %
Accuracy of truck : 66 %
Epoch: 5, Iteration:     0 loss: 0.067
Epoch: 5, Iteration:    20 loss: 1.354
Epoch: 5, Iteration:    40 loss: 1.315
Epoch: 5, Iteration:    60 loss: 1.290
Epoch: 5, Iteration:    80 loss: 1.347
Epoch: 5, Iteration:   100 loss: 1.354
Epoch: 5, Iteration:   120 loss: 1.428
Epoch: 5, Iteration:   140 loss: 1.356
Epoch: 5, Iteration:   160 loss: 1.363
Epoch: 5, Iteration:   180 loss: 1.389
Epoch: 5, Iteration:   200 loss: 1.408
Epoch: 5, Iteration:   220 loss: 1.365
Epoch: 5, Iteration:   240 loss: 1.329
Epoch: 5, Iteration:   260 loss: 1.309
Epoch: 5, Iteration:   280 loss: 1.393
Epoch: 5, Iteration:   300 loss: 1.313
Epoch: 5, Iteration:   320 loss: 1.298
Epoch: 5, Iteration:   340 loss: 1.395
Epoch: 5, Iteration:   360 loss: 1.329
Epoch: 5, Iteration:   380 loss: 1.240
Epoch: 5, Iteration:   400 loss: 1.295
Epoch: 5, Iteration:   420 loss: 1.237
Epoch: 5, Iteration:   440 loss: 1.267
Epoch: 5, Iteration:   460 loss: 1.318
Epoch: 5, Iteration:   480 loss: 1.175
Epoch: 5, Iteration:   500 loss: 1.256
Epoch: 5, Iteration:   520 loss: 1.243
Epoch: 5, Iteration:   540 loss: 1.319
Epoch: 5, Iteration:   560 loss: 1.240
Epoch: 5, Iteration:   580 loss: 1.259
Epoch: 5, Iteration:   600 loss: 1.267
Epoch: 5, Iteration:   620 loss: 1.321
Epoch: 5, Iteration:   640 loss: 1.351
Epoch: 5, Iteration:   660 loss: 1.307
Epoch: 5, Iteration:   680 loss: 1.290
Epoch: 5, Iteration:   700 loss: 1.241
Epoch: 5, Iteration:   720 loss: 1.270
Epoch: 5, Iteration:   740 loss: 1.241
Epoch: 5, Iteration:   760 loss: 1.276
Epoch: 5, Iteration:   780 loss: 1.239
Loss: 1.539
Accuracy of the network on the 10000 test images: 45 %
Accuracy of plane : 51 %
Accuracy of   car :  8 %
Accuracy of  bird : 45 %
Accuracy of   cat :  6 %
Accuracy of  deer : 32 %
Accuracy of   dog : 66 %
Accuracy of  frog : 16 %
Accuracy of horse : 71 %
Accuracy of  ship : 82 %
Accuracy of truck : 65 %
Epoch: 6, Iteration:     0 loss: 0.077
Epoch: 6, Iteration:    20 loss: 1.317
Epoch: 6, Iteration:    40 loss: 1.283
Epoch: 6, Iteration:    60 loss: 1.202
Epoch: 6, Iteration:    80 loss: 1.204
Epoch: 6, Iteration:   100 loss: 1.209
Epoch: 6, Iteration:   120 loss: 1.199
Epoch: 6, Iteration:   140 loss: 1.304
Epoch: 6, Iteration:   160 loss: 1.231
Epoch: 6, Iteration:   180 loss: 1.139
Epoch: 6, Iteration:   200 loss: 1.185
Epoch: 6, Iteration:   220 loss: 1.230
Epoch: 6, Iteration:   240 loss: 1.217
Epoch: 6, Iteration:   260 loss: 1.163
Epoch: 6, Iteration:   280 loss: 1.159
Epoch: 6, Iteration:   300 loss: 1.159
Epoch: 6, Iteration:   320 loss: 1.156
Epoch: 6, Iteration:   340 loss: 1.247
Epoch: 6, Iteration:   360 loss: 1.252
Epoch: 6, Iteration:   380 loss: 1.182
Epoch: 6, Iteration:   400 loss: 1.182
Epoch: 6, Iteration:   420 loss: 1.146
Epoch: 6, Iteration:   440 loss: 1.188
Epoch: 6, Iteration:   460 loss: 1.223
Epoch: 6, Iteration:   480 loss: 1.165
Epoch: 6, Iteration:   500 loss: 1.206
Epoch: 6, Iteration:   520 loss: 1.163
Epoch: 6, Iteration:   540 loss: 1.116
Epoch: 6, Iteration:   560 loss: 1.162
Epoch: 6, Iteration:   580 loss: 1.183
Epoch: 6, Iteration:   600 loss: 1.170
Epoch: 6, Iteration:   620 loss: 1.189
Epoch: 6, Iteration:   640 loss: 1.188
Epoch: 6, Iteration:   660 loss: 1.143
Epoch: 6, Iteration:   680 loss: 1.124
Epoch: 6, Iteration:   700 loss: 1.079
Epoch: 6, Iteration:   720 loss: 1.169
Epoch: 6, Iteration:   740 loss: 1.164
Epoch: 6, Iteration:   760 loss: 1.083
Epoch: 6, Iteration:   780 loss: 1.124
Loss: 1.336
Accuracy of the network on the 10000 test images: 51 %
Accuracy of plane : 85 %
Accuracy of   car : 74 %
Accuracy of  bird : 31 %
Accuracy of   cat : 42 %
Accuracy of  deer : 16 %
Accuracy of   dog : 52 %
Accuracy of  frog : 39 %
Accuracy of horse : 81 %
Accuracy of  ship : 37 %
Accuracy of truck : 62 %
Epoch     6: reducing learning rate of group 0 to 1.0000e-02.
Epoch: 7, Iteration:     0 loss: 0.060
Epoch: 7, Iteration:    20 loss: 1.291
Epoch: 7, Iteration:    40 loss: 1.127
Epoch: 7, Iteration:    60 loss: 0.935
Epoch: 7, Iteration:    80 loss: 0.923
Epoch: 7, Iteration:   100 loss: 0.917
Epoch: 7, Iteration:   120 loss: 0.916
Epoch: 7, Iteration:   140 loss: 0.835
Epoch: 7, Iteration:   160 loss: 0.850
Epoch: 7, Iteration:   180 loss: 0.871
Epoch: 7, Iteration:   200 loss: 0.861
Epoch: 7, Iteration:   220 loss: 0.843
Epoch: 7, Iteration:   240 loss: 0.877
Epoch: 7, Iteration:   260 loss: 0.817
Epoch: 7, Iteration:   280 loss: 0.832
Epoch: 7, Iteration:   300 loss: 0.775
Epoch: 7, Iteration:   320 loss: 0.830
Epoch: 7, Iteration:   340 loss: 0.795
Epoch: 7, Iteration:   360 loss: 0.794
Epoch: 7, Iteration:   380 loss: 0.789
Epoch: 7, Iteration:   400 loss: 0.860
Epoch: 7, Iteration:   420 loss: 0.790
Epoch: 7, Iteration:   440 loss: 0.781
Epoch: 7, Iteration:   460 loss: 0.812
Epoch: 7, Iteration:   480 loss: 0.759
Epoch: 7, Iteration:   500 loss: 0.742
Epoch: 7, Iteration:   520 loss: 0.832
Epoch: 7, Iteration:   540 loss: 0.815
Epoch: 7, Iteration:   560 loss: 0.809
Epoch: 7, Iteration:   580 loss: 0.747
Epoch: 7, Iteration:   600 loss: 0.819
Epoch: 7, Iteration:   620 loss: 0.794
Epoch: 7, Iteration:   640 loss: 0.800
Epoch: 7, Iteration:   660 loss: 0.793
Epoch: 7, Iteration:   680 loss: 0.732
Epoch: 7, Iteration:   700 loss: 0.779
Epoch: 7, Iteration:   720 loss: 0.771
Epoch: 7, Iteration:   740 loss: 0.736
Epoch: 7, Iteration:   760 loss: 0.801
Epoch: 7, Iteration:   780 loss: 0.774
Loss: 1.079
Accuracy of the network on the 10000 test images: 61 %
Accuracy of plane : 73 %
Accuracy of   car : 74 %
Accuracy of  bird : 55 %
Accuracy of   cat : 49 %
Accuracy of  deer : 41 %
Accuracy of   dog : 49 %
Accuracy of  frog : 75 %
Accuracy of horse : 62 %
Accuracy of  ship : 72 %
Accuracy of truck : 69 %
Epoch: 8, Iteration:     0 loss: 0.044
Epoch: 8, Iteration:    20 loss: 0.751
Epoch: 8, Iteration:    40 loss: 0.745
Epoch: 8, Iteration:    60 loss: 0.745
Epoch: 8, Iteration:    80 loss: 0.722
Epoch: 8, Iteration:   100 loss: 0.756
Epoch: 8, Iteration:   120 loss: 0.757
Epoch: 8, Iteration:   140 loss: 0.721
Epoch: 8, Iteration:   160 loss: 0.725
Epoch: 8, Iteration:   180 loss: 0.721
Epoch: 8, Iteration:   200 loss: 0.747
Epoch: 8, Iteration:   220 loss: 0.699
Epoch: 8, Iteration:   240 loss: 0.684
Epoch: 8, Iteration:   260 loss: 0.665
Epoch: 8, Iteration:   280 loss: 0.731
Epoch: 8, Iteration:   300 loss: 0.703
Epoch: 8, Iteration:   320 loss: 0.717
Epoch: 8, Iteration:   340 loss: 0.727
Epoch: 8, Iteration:   360 loss: 0.743
Epoch: 8, Iteration:   380 loss: 0.775
Epoch: 8, Iteration:   400 loss: 0.648
Epoch: 8, Iteration:   420 loss: 0.720
Epoch: 8, Iteration:   440 loss: 0.750
Epoch: 8, Iteration:   460 loss: 0.739
Epoch: 8, Iteration:   480 loss: 0.716
Epoch: 8, Iteration:   500 loss: 0.643
Epoch: 8, Iteration:   520 loss: 0.721
Epoch: 8, Iteration:   540 loss: 0.663
Epoch: 8, Iteration:   560 loss: 0.756
Epoch: 8, Iteration:   580 loss: 0.748
Epoch: 8, Iteration:   600 loss: 0.704
Epoch: 8, Iteration:   620 loss: 0.687
Epoch: 8, Iteration:   640 loss: 0.666
Epoch: 8, Iteration:   660 loss: 0.666
Epoch: 8, Iteration:   680 loss: 0.701
Epoch: 8, Iteration:   700 loss: 0.717
Epoch: 8, Iteration:   720 loss: 0.741
Epoch: 8, Iteration:   740 loss: 0.727
Epoch: 8, Iteration:   760 loss: 0.694
Epoch: 8, Iteration:   780 loss: 0.720
Loss: 1.085
Accuracy of the network on the 10000 test images: 64 %
Accuracy of plane : 75 %
Accuracy of   car : 78 %
Accuracy of  bird : 60 %
Accuracy of   cat : 45 %
Accuracy of  deer : 49 %
Accuracy of   dog : 55 %
Accuracy of  frog : 76 %
Accuracy of horse : 62 %
Accuracy of  ship : 79 %
Accuracy of truck : 65 %
Epoch: 9, Iteration:     0 loss: 0.040
Epoch: 9, Iteration:    20 loss: 0.636
Epoch: 9, Iteration:    40 loss: 0.729
Epoch: 9, Iteration:    60 loss: 0.639
Epoch: 9, Iteration:    80 loss: 0.625
Epoch: 9, Iteration:   100 loss: 0.628
Epoch: 9, Iteration:   120 loss: 0.583
Epoch: 9, Iteration:   140 loss: 0.628
Epoch: 9, Iteration:   160 loss: 0.652
Epoch: 9, Iteration:   180 loss: 0.638
Epoch: 9, Iteration:   200 loss: 0.678
Epoch: 9, Iteration:   220 loss: 0.656
Epoch: 9, Iteration:   240 loss: 0.687
Epoch: 9, Iteration:   260 loss: 0.580
Epoch: 9, Iteration:   280 loss: 0.670
Epoch: 9, Iteration:   300 loss: 0.636
Epoch: 9, Iteration:   320 loss: 0.675
Epoch: 9, Iteration:   340 loss: 0.633
Epoch: 9, Iteration:   360 loss: 0.650
Epoch: 9, Iteration:   380 loss: 0.649
Epoch: 9, Iteration:   400 loss: 0.636
Epoch: 9, Iteration:   420 loss: 0.658
Epoch: 9, Iteration:   440 loss: 0.612
Epoch: 9, Iteration:   460 loss: 0.643
Epoch: 9, Iteration:   480 loss: 0.622
Epoch: 9, Iteration:   500 loss: 0.631
Epoch: 9, Iteration:   520 loss: 0.616
Epoch: 9, Iteration:   540 loss: 0.618
Epoch: 9, Iteration:   560 loss: 0.656
Epoch: 9, Iteration:   580 loss: 0.623
Epoch: 9, Iteration:   600 loss: 0.670
Epoch: 9, Iteration:   620 loss: 0.627
Epoch: 9, Iteration:   640 loss: 0.613
Epoch: 9, Iteration:   660 loss: 0.613
Epoch: 9, Iteration:   680 loss: 0.577
Epoch: 9, Iteration:   700 loss: 0.695
Epoch: 9, Iteration:   720 loss: 0.625
Epoch: 9, Iteration:   740 loss: 0.662
Epoch: 9, Iteration:   760 loss: 0.679
Epoch: 9, Iteration:   780 loss: 0.627
Loss: 1.094
Accuracy of the network on the 10000 test images: 62 %
Accuracy of plane : 73 %
Accuracy of   car : 74 %
Accuracy of  bird : 50 %
Accuracy of   cat : 49 %
Accuracy of  deer : 50 %
Accuracy of   dog : 52 %
Accuracy of  frog : 71 %
Accuracy of horse : 64 %
Accuracy of  ship : 79 %
Accuracy of truck : 64 %
Epoch     9: reducing learning rate of group 0 to 1.0000e-03.
Epoch: 10, Iteration:     0 loss: 0.030
Epoch: 10, Iteration:    20 loss: 0.587
Epoch: 10, Iteration:    40 loss: 0.563
Epoch: 10, Iteration:    60 loss: 0.563
Epoch: 10, Iteration:    80 loss: 0.593
Epoch: 10, Iteration:   100 loss: 0.597
Epoch: 10, Iteration:   120 loss: 0.568
Epoch: 10, Iteration:   140 loss: 0.597
Epoch: 10, Iteration:   160 loss: 0.559
Epoch: 10, Iteration:   180 loss: 0.564
Epoch: 10, Iteration:   200 loss: 0.614
Epoch: 10, Iteration:   220 loss: 0.579
Epoch: 10, Iteration:   240 loss: 0.577
Epoch: 10, Iteration:   260 loss: 0.553
Epoch: 10, Iteration:   280 loss: 0.574
Epoch: 10, Iteration:   300 loss: 0.544
Epoch: 10, Iteration:   320 loss: 0.592
Epoch: 10, Iteration:   340 loss: 0.525
Epoch: 10, Iteration:   360 loss: 0.556
Epoch: 10, Iteration:   380 loss: 0.608
Epoch: 10, Iteration:   400 loss: 0.581
Epoch: 10, Iteration:   420 loss: 0.549
Epoch: 10, Iteration:   440 loss: 0.525
Epoch: 10, Iteration:   460 loss: 0.606
Epoch: 10, Iteration:   480 loss: 0.577
Epoch: 10, Iteration:   500 loss: 0.534
Epoch: 10, Iteration:   520 loss: 0.616
Epoch: 10, Iteration:   540 loss: 0.554
Epoch: 10, Iteration:   560 loss: 0.600
Epoch: 10, Iteration:   580 loss: 0.542
Epoch: 10, Iteration:   600 loss: 0.596
Epoch: 10, Iteration:   620 loss: 0.599
Epoch: 10, Iteration:   640 loss: 0.563
Epoch: 10, Iteration:   660 loss: 0.566
Epoch: 10, Iteration:   680 loss: 0.590
Epoch: 10, Iteration:   700 loss: 0.558
Epoch: 10, Iteration:   720 loss: 0.565
Epoch: 10, Iteration:   740 loss: 0.592
Epoch: 10, Iteration:   760 loss: 0.645
Epoch: 10, Iteration:   780 loss: 0.546
Loss: 1.101
Accuracy of the network on the 10000 test images: 63 %
Accuracy of plane : 75 %
Accuracy of   car : 76 %
Accuracy of  bird : 55 %
Accuracy of   cat : 49 %
Accuracy of  deer : 49 %
Accuracy of   dog : 52 %
Accuracy of  frog : 73 %
Accuracy of horse : 60 %
Accuracy of  ship : 81 %
Accuracy of truck : 65 %
Epoch: 11, Iteration:     0 loss: 0.032
Epoch: 11, Iteration:    20 loss: 0.578
Epoch: 11, Iteration:    40 loss: 0.523
Epoch: 11, Iteration:    60 loss: 0.597
Epoch: 11, Iteration:    80 loss: 0.560
Epoch: 11, Iteration:   100 loss: 0.592
Epoch: 11, Iteration:   120 loss: 0.547
Epoch: 11, Iteration:   140 loss: 0.552
Epoch: 11, Iteration:   160 loss: 0.574
Epoch: 11, Iteration:   180 loss: 0.564
Epoch: 11, Iteration:   200 loss: 0.558
Epoch: 11, Iteration:   220 loss: 0.610
Epoch: 11, Iteration:   240 loss: 0.515
Epoch: 11, Iteration:   260 loss: 0.570
Epoch: 11, Iteration:   280 loss: 0.595
Epoch: 11, Iteration:   300 loss: 0.539
Epoch: 11, Iteration:   320 loss: 0.533
Epoch: 11, Iteration:   340 loss: 0.607
Epoch: 11, Iteration:   360 loss: 0.536
Epoch: 11, Iteration:   380 loss: 0.536
Epoch: 11, Iteration:   400 loss: 0.561
Epoch: 11, Iteration:   420 loss: 0.545
Epoch: 11, Iteration:   440 loss: 0.557
Epoch: 11, Iteration:   460 loss: 0.559
Epoch: 11, Iteration:   480 loss: 0.583
Epoch: 11, Iteration:   500 loss: 0.563
Epoch: 11, Iteration:   520 loss: 0.545
Epoch: 11, Iteration:   540 loss: 0.553
Epoch: 11, Iteration:   560 loss: 0.608
Epoch: 11, Iteration:   580 loss: 0.574
Epoch: 11, Iteration:   600 loss: 0.577
Epoch: 11, Iteration:   620 loss: 0.588
Epoch: 11, Iteration:   640 loss: 0.565
Epoch: 11, Iteration:   660 loss: 0.565
Epoch: 11, Iteration:   680 loss: 0.566
Epoch: 11, Iteration:   700 loss: 0.554
Epoch: 11, Iteration:   720 loss: 0.547
Epoch: 11, Iteration:   740 loss: 0.583
Epoch: 11, Iteration:   760 loss: 0.541
Epoch: 11, Iteration:   780 loss: 0.539
Loss: 1.107
Accuracy of the network on the 10000 test images: 63 %
Accuracy of plane : 75 %
Accuracy of   car : 76 %
Accuracy of  bird : 55 %
Accuracy of   cat : 49 %
Accuracy of  deer : 50 %
Accuracy of   dog : 55 %
Accuracy of  frog : 73 %
Accuracy of horse : 60 %
Accuracy of  ship : 81 %
Accuracy of truck : 65 %
Epoch    11: reducing learning rate of group 0 to 1.0000e-04.
Epoch: 12, Iteration:     0 loss: 0.023
Epoch: 12, Iteration:    20 loss: 0.578
Epoch: 12, Iteration:    40 loss: 0.558
Epoch: 12, Iteration:    60 loss: 0.571
Epoch: 12, Iteration:    80 loss: 0.551
Epoch: 12, Iteration:   100 loss: 0.583
Epoch: 12, Iteration:   120 loss: 0.565
Epoch: 12, Iteration:   140 loss: 0.584
Epoch: 12, Iteration:   160 loss: 0.549
Epoch: 12, Iteration:   180 loss: 0.618
Epoch: 12, Iteration:   200 loss: 0.569
Epoch: 12, Iteration:   220 loss: 0.553
Epoch: 12, Iteration:   240 loss: 0.539
Epoch: 12, Iteration:   260 loss: 0.554
Epoch: 12, Iteration:   280 loss: 0.538
Epoch: 12, Iteration:   300 loss: 0.535
Epoch: 12, Iteration:   320 loss: 0.573
Epoch: 12, Iteration:   340 loss: 0.531
Epoch: 12, Iteration:   360 loss: 0.571
Epoch: 12, Iteration:   380 loss: 0.542
Epoch: 12, Iteration:   400 loss: 0.545
Epoch: 12, Iteration:   420 loss: 0.518
Epoch: 12, Iteration:   440 loss: 0.579
Epoch: 12, Iteration:   460 loss: 0.532
Epoch: 12, Iteration:   480 loss: 0.520
Epoch: 12, Iteration:   500 loss: 0.534
Epoch: 12, Iteration:   520 loss: 0.541
Epoch: 12, Iteration:   540 loss: 0.554
Epoch: 12, Iteration:   560 loss: 0.564
Epoch: 12, Iteration:   580 loss: 0.550
Epoch: 12, Iteration:   600 loss: 0.544
Epoch: 12, Iteration:   620 loss: 0.529
Epoch: 12, Iteration:   640 loss: 0.535
Epoch: 12, Iteration:   660 loss: 0.565
Epoch: 12, Iteration:   680 loss: 0.582
Epoch: 12, Iteration:   700 loss: 0.584
Epoch: 12, Iteration:   720 loss: 0.542
Epoch: 12, Iteration:   740 loss: 0.596
Epoch: 12, Iteration:   760 loss: 0.537
Epoch: 12, Iteration:   780 loss: 0.532
Loss: 1.108
Accuracy of the network on the 10000 test images: 63 %
Accuracy of plane : 75 %
Accuracy of   car : 76 %
Accuracy of  bird : 55 %
Accuracy of   cat : 49 %
Accuracy of  deer : 50 %
Accuracy of   dog : 54 %
Accuracy of  frog : 73 %
Accuracy of horse : 60 %
Accuracy of  ship : 81 %
Accuracy of truck : 65 %
Epoch: 13, Iteration:     0 loss: 0.019
Epoch: 13, Iteration:    20 loss: 0.547
Epoch: 13, Iteration:    40 loss: 0.577
Epoch: 13, Iteration:    60 loss: 0.551
Epoch: 13, Iteration:    80 loss: 0.570
Epoch: 13, Iteration:   100 loss: 0.547
Epoch: 13, Iteration:   120 loss: 0.516
Epoch: 13, Iteration:   140 loss: 0.553
Epoch: 13, Iteration:   160 loss: 0.547
Epoch: 13, Iteration:   180 loss: 0.538
Epoch: 13, Iteration:   200 loss: 0.550
Epoch: 13, Iteration:   220 loss: 0.557
Epoch: 13, Iteration:   240 loss: 0.533
Epoch: 13, Iteration:   260 loss: 0.555
Epoch: 13, Iteration:   280 loss: 0.543
Epoch: 13, Iteration:   300 loss: 0.578
Epoch: 13, Iteration:   320 loss: 0.565
Epoch: 13, Iteration:   340 loss: 0.560
Epoch: 13, Iteration:   360 loss: 0.531
Epoch: 13, Iteration:   380 loss: 0.560
Epoch: 13, Iteration:   400 loss: 0.548
Epoch: 13, Iteration:   420 loss: 0.552
Epoch: 13, Iteration:   440 loss: 0.560
Epoch: 13, Iteration:   460 loss: 0.571
Epoch: 13, Iteration:   480 loss: 0.524
Epoch: 13, Iteration:   500 loss: 0.554
Epoch: 13, Iteration:   520 loss: 0.512
Epoch: 13, Iteration:   540 loss: 0.550
Epoch: 13, Iteration:   560 loss: 0.587
Epoch: 13, Iteration:   580 loss: 0.567
Epoch: 13, Iteration:   600 loss: 0.554
Epoch: 13, Iteration:   620 loss: 0.539
Epoch: 13, Iteration:   640 loss: 0.594
Epoch: 13, Iteration:   660 loss: 0.562
Epoch: 13, Iteration:   680 loss: 0.539
Epoch: 13, Iteration:   700 loss: 0.529
Epoch: 13, Iteration:   720 loss: 0.597
Epoch: 13, Iteration:   740 loss: 0.577
Epoch: 13, Iteration:   760 loss: 0.569
Epoch: 13, Iteration:   780 loss: 0.554
Loss: 1.108
Accuracy of the network on the 10000 test images: 63 %
Accuracy of plane : 75 %
Accuracy of   car : 76 %
Accuracy of  bird : 55 %
Accuracy of   cat : 49 %
Accuracy of  deer : 50 %
Accuracy of   dog : 54 %
Accuracy of  frog : 73 %
Accuracy of horse : 60 %
Accuracy of  ship : 81 %
Accuracy of truck : 65 %
Epoch    13: reducing learning rate of group 0 to 1.0000e-05.
Epoch: 14, Iteration:     0 loss: 0.036
Epoch: 14, Iteration:    20 loss: 0.511
Epoch: 14, Iteration:    40 loss: 0.577
Epoch: 14, Iteration:    60 loss: 0.588
Epoch: 14, Iteration:    80 loss: 0.582
Epoch: 14, Iteration:   100 loss: 0.573
Epoch: 14, Iteration:   120 loss: 0.560
Epoch: 14, Iteration:   140 loss: 0.539
Epoch: 14, Iteration:   160 loss: 0.528
Epoch: 14, Iteration:   180 loss: 0.572
Epoch: 14, Iteration:   200 loss: 0.580
Epoch: 14, Iteration:   220 loss: 0.518
Epoch: 14, Iteration:   240 loss: 0.568
Epoch: 14, Iteration:   260 loss: 0.546
Epoch: 14, Iteration:   280 loss: 0.564
Epoch: 14, Iteration:   300 loss: 0.545
Epoch: 14, Iteration:   320 loss: 0.531
Epoch: 14, Iteration:   340 loss: 0.544
Epoch: 14, Iteration:   360 loss: 0.608
Epoch: 14, Iteration:   380 loss: 0.549
Epoch: 14, Iteration:   400 loss: 0.549
Epoch: 14, Iteration:   420 loss: 0.504
Epoch: 14, Iteration:   440 loss: 0.537
Epoch: 14, Iteration:   460 loss: 0.538
Epoch: 14, Iteration:   480 loss: 0.544
Epoch: 14, Iteration:   500 loss: 0.561
Epoch: 14, Iteration:   520 loss: 0.585
Epoch: 14, Iteration:   540 loss: 0.586
Epoch: 14, Iteration:   560 loss: 0.519
Epoch: 14, Iteration:   580 loss: 0.610
Epoch: 14, Iteration:   600 loss: 0.550
Epoch: 14, Iteration:   620 loss: 0.534
Epoch: 14, Iteration:   640 loss: 0.529
Epoch: 14, Iteration:   660 loss: 0.570
Epoch: 14, Iteration:   680 loss: 0.497
Epoch: 14, Iteration:   700 loss: 0.555
Epoch: 14, Iteration:   720 loss: 0.525
Epoch: 14, Iteration:   740 loss: 0.589
Epoch: 14, Iteration:   760 loss: 0.573
Epoch: 14, Iteration:   780 loss: 0.524
Loss: 1.108
Accuracy of the network on the 10000 test images: 63 %
Accuracy of plane : 75 %
Accuracy of   car : 76 %
Accuracy of  bird : 55 %
Accuracy of   cat : 49 %
Accuracy of  deer : 50 %
Accuracy of   dog : 54 %
Accuracy of  frog : 73 %
Accuracy of horse : 60 %
Accuracy of  ship : 81 %
Accuracy of truck : 65 %
Epoch: 15, Iteration:     0 loss: 0.027
Epoch: 15, Iteration:    20 loss: 0.528
Epoch: 15, Iteration:    40 loss: 0.561
Epoch: 15, Iteration:    60 loss: 0.546
Epoch: 15, Iteration:    80 loss: 0.553
Epoch: 15, Iteration:   100 loss: 0.569
Epoch: 15, Iteration:   120 loss: 0.590
Epoch: 15, Iteration:   140 loss: 0.538
Epoch: 15, Iteration:   160 loss: 0.516
Epoch: 15, Iteration:   180 loss: 0.569
Epoch: 15, Iteration:   200 loss: 0.531
Epoch: 15, Iteration:   220 loss: 0.565
Epoch: 15, Iteration:   240 loss: 0.559
Epoch: 15, Iteration:   260 loss: 0.552
Epoch: 15, Iteration:   280 loss: 0.506
Epoch: 15, Iteration:   300 loss: 0.564
Epoch: 15, Iteration:   320 loss: 0.529
Epoch: 15, Iteration:   340 loss: 0.527
Epoch: 15, Iteration:   360 loss: 0.575
Epoch: 15, Iteration:   380 loss: 0.543
Epoch: 15, Iteration:   400 loss: 0.513
Epoch: 15, Iteration:   420 loss: 0.583
Epoch: 15, Iteration:   440 loss: 0.552
Epoch: 15, Iteration:   460 loss: 0.540
Epoch: 15, Iteration:   480 loss: 0.563
Epoch: 15, Iteration:   500 loss: 0.534
Epoch: 15, Iteration:   520 loss: 0.544
Epoch: 15, Iteration:   540 loss: 0.544
Epoch: 15, Iteration:   560 loss: 0.568
Epoch: 15, Iteration:   580 loss: 0.563
Epoch: 15, Iteration:   600 loss: 0.587
Epoch: 15, Iteration:   620 loss: 0.530
Epoch: 15, Iteration:   640 loss: 0.563
Epoch: 15, Iteration:   660 loss: 0.573
Epoch: 15, Iteration:   680 loss: 0.560
Epoch: 15, Iteration:   700 loss: 0.536
Epoch: 15, Iteration:   720 loss: 0.552
Epoch: 15, Iteration:   740 loss: 0.570
Epoch: 15, Iteration:   760 loss: 0.588
Epoch: 15, Iteration:   780 loss: 0.578
Loss: 1.108
Accuracy of the network on the 10000 test images: 63 %
Accuracy of plane : 75 %
Accuracy of   car : 76 %
Accuracy of  bird : 55 %
Accuracy of   cat : 49 %
Accuracy of  deer : 50 %
Accuracy of   dog : 54 %
Accuracy of  frog : 73 %
Accuracy of horse : 60 %
Accuracy of  ship : 81 %
Accuracy of truck : 65 %
Epoch    15: reducing learning rate of group 0 to 1.0000e-06.
Epoch: 16, Iteration:     0 loss: 0.027
Epoch: 16, Iteration:    20 loss: 0.584
Epoch: 16, Iteration:    40 loss: 0.580
Epoch: 16, Iteration:    60 loss: 0.542
Epoch: 16, Iteration:    80 loss: 0.563
Epoch: 16, Iteration:   100 loss: 0.535
Epoch: 16, Iteration:   120 loss: 0.544
Epoch: 16, Iteration:   140 loss: 0.534
Epoch: 16, Iteration:   160 loss: 0.564
Epoch: 16, Iteration:   180 loss: 0.556
Epoch: 16, Iteration:   200 loss: 0.554
Epoch: 16, Iteration:   220 loss: 0.540
Epoch: 16, Iteration:   240 loss: 0.532
Epoch: 16, Iteration:   260 loss: 0.564
Epoch: 16, Iteration:   280 loss: 0.566
Epoch: 16, Iteration:   300 loss: 0.508
Epoch: 16, Iteration:   320 loss: 0.544
Epoch: 16, Iteration:   340 loss: 0.561
Epoch: 16, Iteration:   360 loss: 0.536
Epoch: 16, Iteration:   380 loss: 0.560
Epoch: 16, Iteration:   400 loss: 0.579
Epoch: 16, Iteration:   420 loss: 0.510
Epoch: 16, Iteration:   440 loss: 0.549
Epoch: 16, Iteration:   460 loss: 0.575
Epoch: 16, Iteration:   480 loss: 0.562
Epoch: 16, Iteration:   500 loss: 0.584
Epoch: 16, Iteration:   520 loss: 0.520
Epoch: 16, Iteration:   540 loss: 0.566
Epoch: 16, Iteration:   560 loss: 0.587
Epoch: 16, Iteration:   580 loss: 0.543
Epoch: 16, Iteration:   600 loss: 0.518
Epoch: 16, Iteration:   620 loss: 0.533
Epoch: 16, Iteration:   640 loss: 0.555
Epoch: 16, Iteration:   660 loss: 0.562
Epoch: 16, Iteration:   680 loss: 0.537
Epoch: 16, Iteration:   700 loss: 0.553
Epoch: 16, Iteration:   720 loss: 0.558
Epoch: 16, Iteration:   740 loss: 0.564
Epoch: 16, Iteration:   760 loss: 0.548
Epoch: 16, Iteration:   780 loss: 0.597
Loss: 1.108
Accuracy of the network on the 10000 test images: 63 %
Accuracy of plane : 75 %
Accuracy of   car : 76 %
Accuracy of  bird : 55 %
Accuracy of   cat : 49 %
Accuracy of  deer : 50 %
Accuracy of   dog : 54 %
Accuracy of  frog : 73 %
Accuracy of horse : 60 %
Accuracy of  ship : 81 %
Accuracy of truck : 65 %
Epoch: 17, Iteration:     0 loss: 0.020
Epoch: 17, Iteration:    20 loss: 0.555
Epoch: 17, Iteration:    40 loss: 0.559
Epoch: 17, Iteration:    60 loss: 0.551
Epoch: 17, Iteration:    80 loss: 0.581
Epoch: 17, Iteration:   100 loss: 0.522
Epoch: 17, Iteration:   120 loss: 0.559
Epoch: 17, Iteration:   140 loss: 0.555
Epoch: 17, Iteration:   160 loss: 0.549
Epoch: 17, Iteration:   180 loss: 0.560
Epoch: 17, Iteration:   200 loss: 0.561
Epoch: 17, Iteration:   220 loss: 0.536
Epoch: 17, Iteration:   240 loss: 0.541
Epoch: 17, Iteration:   260 loss: 0.553
Epoch: 17, Iteration:   280 loss: 0.508
Epoch: 17, Iteration:   300 loss: 0.519
Epoch: 17, Iteration:   320 loss: 0.547
Epoch: 17, Iteration:   340 loss: 0.536
Epoch: 17, Iteration:   360 loss: 0.550
Epoch: 17, Iteration:   380 loss: 0.547
Epoch: 17, Iteration:   400 loss: 0.540
Epoch: 17, Iteration:   420 loss: 0.570
Epoch: 17, Iteration:   440 loss: 0.541
Epoch: 17, Iteration:   460 loss: 0.573
Epoch: 17, Iteration:   480 loss: 0.556
Epoch: 17, Iteration:   500 loss: 0.519
Epoch: 17, Iteration:   520 loss: 0.588
Epoch: 17, Iteration:   540 loss: 0.527
Epoch: 17, Iteration:   560 loss: 0.544
Epoch: 17, Iteration:   580 loss: 0.533
Epoch: 17, Iteration:   600 loss: 0.587
Epoch: 17, Iteration:   620 loss: 0.583
Epoch: 17, Iteration:   640 loss: 0.576
Epoch: 17, Iteration:   660 loss: 0.551
Epoch: 17, Iteration:   680 loss: 0.584
Epoch: 17, Iteration:   700 loss: 0.548
Epoch: 17, Iteration:   720 loss: 0.567
Epoch: 17, Iteration:   740 loss: 0.563
Epoch: 17, Iteration:   760 loss: 0.576
Epoch: 17, Iteration:   780 loss: 0.559
Loss: 1.108
Accuracy of the network on the 10000 test images: 63 %
Accuracy of plane : 75 %
Accuracy of   car : 76 %
Accuracy of  bird : 55 %
Accuracy of   cat : 49 %
Accuracy of  deer : 50 %
Accuracy of   dog : 54 %
Accuracy of  frog : 73 %
Accuracy of horse : 60 %
Accuracy of  ship : 81 %
Accuracy of truck : 65 %
Epoch    17: reducing learning rate of group 0 to 1.0000e-07.
Epoch: 18, Iteration:     0 loss: 0.025
Epoch: 18, Iteration:    20 loss: 0.549
Epoch: 18, Iteration:    40 loss: 0.500
Epoch: 18, Iteration:    60 loss: 0.538
Epoch: 18, Iteration:    80 loss: 0.614
Epoch: 18, Iteration:   100 loss: 0.529
Epoch: 18, Iteration:   120 loss: 0.568
Epoch: 18, Iteration:   140 loss: 0.557
Epoch: 18, Iteration:   160 loss: 0.527
Epoch: 18, Iteration:   180 loss: 0.588
Epoch: 18, Iteration:   200 loss: 0.548
Epoch: 18, Iteration:   220 loss: 0.571
Epoch: 18, Iteration:   240 loss: 0.523
Epoch: 18, Iteration:   260 loss: 0.592
Epoch: 18, Iteration:   280 loss: 0.565
Epoch: 18, Iteration:   300 loss: 0.526
Epoch: 18, Iteration:   320 loss: 0.574
Epoch: 18, Iteration:   340 loss: 0.524
Epoch: 18, Iteration:   360 loss: 0.555
Epoch: 18, Iteration:   380 loss: 0.567
Epoch: 18, Iteration:   400 loss: 0.550
Epoch: 18, Iteration:   420 loss: 0.529
Epoch: 18, Iteration:   440 loss: 0.544
Epoch: 18, Iteration:   460 loss: 0.568
Epoch: 18, Iteration:   480 loss: 0.547
Epoch: 18, Iteration:   500 loss: 0.554
Epoch: 18, Iteration:   520 loss: 0.554
Epoch: 18, Iteration:   540 loss: 0.536
Epoch: 18, Iteration:   560 loss: 0.574
Epoch: 18, Iteration:   580 loss: 0.579
Epoch: 18, Iteration:   600 loss: 0.559
Epoch: 18, Iteration:   620 loss: 0.537
Epoch: 18, Iteration:   640 loss: 0.545
Epoch: 18, Iteration:   660 loss: 0.565
Epoch: 18, Iteration:   680 loss: 0.538
Epoch: 18, Iteration:   700 loss: 0.571
Epoch: 18, Iteration:   720 loss: 0.550
Epoch: 18, Iteration:   740 loss: 0.578
Epoch: 18, Iteration:   760 loss: 0.511
Epoch: 18, Iteration:   780 loss: 0.564
Loss: 1.108
Accuracy of the network on the 10000 test images: 63 %
Accuracy of plane : 75 %
Accuracy of   car : 76 %
Accuracy of  bird : 55 %
Accuracy of   cat : 49 %
Accuracy of  deer : 50 %
Accuracy of   dog : 54 %
Accuracy of  frog : 73 %
Accuracy of horse : 60 %
Accuracy of  ship : 81 %
Accuracy of truck : 65 %
Epoch: 19, Iteration:     0 loss: 0.021
Epoch: 19, Iteration:    20 loss: 0.527
Epoch: 19, Iteration:    40 loss: 0.558
Epoch: 19, Iteration:    60 loss: 0.578
Epoch: 19, Iteration:    80 loss: 0.566
Epoch: 19, Iteration:   100 loss: 0.556
Epoch: 19, Iteration:   120 loss: 0.500
Epoch: 19, Iteration:   140 loss: 0.564
Epoch: 19, Iteration:   160 loss: 0.561
Epoch: 19, Iteration:   180 loss: 0.567
Epoch: 19, Iteration:   200 loss: 0.569
Epoch: 19, Iteration:   220 loss: 0.549
Epoch: 19, Iteration:   240 loss: 0.508
Epoch: 19, Iteration:   260 loss: 0.564
Epoch: 19, Iteration:   280 loss: 0.587
Epoch: 19, Iteration:   300 loss: 0.544
Epoch: 19, Iteration:   320 loss: 0.548
Epoch: 19, Iteration:   340 loss: 0.538
Epoch: 19, Iteration:   360 loss: 0.525
Epoch: 19, Iteration:   380 loss: 0.525
Epoch: 19, Iteration:   400 loss: 0.606
Epoch: 19, Iteration:   420 loss: 0.530
Epoch: 19, Iteration:   440 loss: 0.548
Epoch: 19, Iteration:   460 loss: 0.510
Epoch: 19, Iteration:   480 loss: 0.533
Epoch: 19, Iteration:   500 loss: 0.560
Epoch: 19, Iteration:   520 loss: 0.590
Epoch: 19, Iteration:   540 loss: 0.642
Epoch: 19, Iteration:   560 loss: 0.516
Epoch: 19, Iteration:   580 loss: 0.567
Epoch: 19, Iteration:   600 loss: 0.566
Epoch: 19, Iteration:   620 loss: 0.548
Epoch: 19, Iteration:   640 loss: 0.564
Epoch: 19, Iteration:   660 loss: 0.535
Epoch: 19, Iteration:   680 loss: 0.533
Epoch: 19, Iteration:   700 loss: 0.544
Epoch: 19, Iteration:   720 loss: 0.581
Epoch: 19, Iteration:   740 loss: 0.561
Epoch: 19, Iteration:   760 loss: 0.548
Epoch: 19, Iteration:   780 loss: 0.551
Loss: 1.108
Accuracy of the network on the 10000 test images: 63 %
Accuracy of plane : 75 %
Accuracy of   car : 76 %
Accuracy of  bird : 55 %
Accuracy of   cat : 49 %
Accuracy of  deer : 50 %
Accuracy of   dog : 54 %
Accuracy of  frog : 73 %
Accuracy of horse : 60 %
Accuracy of  ship : 81 %
Accuracy of truck : 65 %
Epoch    19: reducing learning rate of group 0 to 1.0000e-08.
Epoch: 20, Iteration:     0 loss: 0.020
Epoch: 20, Iteration:    20 loss: 0.595
Epoch: 20, Iteration:    40 loss: 0.552
Epoch: 20, Iteration:    60 loss: 0.589
Epoch: 20, Iteration:    80 loss: 0.552
Epoch: 20, Iteration:   100 loss: 0.557
Epoch: 20, Iteration:   120 loss: 0.575
Epoch: 20, Iteration:   140 loss: 0.573
Epoch: 20, Iteration:   160 loss: 0.515
Epoch: 20, Iteration:   180 loss: 0.532
Epoch: 20, Iteration:   200 loss: 0.537
Epoch: 20, Iteration:   220 loss: 0.568
Epoch: 20, Iteration:   240 loss: 0.533
Epoch: 20, Iteration:   260 loss: 0.514
Epoch: 20, Iteration:   280 loss: 0.550
Epoch: 20, Iteration:   300 loss: 0.552
Epoch: 20, Iteration:   320 loss: 0.523
Epoch: 20, Iteration:   340 loss: 0.570
Epoch: 20, Iteration:   360 loss: 0.578
Epoch: 20, Iteration:   380 loss: 0.546
Epoch: 20, Iteration:   400 loss: 0.549
Epoch: 20, Iteration:   420 loss: 0.533
Epoch: 20, Iteration:   440 loss: 0.531
Epoch: 20, Iteration:   460 loss: 0.614
Epoch: 20, Iteration:   480 loss: 0.562
Epoch: 20, Iteration:   500 loss: 0.546
Epoch: 20, Iteration:   520 loss: 0.534
Epoch: 20, Iteration:   540 loss: 0.544
Epoch: 20, Iteration:   560 loss: 0.594
Epoch: 20, Iteration:   580 loss: 0.586
Epoch: 20, Iteration:   600 loss: 0.543
Epoch: 20, Iteration:   620 loss: 0.550
Epoch: 20, Iteration:   640 loss: 0.542
Epoch: 20, Iteration:   660 loss: 0.559
Epoch: 20, Iteration:   680 loss: 0.516
Epoch: 20, Iteration:   700 loss: 0.530
Epoch: 20, Iteration:   720 loss: 0.539
Epoch: 20, Iteration:   740 loss: 0.569
Epoch: 20, Iteration:   760 loss: 0.555
Epoch: 20, Iteration:   780 loss: 0.563
Loss: 1.108
Accuracy of the network on the 10000 test images: 63 %
Accuracy of plane : 75 %
Accuracy of   car : 76 %
Accuracy of  bird : 55 %
Accuracy of   cat : 49 %
Accuracy of  deer : 50 %
Accuracy of   dog : 54 %
Accuracy of  frog : 73 %
Accuracy of horse : 60 %
Accuracy of  ship : 81 %
Accuracy of truck : 65 %
Epoch: 21, Iteration:     0 loss: 0.021
Epoch: 21, Iteration:    20 loss: 0.524
Epoch: 21, Iteration:    40 loss: 0.557
Epoch: 21, Iteration:    60 loss: 0.582
Epoch: 21, Iteration:    80 loss: 0.508
Epoch: 21, Iteration:   100 loss: 0.559
Epoch: 21, Iteration:   120 loss: 0.535
Epoch: 21, Iteration:   140 loss: 0.565
Epoch: 21, Iteration:   160 loss: 0.546
Epoch: 21, Iteration:   180 loss: 0.554
Epoch: 21, Iteration:   200 loss: 0.548
Epoch: 21, Iteration:   220 loss: 0.536
Epoch: 21, Iteration:   240 loss: 0.528
Epoch: 21, Iteration:   260 loss: 0.541
Epoch: 21, Iteration:   280 loss: 0.559
Epoch: 21, Iteration:   300 loss: 0.594
Epoch: 21, Iteration:   320 loss: 0.563
Epoch: 21, Iteration:   340 loss: 0.574
Epoch: 21, Iteration:   360 loss: 0.565
Epoch: 21, Iteration:   380 loss: 0.550
Epoch: 21, Iteration:   400 loss: 0.520
Epoch: 21, Iteration:   420 loss: 0.519
Epoch: 21, Iteration:   440 loss: 0.543
Epoch: 21, Iteration:   460 loss: 0.565
Epoch: 21, Iteration:   480 loss: 0.508
Epoch: 21, Iteration:   500 loss: 0.605
Epoch: 21, Iteration:   520 loss: 0.583
Epoch: 21, Iteration:   540 loss: 0.578
Epoch: 21, Iteration:   560 loss: 0.563
Epoch: 21, Iteration:   580 loss: 0.606
Epoch: 21, Iteration:   600 loss: 0.518
Epoch: 21, Iteration:   620 loss: 0.510
Epoch: 21, Iteration:   640 loss: 0.554
Epoch: 21, Iteration:   660 loss: 0.557
Epoch: 21, Iteration:   680 loss: 0.538
Epoch: 21, Iteration:   700 loss: 0.588
Epoch: 21, Iteration:   720 loss: 0.563
Epoch: 21, Iteration:   740 loss: 0.570
Epoch: 21, Iteration:   760 loss: 0.541
Epoch: 21, Iteration:   780 loss: 0.548
Loss: 1.108
Accuracy of the network on the 10000 test images: 63 %
Accuracy of plane : 75 %
Accuracy of   car : 76 %
Accuracy of  bird : 55 %
Accuracy of   cat : 49 %
Accuracy of  deer : 50 %
Accuracy of   dog : 54 %
Accuracy of  frog : 73 %
Accuracy of horse : 60 %
Accuracy of  ship : 81 %
Accuracy of truck : 65 %
Epoch: 22, Iteration:     0 loss: 0.028
Epoch: 22, Iteration:    20 loss: 0.587
Epoch: 22, Iteration:    40 loss: 0.550
Epoch: 22, Iteration:    60 loss: 0.551
Epoch: 22, Iteration:    80 loss: 0.534
Epoch: 22, Iteration:   100 loss: 0.567
Epoch: 22, Iteration:   120 loss: 0.579
Epoch: 22, Iteration:   140 loss: 0.525
Epoch: 22, Iteration:   160 loss: 0.551
Epoch: 22, Iteration:   180 loss: 0.494
Epoch: 22, Iteration:   200 loss: 0.517
Epoch: 22, Iteration:   220 loss: 0.555
Epoch: 22, Iteration:   240 loss: 0.534
Epoch: 22, Iteration:   260 loss: 0.552
Epoch: 22, Iteration:   280 loss: 0.580
Epoch: 22, Iteration:   300 loss: 0.542
Epoch: 22, Iteration:   320 loss: 0.546
Epoch: 22, Iteration:   340 loss: 0.548
Epoch: 22, Iteration:   360 loss: 0.562
Epoch: 22, Iteration:   380 loss: 0.586
Epoch: 22, Iteration:   400 loss: 0.546
Epoch: 22, Iteration:   420 loss: 0.565
Epoch: 22, Iteration:   440 loss: 0.571
Epoch: 22, Iteration:   460 loss: 0.583
Epoch: 22, Iteration:   480 loss: 0.560
Epoch: 22, Iteration:   500 loss: 0.551
Epoch: 22, Iteration:   520 loss: 0.544
Epoch: 22, Iteration:   540 loss: 0.576
Epoch: 22, Iteration:   560 loss: 0.530
Epoch: 22, Iteration:   580 loss: 0.522
Epoch: 22, Iteration:   600 loss: 0.528
Epoch: 22, Iteration:   620 loss: 0.575
Epoch: 22, Iteration:   640 loss: 0.567
Epoch: 22, Iteration:   660 loss: 0.566
Epoch: 22, Iteration:   680 loss: 0.542
Epoch: 22, Iteration:   700 loss: 0.542
Epoch: 22, Iteration:   720 loss: 0.559
Epoch: 22, Iteration:   740 loss: 0.536
Epoch: 22, Iteration:   760 loss: 0.566
Epoch: 22, Iteration:   780 loss: 0.568
Loss: 1.108
Accuracy of the network on the 10000 test images: 63 %
Accuracy of plane : 75 %
Accuracy of   car : 76 %
Accuracy of  bird : 55 %
Accuracy of   cat : 49 %
Accuracy of  deer : 50 %
Accuracy of   dog : 54 %
Accuracy of  frog : 73 %
Accuracy of horse : 60 %
Accuracy of  ship : 81 %
Accuracy of truck : 65 %
Epoch: 23, Iteration:     0 loss: 0.028
Epoch: 23, Iteration:    20 loss: 0.535
Epoch: 23, Iteration:    40 loss: 0.499
Epoch: 23, Iteration:    60 loss: 0.497
Epoch: 23, Iteration:    80 loss: 0.518
Epoch: 23, Iteration:   100 loss: 0.588
Epoch: 23, Iteration:   120 loss: 0.575
Epoch: 23, Iteration:   140 loss: 0.563
Epoch: 23, Iteration:   160 loss: 0.550
Epoch: 23, Iteration:   180 loss: 0.543
Epoch: 23, Iteration:   200 loss: 0.559
Epoch: 23, Iteration:   220 loss: 0.513
Epoch: 23, Iteration:   240 loss: 0.596
Epoch: 23, Iteration:   260 loss: 0.559
Epoch: 23, Iteration:   280 loss: 0.614
Epoch: 23, Iteration:   300 loss: 0.565
Epoch: 23, Iteration:   320 loss: 0.539
Epoch: 23, Iteration:   340 loss: 0.570
Epoch: 23, Iteration:   360 loss: 0.576
Epoch: 23, Iteration:   380 loss: 0.541
Epoch: 23, Iteration:   400 loss: 0.555
Epoch: 23, Iteration:   420 loss: 0.541
Epoch: 23, Iteration:   440 loss: 0.558
Epoch: 23, Iteration:   460 loss: 0.547
Epoch: 23, Iteration:   480 loss: 0.581
Epoch: 23, Iteration:   500 loss: 0.525
Epoch: 23, Iteration:   520 loss: 0.544
Epoch: 23, Iteration:   540 loss: 0.563
Epoch: 23, Iteration:   560 loss: 0.568
Epoch: 23, Iteration:   580 loss: 0.585
Epoch: 23, Iteration:   600 loss: 0.517
Epoch: 23, Iteration:   620 loss: 0.541
Epoch: 23, Iteration:   640 loss: 0.521
Epoch: 23, Iteration:   660 loss: 0.539
Epoch: 23, Iteration:   680 loss: 0.595
Epoch: 23, Iteration:   700 loss: 0.525
Epoch: 23, Iteration:   720 loss: 0.531
Epoch: 23, Iteration:   740 loss: 0.578
Epoch: 23, Iteration:   760 loss: 0.577
Epoch: 23, Iteration:   780 loss: 0.575
Loss: 1.108
Accuracy of the network on the 10000 test images: 63 %
Accuracy of plane : 75 %
Accuracy of   car : 76 %
Accuracy of  bird : 55 %
Accuracy of   cat : 49 %
Accuracy of  deer : 50 %
Accuracy of   dog : 54 %
Accuracy of  frog : 73 %
Accuracy of horse : 60 %
Accuracy of  ship : 81 %
Accuracy of truck : 65 %
Epoch: 24, Iteration:     0 loss: 0.025
Epoch: 24, Iteration:    20 loss: 0.549
Epoch: 24, Iteration:    40 loss: 0.560
Epoch: 24, Iteration:    60 loss: 0.583
Epoch: 24, Iteration:    80 loss: 0.540
Epoch: 24, Iteration:   100 loss: 0.552
Epoch: 24, Iteration:   120 loss: 0.546
Epoch: 24, Iteration:   140 loss: 0.606
Epoch: 24, Iteration:   160 loss: 0.565
Epoch: 24, Iteration:   180 loss: 0.563
Epoch: 24, Iteration:   200 loss: 0.528
Epoch: 24, Iteration:   220 loss: 0.510
Epoch: 24, Iteration:   240 loss: 0.521
Epoch: 24, Iteration:   260 loss: 0.538
Epoch: 24, Iteration:   280 loss: 0.529
Epoch: 24, Iteration:   300 loss: 0.599
Epoch: 24, Iteration:   320 loss: 0.544
Epoch: 24, Iteration:   340 loss: 0.593
Epoch: 24, Iteration:   360 loss: 0.628
Epoch: 24, Iteration:   380 loss: 0.552
Epoch: 24, Iteration:   400 loss: 0.567
Epoch: 24, Iteration:   420 loss: 0.481
Epoch: 24, Iteration:   440 loss: 0.559
Epoch: 24, Iteration:   460 loss: 0.577
Epoch: 24, Iteration:   480 loss: 0.567
Epoch: 24, Iteration:   500 loss: 0.555
Epoch: 24, Iteration:   520 loss: 0.573
Epoch: 24, Iteration:   540 loss: 0.543
Epoch: 24, Iteration:   560 loss: 0.563
Epoch: 24, Iteration:   580 loss: 0.526
Epoch: 24, Iteration:   600 loss: 0.607
Epoch: 24, Iteration:   620 loss: 0.510
Epoch: 24, Iteration:   640 loss: 0.504
Epoch: 24, Iteration:   660 loss: 0.580
Epoch: 24, Iteration:   680 loss: 0.574
Epoch: 24, Iteration:   700 loss: 0.560
Epoch: 24, Iteration:   720 loss: 0.549
Epoch: 24, Iteration:   740 loss: 0.542
Epoch: 24, Iteration:   760 loss: 0.546
Epoch: 24, Iteration:   780 loss: 0.473
Loss: 1.108
Accuracy of the network on the 10000 test images: 63 %
Accuracy of plane : 75 %
Accuracy of   car : 76 %
Accuracy of  bird : 55 %
Accuracy of   cat : 49 %
Accuracy of  deer : 50 %
Accuracy of   dog : 54 %
Accuracy of  frog : 73 %
Accuracy of horse : 60 %
Accuracy of  ship : 81 %
Accuracy of truck : 65 %
Finished Training
