Files already downloaded and verified
Files already downloaded and verified
Epoch: 0, Iteration:     0 loss: 0.115
Epoch: 0, Iteration:    20 loss: 2.304
Epoch: 0, Iteration:    40 loss: 2.304
Epoch: 0, Iteration:    60 loss: 2.304
Epoch: 0, Iteration:    80 loss: 2.302
Epoch: 0, Iteration:   100 loss: 2.300
Epoch: 0, Iteration:   120 loss: 2.297
Epoch: 0, Iteration:   140 loss: 2.296
Epoch: 0, Iteration:   160 loss: 2.284
Epoch: 0, Iteration:   180 loss: 2.255
Epoch: 0, Iteration:   200 loss: 2.146
Epoch: 0, Iteration:   220 loss: 2.134
Epoch: 0, Iteration:   240 loss: 2.136
Epoch: 0, Iteration:   260 loss: 2.114
Epoch: 0, Iteration:   280 loss: 2.096
Epoch: 0, Iteration:   300 loss: 2.130
Epoch: 0, Iteration:   320 loss: 2.167
Epoch: 0, Iteration:   340 loss: 2.201
Epoch: 0, Iteration:   360 loss: 2.111
Epoch: 0, Iteration:   380 loss: 2.092
Epoch: 0, Iteration:   400 loss: 2.054
Epoch: 0, Iteration:   420 loss: 2.211
Epoch: 0, Iteration:   440 loss: 2.192
Epoch: 0, Iteration:   460 loss: 2.125
Epoch: 0, Iteration:   480 loss: 2.062
Epoch: 0, Iteration:   500 loss: 2.128
Epoch: 0, Iteration:   520 loss: 2.152
Epoch: 0, Iteration:   540 loss: 2.170
Epoch: 0, Iteration:   560 loss: 2.132
Epoch: 0, Iteration:   580 loss: 2.122
Epoch: 0, Iteration:   600 loss: 2.147
Epoch: 0, Iteration:   620 loss: 2.142
Epoch: 0, Iteration:   640 loss: 2.000
Epoch: 0, Iteration:   660 loss: 2.050
Epoch: 0, Iteration:   680 loss: 1.988
Epoch: 0, Iteration:   700 loss: 2.025
Epoch: 0, Iteration:   720 loss: 2.076
Epoch: 0, Iteration:   740 loss: 2.122
Epoch: 0, Iteration:   760 loss: 2.139
Epoch: 0, Iteration:   780 loss: 1.990
Loss: 1.935
Accuracy of the network on the 10000 test images: 24 %
Accuracy of plane : 67 %
Accuracy of   car :  0 %
Accuracy of  bird :  0 %
Accuracy of   cat :  0 %
Accuracy of  deer : 20 %
Accuracy of   dog : 61 %
Accuracy of  frog : 32 %
Accuracy of horse : 32 %
Accuracy of  ship : 32 %
Accuracy of truck : 16 %
Epoch: 1, Iteration:     0 loss: 0.094
Epoch: 1, Iteration:    20 loss: 2.025
Epoch: 1, Iteration:    40 loss: 1.955
Epoch: 1, Iteration:    60 loss: 2.046
Epoch: 1, Iteration:    80 loss: 1.964
Epoch: 1, Iteration:   100 loss: 1.985
Epoch: 1, Iteration:   120 loss: 2.057
Epoch: 1, Iteration:   140 loss: 1.997
Epoch: 1, Iteration:   160 loss: 1.959
Epoch: 1, Iteration:   180 loss: 1.914
Epoch: 1, Iteration:   200 loss: 1.912
Epoch: 1, Iteration:   220 loss: 1.967
Epoch: 1, Iteration:   240 loss: 1.995
Epoch: 1, Iteration:   260 loss: 1.942
Epoch: 1, Iteration:   280 loss: 1.981
Epoch: 1, Iteration:   300 loss: 1.955
Epoch: 1, Iteration:   320 loss: 1.899
Epoch: 1, Iteration:   340 loss: 1.879
Epoch: 1, Iteration:   360 loss: 1.880
Epoch: 1, Iteration:   380 loss: 1.912
Epoch: 1, Iteration:   400 loss: 1.908
Epoch: 1, Iteration:   420 loss: 1.866
Epoch: 1, Iteration:   440 loss: 1.970
Epoch: 1, Iteration:   460 loss: 1.904
Epoch: 1, Iteration:   480 loss: 1.931
Epoch: 1, Iteration:   500 loss: 1.935
Epoch: 1, Iteration:   520 loss: 1.811
Epoch: 1, Iteration:   540 loss: 1.830
Epoch: 1, Iteration:   560 loss: 1.846
Epoch: 1, Iteration:   580 loss: 1.857
Epoch: 1, Iteration:   600 loss: 1.866
Epoch: 1, Iteration:   620 loss: 1.850
Epoch: 1, Iteration:   640 loss: 1.834
Epoch: 1, Iteration:   660 loss: 1.830
Epoch: 1, Iteration:   680 loss: 1.879
Epoch: 1, Iteration:   700 loss: 1.841
Epoch: 1, Iteration:   720 loss: 1.811
Epoch: 1, Iteration:   740 loss: 1.781
Epoch: 1, Iteration:   760 loss: 1.831
Epoch: 1, Iteration:   780 loss: 1.974
Loss: 1.810
Accuracy of the network on the 10000 test images: 29 %
Accuracy of plane :  1 %
Accuracy of   car : 78 %
Accuracy of  bird :  0 %
Accuracy of   cat : 34 %
Accuracy of  deer : 20 %
Accuracy of   dog : 37 %
Accuracy of  frog : 28 %
Accuracy of horse : 64 %
Accuracy of  ship : 25 %
Accuracy of truck : 16 %
Epoch: 2, Iteration:     0 loss: 0.096
Epoch: 2, Iteration:    20 loss: 1.823
Epoch: 2, Iteration:    40 loss: 1.829
Epoch: 2, Iteration:    60 loss: 1.773
Epoch: 2, Iteration:    80 loss: 1.772
Epoch: 2, Iteration:   100 loss: 1.797
Epoch: 2, Iteration:   120 loss: 1.843
Epoch: 2, Iteration:   140 loss: 1.791
Epoch: 2, Iteration:   160 loss: 1.811
Epoch: 2, Iteration:   180 loss: 1.806
Epoch: 2, Iteration:   200 loss: 1.851
Epoch: 2, Iteration:   220 loss: 1.935
Epoch: 2, Iteration:   240 loss: 1.929
Epoch: 2, Iteration:   260 loss: 1.894
Epoch: 2, Iteration:   280 loss: 1.816
Epoch: 2, Iteration:   300 loss: 1.898
Epoch: 2, Iteration:   320 loss: 1.915
Epoch: 2, Iteration:   340 loss: 1.815
Epoch: 2, Iteration:   360 loss: 1.843
Epoch: 2, Iteration:   380 loss: 1.839
Epoch: 2, Iteration:   400 loss: 1.697
Epoch: 2, Iteration:   420 loss: 1.720
Epoch: 2, Iteration:   440 loss: 1.679
Epoch: 2, Iteration:   460 loss: 1.719
Epoch: 2, Iteration:   480 loss: 1.679
Epoch: 2, Iteration:   500 loss: 1.612
Epoch: 2, Iteration:   520 loss: 1.672
Epoch: 2, Iteration:   540 loss: 1.628
Epoch: 2, Iteration:   560 loss: 1.637
Epoch: 2, Iteration:   580 loss: 1.675
Epoch: 2, Iteration:   600 loss: 1.773
Epoch: 2, Iteration:   620 loss: 1.754
Epoch: 2, Iteration:   640 loss: 1.664
Epoch: 2, Iteration:   660 loss: 1.656
Epoch: 2, Iteration:   680 loss: 1.677
Epoch: 2, Iteration:   700 loss: 1.656
Epoch: 2, Iteration:   720 loss: 1.708
Epoch: 2, Iteration:   740 loss: 1.686
Epoch: 2, Iteration:   760 loss: 1.656
Epoch: 2, Iteration:   780 loss: 1.691
Loss: 1.668
Accuracy of the network on the 10000 test images: 38 %
Accuracy of plane : 53 %
Accuracy of   car : 52 %
Accuracy of  bird : 12 %
Accuracy of   cat :  9 %
Accuracy of  deer :  7 %
Accuracy of   dog : 67 %
Accuracy of  frog : 10 %
Accuracy of horse : 56 %
Accuracy of  ship : 63 %
Accuracy of truck : 56 %
Epoch: 3, Iteration:     0 loss: 0.074
Epoch: 3, Iteration:    20 loss: 1.717
Epoch: 3, Iteration:    40 loss: 1.806
Epoch: 3, Iteration:    60 loss: 1.762
Epoch: 3, Iteration:    80 loss: 1.798
Epoch: 3, Iteration:   100 loss: 1.782
Epoch: 3, Iteration:   120 loss: 1.871
Epoch: 3, Iteration:   140 loss: 1.878
Epoch: 3, Iteration:   160 loss: 1.674
Epoch: 3, Iteration:   180 loss: 1.587
Epoch: 3, Iteration:   200 loss: 1.631
Epoch: 3, Iteration:   220 loss: 1.682
Epoch: 3, Iteration:   240 loss: 1.673
Epoch: 3, Iteration:   260 loss: 1.676
Epoch: 3, Iteration:   280 loss: 1.550
Epoch: 3, Iteration:   300 loss: 1.523
Epoch: 3, Iteration:   320 loss: 1.669
Epoch: 3, Iteration:   340 loss: 1.568
Epoch: 3, Iteration:   360 loss: 1.510
Epoch: 3, Iteration:   380 loss: 1.510
Epoch: 3, Iteration:   400 loss: 1.625
Epoch: 3, Iteration:   420 loss: 1.632
Epoch: 3, Iteration:   440 loss: 1.573
Epoch: 3, Iteration:   460 loss: 1.550
Epoch: 3, Iteration:   480 loss: 1.491
Epoch: 3, Iteration:   500 loss: 1.478
Epoch: 3, Iteration:   520 loss: 1.505
Epoch: 3, Iteration:   540 loss: 1.490
Epoch: 3, Iteration:   560 loss: 1.453
Epoch: 3, Iteration:   580 loss: 1.557
Epoch: 3, Iteration:   600 loss: 1.544
Epoch: 3, Iteration:   620 loss: 1.546
Epoch: 3, Iteration:   640 loss: 1.548
Epoch: 3, Iteration:   660 loss: 1.517
Epoch: 3, Iteration:   680 loss: 1.571
Epoch: 3, Iteration:   700 loss: 1.527
Epoch: 3, Iteration:   720 loss: 1.594
Epoch: 3, Iteration:   740 loss: 1.606
Epoch: 3, Iteration:   760 loss: 1.576
Epoch: 3, Iteration:   780 loss: 1.711
Loss: 1.696
Accuracy of the network on the 10000 test images: 38 %
Accuracy of plane : 25 %
Accuracy of   car : 90 %
Accuracy of  bird : 40 %
Accuracy of   cat : 71 %
Accuracy of  deer :  1 %
Accuracy of   dog : 44 %
Accuracy of  frog :  0 %
Accuracy of horse :  7 %
Accuracy of  ship : 63 %
Accuracy of truck : 34 %
Epoch: 4, Iteration:     0 loss: 0.080
Epoch: 4, Iteration:    20 loss: 1.616
Epoch: 4, Iteration:    40 loss: 1.483
Epoch: 4, Iteration:    60 loss: 1.451
Epoch: 4, Iteration:    80 loss: 1.427
Epoch: 4, Iteration:   100 loss: 1.417
Epoch: 4, Iteration:   120 loss: 1.487
Epoch: 4, Iteration:   140 loss: 1.539
Epoch: 4, Iteration:   160 loss: 1.535
Epoch: 4, Iteration:   180 loss: 1.451
Epoch: 4, Iteration:   200 loss: 1.387
Epoch: 4, Iteration:   220 loss: 1.503
Epoch: 4, Iteration:   240 loss: 1.449
Epoch: 4, Iteration:   260 loss: 1.429
Epoch: 4, Iteration:   280 loss: 1.446
Epoch: 4, Iteration:   300 loss: 1.409
Epoch: 4, Iteration:   320 loss: 1.362
Epoch: 4, Iteration:   340 loss: 1.435
Epoch: 4, Iteration:   360 loss: 1.388
Epoch: 4, Iteration:   380 loss: 1.430
Epoch: 4, Iteration:   400 loss: 1.441
Epoch: 4, Iteration:   420 loss: 1.398
Epoch: 4, Iteration:   440 loss: 1.358
Epoch: 4, Iteration:   460 loss: 1.316
Epoch: 4, Iteration:   480 loss: 1.384
Epoch: 4, Iteration:   500 loss: 1.381
Epoch: 4, Iteration:   520 loss: 1.469
Epoch: 4, Iteration:   540 loss: 1.420
Epoch: 4, Iteration:   560 loss: 1.465
Epoch: 4, Iteration:   580 loss: 1.417
Epoch: 4, Iteration:   600 loss: 1.362
Epoch: 4, Iteration:   620 loss: 1.446
Epoch: 4, Iteration:   640 loss: 1.436
Epoch: 4, Iteration:   660 loss: 1.351
Epoch: 4, Iteration:   680 loss: 1.275
Epoch: 4, Iteration:   700 loss: 1.394
Epoch: 4, Iteration:   720 loss: 1.361
Epoch: 4, Iteration:   740 loss: 1.361
Epoch: 4, Iteration:   760 loss: 1.385
Epoch: 4, Iteration:   780 loss: 1.355
Loss: 1.280
Accuracy of the network on the 10000 test images: 57 %
Accuracy of plane : 67 %
Accuracy of   car : 72 %
Accuracy of  bird : 45 %
Accuracy of   cat : 43 %
Accuracy of  deer : 23 %
Accuracy of   dog : 40 %
Accuracy of  frog : 78 %
Accuracy of horse : 65 %
Accuracy of  ship : 68 %
Accuracy of truck : 67 %
Epoch: 5, Iteration:     0 loss: 0.057
Epoch: 5, Iteration:    20 loss: 1.336
Epoch: 5, Iteration:    40 loss: 1.338
Epoch: 5, Iteration:    60 loss: 1.369
Epoch: 5, Iteration:    80 loss: 1.334
Epoch: 5, Iteration:   100 loss: 1.407
Epoch: 5, Iteration:   120 loss: 1.410
Epoch: 5, Iteration:   140 loss: 1.305
Epoch: 5, Iteration:   160 loss: 1.365
Epoch: 5, Iteration:   180 loss: 1.435
Epoch: 5, Iteration:   200 loss: 1.422
Epoch: 5, Iteration:   220 loss: 1.375
Epoch: 5, Iteration:   240 loss: 1.332
Epoch: 5, Iteration:   260 loss: 1.264
Epoch: 5, Iteration:   280 loss: 1.334
Epoch: 5, Iteration:   300 loss: 1.349
Epoch: 5, Iteration:   320 loss: 1.323
Epoch: 5, Iteration:   340 loss: 1.344
Epoch: 5, Iteration:   360 loss: 1.317
Epoch: 5, Iteration:   380 loss: 1.285
Epoch: 5, Iteration:   400 loss: 1.227
Epoch: 5, Iteration:   420 loss: 1.281
Epoch: 5, Iteration:   440 loss: 1.268
Epoch: 5, Iteration:   460 loss: 1.259
Epoch: 5, Iteration:   480 loss: 1.246
Epoch: 5, Iteration:   500 loss: 1.233
Epoch: 5, Iteration:   520 loss: 1.243
Epoch: 5, Iteration:   540 loss: 1.259
Epoch: 5, Iteration:   560 loss: 1.257
Epoch: 5, Iteration:   580 loss: 1.181
Epoch: 5, Iteration:   600 loss: 1.328
Epoch: 5, Iteration:   620 loss: 1.376
Epoch: 5, Iteration:   640 loss: 1.312
Epoch: 5, Iteration:   660 loss: 1.267
Epoch: 5, Iteration:   680 loss: 1.255
Epoch: 5, Iteration:   700 loss: 1.347
Epoch: 5, Iteration:   720 loss: 1.300
Epoch: 5, Iteration:   740 loss: 1.267
Epoch: 5, Iteration:   760 loss: 1.293
Epoch: 5, Iteration:   780 loss: 1.269
Loss: 1.540
Accuracy of the network on the 10000 test images: 44 %
Accuracy of plane : 41 %
Accuracy of   car : 14 %
Accuracy of  bird : 37 %
Accuracy of   cat : 27 %
Accuracy of  deer : 16 %
Accuracy of   dog : 76 %
Accuracy of  frog : 32 %
Accuracy of horse : 35 %
Accuracy of  ship : 82 %
Accuracy of truck : 75 %
Epoch: 6, Iteration:     0 loss: 0.076
Epoch: 6, Iteration:    20 loss: 1.309
Epoch: 6, Iteration:    40 loss: 1.249
Epoch: 6, Iteration:    60 loss: 1.215
Epoch: 6, Iteration:    80 loss: 1.251
Epoch: 6, Iteration:   100 loss: 1.220
Epoch: 6, Iteration:   120 loss: 1.200
Epoch: 6, Iteration:   140 loss: 1.200
Epoch: 6, Iteration:   160 loss: 1.244
Epoch: 6, Iteration:   180 loss: 1.214
Epoch: 6, Iteration:   200 loss: 1.157
Epoch: 6, Iteration:   220 loss: 1.221
Epoch: 6, Iteration:   240 loss: 1.190
Epoch: 6, Iteration:   260 loss: 1.163
Epoch: 6, Iteration:   280 loss: 1.143
Epoch: 6, Iteration:   300 loss: 1.206
Epoch: 6, Iteration:   320 loss: 1.193
Epoch: 6, Iteration:   340 loss: 1.136
Epoch: 6, Iteration:   360 loss: 1.229
Epoch: 6, Iteration:   380 loss: 1.198
Epoch: 6, Iteration:   400 loss: 1.188
Epoch: 6, Iteration:   420 loss: 1.130
Epoch: 6, Iteration:   440 loss: 1.199
Epoch: 6, Iteration:   460 loss: 1.202
Epoch: 6, Iteration:   480 loss: 1.165
Epoch: 6, Iteration:   500 loss: 1.183
Epoch: 6, Iteration:   520 loss: 1.202
Epoch: 6, Iteration:   540 loss: 1.129
Epoch: 6, Iteration:   560 loss: 1.171
Epoch: 6, Iteration:   580 loss: 1.228
Epoch: 6, Iteration:   600 loss: 1.171
Epoch: 6, Iteration:   620 loss: 1.172
Epoch: 6, Iteration:   640 loss: 1.138
Epoch: 6, Iteration:   660 loss: 1.154
Epoch: 6, Iteration:   680 loss: 1.111
Epoch: 6, Iteration:   700 loss: 1.153
Epoch: 6, Iteration:   720 loss: 1.119
Epoch: 6, Iteration:   740 loss: 1.119
Epoch: 6, Iteration:   760 loss: 1.116
Epoch: 6, Iteration:   780 loss: 1.161
Loss: 1.349
Accuracy of the network on the 10000 test images: 50 %
Accuracy of plane : 80 %
Accuracy of   car : 90 %
Accuracy of  bird : 34 %
Accuracy of   cat : 34 %
Accuracy of  deer :  9 %
Accuracy of   dog : 66 %
Accuracy of  frog : 50 %
Accuracy of horse : 64 %
Accuracy of  ship : 55 %
Accuracy of truck : 38 %
Epoch     6: reducing learning rate of group 0 to 1.0000e-02.
Epoch: 7, Iteration:     0 loss: 0.056
Epoch: 7, Iteration:    20 loss: 1.191
Epoch: 7, Iteration:    40 loss: 1.073
Epoch: 7, Iteration:    60 loss: 0.949
Epoch: 7, Iteration:    80 loss: 0.972
Epoch: 7, Iteration:   100 loss: 0.923
Epoch: 7, Iteration:   120 loss: 0.881
Epoch: 7, Iteration:   140 loss: 0.890
Epoch: 7, Iteration:   160 loss: 0.868
Epoch: 7, Iteration:   180 loss: 0.899
Epoch: 7, Iteration:   200 loss: 0.856
Epoch: 7, Iteration:   220 loss: 0.926
Epoch: 7, Iteration:   240 loss: 0.798
Epoch: 7, Iteration:   260 loss: 0.808
Epoch: 7, Iteration:   280 loss: 0.838
Epoch: 7, Iteration:   300 loss: 0.770
Epoch: 7, Iteration:   320 loss: 0.805
Epoch: 7, Iteration:   340 loss: 0.778
Epoch: 7, Iteration:   360 loss: 0.868
Epoch: 7, Iteration:   380 loss: 0.840
Epoch: 7, Iteration:   400 loss: 0.851
Epoch: 7, Iteration:   420 loss: 0.811
Epoch: 7, Iteration:   440 loss: 0.821
Epoch: 7, Iteration:   460 loss: 0.740
Epoch: 7, Iteration:   480 loss: 0.813
Epoch: 7, Iteration:   500 loss: 0.787
Epoch: 7, Iteration:   520 loss: 0.768
Epoch: 7, Iteration:   540 loss: 0.775
Epoch: 7, Iteration:   560 loss: 0.807
Epoch: 7, Iteration:   580 loss: 0.831
Epoch: 7, Iteration:   600 loss: 0.803
Epoch: 7, Iteration:   620 loss: 0.778
Epoch: 7, Iteration:   640 loss: 0.771
Epoch: 7, Iteration:   660 loss: 0.728
Epoch: 7, Iteration:   680 loss: 0.757
Epoch: 7, Iteration:   700 loss: 0.727
Epoch: 7, Iteration:   720 loss: 0.789
Epoch: 7, Iteration:   740 loss: 0.774
Epoch: 7, Iteration:   760 loss: 0.720
Epoch: 7, Iteration:   780 loss: 0.773
Loss: 1.080
Accuracy of the network on the 10000 test images: 62 %
Accuracy of plane : 75 %
Accuracy of   car : 76 %
Accuracy of  bird : 54 %
Accuracy of   cat : 49 %
Accuracy of  deer : 49 %
Accuracy of   dog : 50 %
Accuracy of  frog : 75 %
Accuracy of horse : 62 %
Accuracy of  ship : 72 %
Accuracy of truck : 67 %
Epoch: 8, Iteration:     0 loss: 0.046
Epoch: 8, Iteration:    20 loss: 0.764
Epoch: 8, Iteration:    40 loss: 0.760
Epoch: 8, Iteration:    60 loss: 0.747
Epoch: 8, Iteration:    80 loss: 0.762
Epoch: 8, Iteration:   100 loss: 0.725
Epoch: 8, Iteration:   120 loss: 0.745
Epoch: 8, Iteration:   140 loss: 0.695
Epoch: 8, Iteration:   160 loss: 0.694
Epoch: 8, Iteration:   180 loss: 0.743
Epoch: 8, Iteration:   200 loss: 0.755
Epoch: 8, Iteration:   220 loss: 0.715
Epoch: 8, Iteration:   240 loss: 0.726
Epoch: 8, Iteration:   260 loss: 0.697
Epoch: 8, Iteration:   280 loss: 0.725
Epoch: 8, Iteration:   300 loss: 0.674
Epoch: 8, Iteration:   320 loss: 0.701
Epoch: 8, Iteration:   340 loss: 0.734
Epoch: 8, Iteration:   360 loss: 0.751
Epoch: 8, Iteration:   380 loss: 0.736
Epoch: 8, Iteration:   400 loss: 0.714
Epoch: 8, Iteration:   420 loss: 0.706
Epoch: 8, Iteration:   440 loss: 0.727
Epoch: 8, Iteration:   460 loss: 0.735
Epoch: 8, Iteration:   480 loss: 0.737
Epoch: 8, Iteration:   500 loss: 0.721
Epoch: 8, Iteration:   520 loss: 0.652
Epoch: 8, Iteration:   540 loss: 0.661
Epoch: 8, Iteration:   560 loss: 0.703
Epoch: 8, Iteration:   580 loss: 0.697
Epoch: 8, Iteration:   600 loss: 0.726
Epoch: 8, Iteration:   620 loss: 0.735
Epoch: 8, Iteration:   640 loss: 0.704
Epoch: 8, Iteration:   660 loss: 0.716
Epoch: 8, Iteration:   680 loss: 0.717
Epoch: 8, Iteration:   700 loss: 0.700
Epoch: 8, Iteration:   720 loss: 0.680
Epoch: 8, Iteration:   740 loss: 0.731
Epoch: 8, Iteration:   760 loss: 0.650
Epoch: 8, Iteration:   780 loss: 0.675
Loss: 1.085
Accuracy of the network on the 10000 test images: 64 %
Accuracy of plane : 75 %
Accuracy of   car : 76 %
Accuracy of  bird : 60 %
Accuracy of   cat : 41 %
Accuracy of  deer : 52 %
Accuracy of   dog : 55 %
Accuracy of  frog : 75 %
Accuracy of horse : 64 %
Accuracy of  ship : 79 %
Accuracy of truck : 69 %
Epoch: 9, Iteration:     0 loss: 0.031
Epoch: 9, Iteration:    20 loss: 0.627
Epoch: 9, Iteration:    40 loss: 0.637
Epoch: 9, Iteration:    60 loss: 0.711
Epoch: 9, Iteration:    80 loss: 0.696
Epoch: 9, Iteration:   100 loss: 0.674
Epoch: 9, Iteration:   120 loss: 0.680
Epoch: 9, Iteration:   140 loss: 0.596
Epoch: 9, Iteration:   160 loss: 0.681
Epoch: 9, Iteration:   180 loss: 0.648
Epoch: 9, Iteration:   200 loss: 0.669
Epoch: 9, Iteration:   220 loss: 0.580
Epoch: 9, Iteration:   240 loss: 0.610
Epoch: 9, Iteration:   260 loss: 0.688
Epoch: 9, Iteration:   280 loss: 0.709
Epoch: 9, Iteration:   300 loss: 0.675
Epoch: 9, Iteration:   320 loss: 0.627
Epoch: 9, Iteration:   340 loss: 0.596
Epoch: 9, Iteration:   360 loss: 0.681
Epoch: 9, Iteration:   380 loss: 0.660
Epoch: 9, Iteration:   400 loss: 0.672
Epoch: 9, Iteration:   420 loss: 0.628
Epoch: 9, Iteration:   440 loss: 0.594
Epoch: 9, Iteration:   460 loss: 0.638
Epoch: 9, Iteration:   480 loss: 0.640
Epoch: 9, Iteration:   500 loss: 0.626
Epoch: 9, Iteration:   520 loss: 0.643
Epoch: 9, Iteration:   540 loss: 0.625
Epoch: 9, Iteration:   560 loss: 0.648
Epoch: 9, Iteration:   580 loss: 0.610
Epoch: 9, Iteration:   600 loss: 0.578
Epoch: 9, Iteration:   620 loss: 0.638
Epoch: 9, Iteration:   640 loss: 0.587
Epoch: 9, Iteration:   660 loss: 0.628
Epoch: 9, Iteration:   680 loss: 0.636
Epoch: 9, Iteration:   700 loss: 0.649
Epoch: 9, Iteration:   720 loss: 0.639
Epoch: 9, Iteration:   740 loss: 0.640
Epoch: 9, Iteration:   760 loss: 0.630
Epoch: 9, Iteration:   780 loss: 0.598
Loss: 1.100
Accuracy of the network on the 10000 test images: 63 %
Accuracy of plane : 73 %
Accuracy of   car : 72 %
Accuracy of  bird : 53 %
Accuracy of   cat : 53 %
Accuracy of  deer : 43 %
Accuracy of   dog : 52 %
Accuracy of  frog : 73 %
Accuracy of horse : 65 %
Accuracy of  ship : 81 %
Accuracy of truck : 69 %
Epoch     9: reducing learning rate of group 0 to 1.0000e-03.
Epoch: 10, Iteration:     0 loss: 0.035
Epoch: 10, Iteration:    20 loss: 0.600
Epoch: 10, Iteration:    40 loss: 0.549
Epoch: 10, Iteration:    60 loss: 0.573
Epoch: 10, Iteration:    80 loss: 0.581
Epoch: 10, Iteration:   100 loss: 0.567
Epoch: 10, Iteration:   120 loss: 0.609
Epoch: 10, Iteration:   140 loss: 0.589
Epoch: 10, Iteration:   160 loss: 0.555
Epoch: 10, Iteration:   180 loss: 0.602
Epoch: 10, Iteration:   200 loss: 0.550
Epoch: 10, Iteration:   220 loss: 0.595
Epoch: 10, Iteration:   240 loss: 0.581
Epoch: 10, Iteration:   260 loss: 0.549
Epoch: 10, Iteration:   280 loss: 0.531
Epoch: 10, Iteration:   300 loss: 0.605
Epoch: 10, Iteration:   320 loss: 0.607
Epoch: 10, Iteration:   340 loss: 0.624
Epoch: 10, Iteration:   360 loss: 0.584
Epoch: 10, Iteration:   380 loss: 0.591
Epoch: 10, Iteration:   400 loss: 0.552
Epoch: 10, Iteration:   420 loss: 0.589
Epoch: 10, Iteration:   440 loss: 0.564
Epoch: 10, Iteration:   460 loss: 0.553
Epoch: 10, Iteration:   480 loss: 0.581
Epoch: 10, Iteration:   500 loss: 0.607
Epoch: 10, Iteration:   520 loss: 0.524
Epoch: 10, Iteration:   540 loss: 0.626
Epoch: 10, Iteration:   560 loss: 0.557
Epoch: 10, Iteration:   580 loss: 0.577
Epoch: 10, Iteration:   600 loss: 0.587
Epoch: 10, Iteration:   620 loss: 0.547
Epoch: 10, Iteration:   640 loss: 0.588
Epoch: 10, Iteration:   660 loss: 0.542
Epoch: 10, Iteration:   680 loss: 0.603
Epoch: 10, Iteration:   700 loss: 0.564
Epoch: 10, Iteration:   720 loss: 0.576
Epoch: 10, Iteration:   740 loss: 0.511
Epoch: 10, Iteration:   760 loss: 0.573
Epoch: 10, Iteration:   780 loss: 0.535
Loss: 1.101
Accuracy of the network on the 10000 test images: 62 %
Accuracy of plane : 75 %
Accuracy of   car : 76 %
Accuracy of  bird : 54 %
Accuracy of   cat : 49 %
Accuracy of  deer : 49 %
Accuracy of   dog : 52 %
Accuracy of  frog : 73 %
Accuracy of horse : 60 %
Accuracy of  ship : 81 %
Accuracy of truck : 65 %
Epoch: 11, Iteration:     0 loss: 0.024
Epoch: 11, Iteration:    20 loss: 0.586
Epoch: 11, Iteration:    40 loss: 0.552
Epoch: 11, Iteration:    60 loss: 0.567
Epoch: 11, Iteration:    80 loss: 0.550
Epoch: 11, Iteration:   100 loss: 0.546
Epoch: 11, Iteration:   120 loss: 0.555
Epoch: 11, Iteration:   140 loss: 0.555
Epoch: 11, Iteration:   160 loss: 0.596
Epoch: 11, Iteration:   180 loss: 0.560
Epoch: 11, Iteration:   200 loss: 0.589
Epoch: 11, Iteration:   220 loss: 0.582
Epoch: 11, Iteration:   240 loss: 0.610
Epoch: 11, Iteration:   260 loss: 0.568
Epoch: 11, Iteration:   280 loss: 0.560
Epoch: 11, Iteration:   300 loss: 0.557
Epoch: 11, Iteration:   320 loss: 0.548
Epoch: 11, Iteration:   340 loss: 0.530
Epoch: 11, Iteration:   360 loss: 0.553
Epoch: 11, Iteration:   380 loss: 0.588
Epoch: 11, Iteration:   400 loss: 0.584
Epoch: 11, Iteration:   420 loss: 0.567
Epoch: 11, Iteration:   440 loss: 0.565
Epoch: 11, Iteration:   460 loss: 0.560
Epoch: 11, Iteration:   480 loss: 0.504
Epoch: 11, Iteration:   500 loss: 0.519
Epoch: 11, Iteration:   520 loss: 0.537
Epoch: 11, Iteration:   540 loss: 0.555
Epoch: 11, Iteration:   560 loss: 0.542
Epoch: 11, Iteration:   580 loss: 0.568
Epoch: 11, Iteration:   600 loss: 0.553
Epoch: 11, Iteration:   620 loss: 0.531
Epoch: 11, Iteration:   640 loss: 0.571
Epoch: 11, Iteration:   660 loss: 0.551
Epoch: 11, Iteration:   680 loss: 0.561
Epoch: 11, Iteration:   700 loss: 0.576
Epoch: 11, Iteration:   720 loss: 0.605
Epoch: 11, Iteration:   740 loss: 0.596
Epoch: 11, Iteration:   760 loss: 0.593
Epoch: 11, Iteration:   780 loss: 0.572
Loss: 1.107
Accuracy of the network on the 10000 test images: 63 %
Accuracy of plane : 75 %
Accuracy of   car : 76 %
Accuracy of  bird : 55 %
Accuracy of   cat : 49 %
Accuracy of  deer : 50 %
Accuracy of   dog : 54 %
Accuracy of  frog : 73 %
Accuracy of horse : 60 %
Accuracy of  ship : 81 %
Accuracy of truck : 65 %
Epoch    11: reducing learning rate of group 0 to 1.0000e-04.
Epoch: 12, Iteration:     0 loss: 0.033
Epoch: 12, Iteration:    20 loss: 0.583
Epoch: 12, Iteration:    40 loss: 0.570
Epoch: 12, Iteration:    60 loss: 0.556
Epoch: 12, Iteration:    80 loss: 0.583
Epoch: 12, Iteration:   100 loss: 0.577
Epoch: 12, Iteration:   120 loss: 0.529
Epoch: 12, Iteration:   140 loss: 0.523
Epoch: 12, Iteration:   160 loss: 0.520
Epoch: 12, Iteration:   180 loss: 0.528
Epoch: 12, Iteration:   200 loss: 0.548
Epoch: 12, Iteration:   220 loss: 0.567
Epoch: 12, Iteration:   240 loss: 0.563
Epoch: 12, Iteration:   260 loss: 0.548
Epoch: 12, Iteration:   280 loss: 0.585
Epoch: 12, Iteration:   300 loss: 0.551
Epoch: 12, Iteration:   320 loss: 0.556
Epoch: 12, Iteration:   340 loss: 0.526
Epoch: 12, Iteration:   360 loss: 0.552
Epoch: 12, Iteration:   380 loss: 0.541
Epoch: 12, Iteration:   400 loss: 0.504
Epoch: 12, Iteration:   420 loss: 0.524
Epoch: 12, Iteration:   440 loss: 0.529
Epoch: 12, Iteration:   460 loss: 0.544
Epoch: 12, Iteration:   480 loss: 0.574
Epoch: 12, Iteration:   500 loss: 0.556
Epoch: 12, Iteration:   520 loss: 0.581
Epoch: 12, Iteration:   540 loss: 0.573
Epoch: 12, Iteration:   560 loss: 0.595
Epoch: 12, Iteration:   580 loss: 0.556
Epoch: 12, Iteration:   600 loss: 0.556
Epoch: 12, Iteration:   620 loss: 0.521
Epoch: 12, Iteration:   640 loss: 0.526
Epoch: 12, Iteration:   660 loss: 0.572
Epoch: 12, Iteration:   680 loss: 0.561
Epoch: 12, Iteration:   700 loss: 0.560
Epoch: 12, Iteration:   720 loss: 0.586
Epoch: 12, Iteration:   740 loss: 0.594
Epoch: 12, Iteration:   760 loss: 0.575
Epoch: 12, Iteration:   780 loss: 0.547
Loss: 1.108
Accuracy of the network on the 10000 test images: 63 %
Accuracy of plane : 75 %
Accuracy of   car : 76 %
Accuracy of  bird : 55 %
Accuracy of   cat : 49 %
Accuracy of  deer : 50 %
Accuracy of   dog : 54 %
Accuracy of  frog : 73 %
Accuracy of horse : 60 %
Accuracy of  ship : 81 %
Accuracy of truck : 65 %
Epoch: 13, Iteration:     0 loss: 0.020
Epoch: 13, Iteration:    20 loss: 0.549
Epoch: 13, Iteration:    40 loss: 0.525
Epoch: 13, Iteration:    60 loss: 0.541
Epoch: 13, Iteration:    80 loss: 0.546
Epoch: 13, Iteration:   100 loss: 0.536
Epoch: 13, Iteration:   120 loss: 0.584
Epoch: 13, Iteration:   140 loss: 0.588
Epoch: 13, Iteration:   160 loss: 0.538
Epoch: 13, Iteration:   180 loss: 0.580
Epoch: 13, Iteration:   200 loss: 0.568
Epoch: 13, Iteration:   220 loss: 0.565
Epoch: 13, Iteration:   240 loss: 0.564
Epoch: 13, Iteration:   260 loss: 0.553
Epoch: 13, Iteration:   280 loss: 0.494
Epoch: 13, Iteration:   300 loss: 0.571
Epoch: 13, Iteration:   320 loss: 0.557
Epoch: 13, Iteration:   340 loss: 0.579
Epoch: 13, Iteration:   360 loss: 0.580
Epoch: 13, Iteration:   380 loss: 0.544
Epoch: 13, Iteration:   400 loss: 0.573
Epoch: 13, Iteration:   420 loss: 0.501
Epoch: 13, Iteration:   440 loss: 0.533
Epoch: 13, Iteration:   460 loss: 0.581
Epoch: 13, Iteration:   480 loss: 0.574
Epoch: 13, Iteration:   500 loss: 0.555
Epoch: 13, Iteration:   520 loss: 0.563
Epoch: 13, Iteration:   540 loss: 0.551
Epoch: 13, Iteration:   560 loss: 0.533
Epoch: 13, Iteration:   580 loss: 0.621
Epoch: 13, Iteration:   600 loss: 0.540
Epoch: 13, Iteration:   620 loss: 0.538
Epoch: 13, Iteration:   640 loss: 0.521
Epoch: 13, Iteration:   660 loss: 0.567
Epoch: 13, Iteration:   680 loss: 0.544
Epoch: 13, Iteration:   700 loss: 0.521
Epoch: 13, Iteration:   720 loss: 0.539
Epoch: 13, Iteration:   740 loss: 0.585
Epoch: 13, Iteration:   760 loss: 0.567
Epoch: 13, Iteration:   780 loss: 0.543
Loss: 1.108
Accuracy of the network on the 10000 test images: 63 %
Accuracy of plane : 75 %
Accuracy of   car : 76 %
Accuracy of  bird : 55 %
Accuracy of   cat : 49 %
Accuracy of  deer : 50 %
Accuracy of   dog : 54 %
Accuracy of  frog : 73 %
Accuracy of horse : 60 %
Accuracy of  ship : 81 %
Accuracy of truck : 65 %
Epoch    13: reducing learning rate of group 0 to 1.0000e-05.
Epoch: 14, Iteration:     0 loss: 0.027
Epoch: 14, Iteration:    20 loss: 0.540
Epoch: 14, Iteration:    40 loss: 0.544
Epoch: 14, Iteration:    60 loss: 0.540
Epoch: 14, Iteration:    80 loss: 0.541
Epoch: 14, Iteration:   100 loss: 0.567
Epoch: 14, Iteration:   120 loss: 0.550
Epoch: 14, Iteration:   140 loss: 0.572
Epoch: 14, Iteration:   160 loss: 0.514
Epoch: 14, Iteration:   180 loss: 0.591
Epoch: 14, Iteration:   200 loss: 0.530
Epoch: 14, Iteration:   220 loss: 0.546
Epoch: 14, Iteration:   240 loss: 0.599
Epoch: 14, Iteration:   260 loss: 0.540
Epoch: 14, Iteration:   280 loss: 0.545
Epoch: 14, Iteration:   300 loss: 0.532
Epoch: 14, Iteration:   320 loss: 0.520
Epoch: 14, Iteration:   340 loss: 0.527
Epoch: 14, Iteration:   360 loss: 0.538
Epoch: 14, Iteration:   380 loss: 0.568
Epoch: 14, Iteration:   400 loss: 0.567
Epoch: 14, Iteration:   420 loss: 0.575
Epoch: 14, Iteration:   440 loss: 0.563
Epoch: 14, Iteration:   460 loss: 0.548
Epoch: 14, Iteration:   480 loss: 0.575
Epoch: 14, Iteration:   500 loss: 0.550
Epoch: 14, Iteration:   520 loss: 0.575
Epoch: 14, Iteration:   540 loss: 0.537
Epoch: 14, Iteration:   560 loss: 0.539
Epoch: 14, Iteration:   580 loss: 0.553
Epoch: 14, Iteration:   600 loss: 0.567
Epoch: 14, Iteration:   620 loss: 0.554
Epoch: 14, Iteration:   640 loss: 0.544
Epoch: 14, Iteration:   660 loss: 0.546
Epoch: 14, Iteration:   680 loss: 0.570
Epoch: 14, Iteration:   700 loss: 0.549
Epoch: 14, Iteration:   720 loss: 0.609
Epoch: 14, Iteration:   740 loss: 0.581
Epoch: 14, Iteration:   760 loss: 0.565
Epoch: 14, Iteration:   780 loss: 0.502
Loss: 1.108
Accuracy of the network on the 10000 test images: 63 %
Accuracy of plane : 75 %
Accuracy of   car : 76 %
Accuracy of  bird : 55 %
Accuracy of   cat : 49 %
Accuracy of  deer : 50 %
Accuracy of   dog : 54 %
Accuracy of  frog : 73 %
Accuracy of horse : 60 %
Accuracy of  ship : 81 %
Accuracy of truck : 65 %
Epoch: 15, Iteration:     0 loss: 0.026
Epoch: 15, Iteration:    20 loss: 0.513
Epoch: 15, Iteration:    40 loss: 0.566
Epoch: 15, Iteration:    60 loss: 0.563
Epoch: 15, Iteration:    80 loss: 0.531
Epoch: 15, Iteration:   100 loss: 0.566
Epoch: 15, Iteration:   120 loss: 0.529
Epoch: 15, Iteration:   140 loss: 0.563
Epoch: 15, Iteration:   160 loss: 0.579
Epoch: 15, Iteration:   180 loss: 0.579
Epoch: 15, Iteration:   200 loss: 0.544
Epoch: 15, Iteration:   220 loss: 0.596
Epoch: 15, Iteration:   240 loss: 0.561
Epoch: 15, Iteration:   260 loss: 0.561
Epoch: 15, Iteration:   280 loss: 0.578
Epoch: 15, Iteration:   300 loss: 0.587
Epoch: 15, Iteration:   320 loss: 0.586
Epoch: 15, Iteration:   340 loss: 0.550
Epoch: 15, Iteration:   360 loss: 0.573
Epoch: 15, Iteration:   380 loss: 0.534
Epoch: 15, Iteration:   400 loss: 0.555
Epoch: 15, Iteration:   420 loss: 0.591
Epoch: 15, Iteration:   440 loss: 0.555
Epoch: 15, Iteration:   460 loss: 0.536
Epoch: 15, Iteration:   480 loss: 0.550
Epoch: 15, Iteration:   500 loss: 0.506
Epoch: 15, Iteration:   520 loss: 0.552
Epoch: 15, Iteration:   540 loss: 0.584
Epoch: 15, Iteration:   560 loss: 0.522
Epoch: 15, Iteration:   580 loss: 0.562
Epoch: 15, Iteration:   600 loss: 0.549
Epoch: 15, Iteration:   620 loss: 0.516
Epoch: 15, Iteration:   640 loss: 0.539
Epoch: 15, Iteration:   660 loss: 0.549
Epoch: 15, Iteration:   680 loss: 0.531
Epoch: 15, Iteration:   700 loss: 0.536
Epoch: 15, Iteration:   720 loss: 0.556
Epoch: 15, Iteration:   740 loss: 0.549
Epoch: 15, Iteration:   760 loss: 0.533
Epoch: 15, Iteration:   780 loss: 0.540
Loss: 1.108
Accuracy of the network on the 10000 test images: 63 %
Accuracy of plane : 75 %
Accuracy of   car : 76 %
Accuracy of  bird : 55 %
Accuracy of   cat : 49 %
Accuracy of  deer : 50 %
Accuracy of   dog : 54 %
Accuracy of  frog : 73 %
Accuracy of horse : 60 %
Accuracy of  ship : 81 %
Accuracy of truck : 65 %
Epoch    15: reducing learning rate of group 0 to 1.0000e-06.
Epoch: 16, Iteration:     0 loss: 0.034
Epoch: 16, Iteration:    20 loss: 0.551
Epoch: 16, Iteration:    40 loss: 0.549
Epoch: 16, Iteration:    60 loss: 0.516
Epoch: 16, Iteration:    80 loss: 0.542
Epoch: 16, Iteration:   100 loss: 0.576
Epoch: 16, Iteration:   120 loss: 0.541
Epoch: 16, Iteration:   140 loss: 0.525
Epoch: 16, Iteration:   160 loss: 0.527
Epoch: 16, Iteration:   180 loss: 0.550
Epoch: 16, Iteration:   200 loss: 0.553
Epoch: 16, Iteration:   220 loss: 0.595
Epoch: 16, Iteration:   240 loss: 0.561
Epoch: 16, Iteration:   260 loss: 0.572
Epoch: 16, Iteration:   280 loss: 0.575
Epoch: 16, Iteration:   300 loss: 0.533
Epoch: 16, Iteration:   320 loss: 0.578
Epoch: 16, Iteration:   340 loss: 0.511
Epoch: 16, Iteration:   360 loss: 0.525
Epoch: 16, Iteration:   380 loss: 0.504
Epoch: 16, Iteration:   400 loss: 0.523
Epoch: 16, Iteration:   420 loss: 0.505
Epoch: 16, Iteration:   440 loss: 0.555
Epoch: 16, Iteration:   460 loss: 0.571
Epoch: 16, Iteration:   480 loss: 0.618
Epoch: 16, Iteration:   500 loss: 0.575
Epoch: 16, Iteration:   520 loss: 0.569
Epoch: 16, Iteration:   540 loss: 0.574
Epoch: 16, Iteration:   560 loss: 0.556
Epoch: 16, Iteration:   580 loss: 0.562
Epoch: 16, Iteration:   600 loss: 0.535
Epoch: 16, Iteration:   620 loss: 0.587
Epoch: 16, Iteration:   640 loss: 0.494
Epoch: 16, Iteration:   660 loss: 0.588
Epoch: 16, Iteration:   680 loss: 0.603
Epoch: 16, Iteration:   700 loss: 0.568
Epoch: 16, Iteration:   720 loss: 0.546
Epoch: 16, Iteration:   740 loss: 0.507
Epoch: 16, Iteration:   760 loss: 0.574
Epoch: 16, Iteration:   780 loss: 0.562
Loss: 1.108
Accuracy of the network on the 10000 test images: 63 %
Accuracy of plane : 75 %
Accuracy of   car : 76 %
Accuracy of  bird : 55 %
Accuracy of   cat : 49 %
Accuracy of  deer : 50 %
Accuracy of   dog : 54 %
Accuracy of  frog : 73 %
Accuracy of horse : 60 %
Accuracy of  ship : 81 %
Accuracy of truck : 65 %
Epoch: 17, Iteration:     0 loss: 0.022
Epoch: 17, Iteration:    20 loss: 0.531
Epoch: 17, Iteration:    40 loss: 0.556
Epoch: 17, Iteration:    60 loss: 0.545
Epoch: 17, Iteration:    80 loss: 0.563
Epoch: 17, Iteration:   100 loss: 0.515
Epoch: 17, Iteration:   120 loss: 0.549
Epoch: 17, Iteration:   140 loss: 0.548
Epoch: 17, Iteration:   160 loss: 0.541
Epoch: 17, Iteration:   180 loss: 0.516
Epoch: 17, Iteration:   200 loss: 0.544
Epoch: 17, Iteration:   220 loss: 0.567
Epoch: 17, Iteration:   240 loss: 0.554
Epoch: 17, Iteration:   260 loss: 0.576
Epoch: 17, Iteration:   280 loss: 0.615
Epoch: 17, Iteration:   300 loss: 0.555
Epoch: 17, Iteration:   320 loss: 0.534
Epoch: 17, Iteration:   340 loss: 0.530
Epoch: 17, Iteration:   360 loss: 0.542
Epoch: 17, Iteration:   380 loss: 0.569
Epoch: 17, Iteration:   400 loss: 0.566
Epoch: 17, Iteration:   420 loss: 0.552
Epoch: 17, Iteration:   440 loss: 0.545
Epoch: 17, Iteration:   460 loss: 0.573
Epoch: 17, Iteration:   480 loss: 0.547
Epoch: 17, Iteration:   500 loss: 0.585
Epoch: 17, Iteration:   520 loss: 0.550
Epoch: 17, Iteration:   540 loss: 0.569
Epoch: 17, Iteration:   560 loss: 0.577
Epoch: 17, Iteration:   580 loss: 0.568
Epoch: 17, Iteration:   600 loss: 0.540
Epoch: 17, Iteration:   620 loss: 0.535
Epoch: 17, Iteration:   640 loss: 0.550
Epoch: 17, Iteration:   660 loss: 0.521
Epoch: 17, Iteration:   680 loss: 0.555
Epoch: 17, Iteration:   700 loss: 0.544
Epoch: 17, Iteration:   720 loss: 0.546
Epoch: 17, Iteration:   740 loss: 0.576
Epoch: 17, Iteration:   760 loss: 0.564
Epoch: 17, Iteration:   780 loss: 0.558
Loss: 1.108
Accuracy of the network on the 10000 test images: 63 %
Accuracy of plane : 75 %
Accuracy of   car : 76 %
Accuracy of  bird : 55 %
Accuracy of   cat : 49 %
Accuracy of  deer : 50 %
Accuracy of   dog : 54 %
Accuracy of  frog : 73 %
Accuracy of horse : 60 %
Accuracy of  ship : 81 %
Accuracy of truck : 65 %
Epoch    17: reducing learning rate of group 0 to 1.0000e-07.
Epoch: 18, Iteration:     0 loss: 0.028
Epoch: 18, Iteration:    20 loss: 0.542
Epoch: 18, Iteration:    40 loss: 0.533
Epoch: 18, Iteration:    60 loss: 0.569
Epoch: 18, Iteration:    80 loss: 0.528
Epoch: 18, Iteration:   100 loss: 0.554
Epoch: 18, Iteration:   120 loss: 0.496
Epoch: 18, Iteration:   140 loss: 0.554
Epoch: 18, Iteration:   160 loss: 0.607
Epoch: 18, Iteration:   180 loss: 0.560
Epoch: 18, Iteration:   200 loss: 0.557
Epoch: 18, Iteration:   220 loss: 0.528
Epoch: 18, Iteration:   240 loss: 0.516
Epoch: 18, Iteration:   260 loss: 0.543
Epoch: 18, Iteration:   280 loss: 0.544
Epoch: 18, Iteration:   300 loss: 0.571
Epoch: 18, Iteration:   320 loss: 0.554
Epoch: 18, Iteration:   340 loss: 0.560
Epoch: 18, Iteration:   360 loss: 0.525
Epoch: 18, Iteration:   380 loss: 0.548
Epoch: 18, Iteration:   400 loss: 0.572
Epoch: 18, Iteration:   420 loss: 0.532
Epoch: 18, Iteration:   440 loss: 0.555
Epoch: 18, Iteration:   460 loss: 0.576
Epoch: 18, Iteration:   480 loss: 0.530
Epoch: 18, Iteration:   500 loss: 0.604
Epoch: 18, Iteration:   520 loss: 0.572
Epoch: 18, Iteration:   540 loss: 0.545
Epoch: 18, Iteration:   560 loss: 0.511
Epoch: 18, Iteration:   580 loss: 0.564
Epoch: 18, Iteration:   600 loss: 0.561
Epoch: 18, Iteration:   620 loss: 0.544
Epoch: 18, Iteration:   640 loss: 0.527
Epoch: 18, Iteration:   660 loss: 0.592
Epoch: 18, Iteration:   680 loss: 0.573
Epoch: 18, Iteration:   700 loss: 0.525
Epoch: 18, Iteration:   720 loss: 0.583
Epoch: 18, Iteration:   740 loss: 0.555
Epoch: 18, Iteration:   760 loss: 0.584
Epoch: 18, Iteration:   780 loss: 0.573
Loss: 1.108
Accuracy of the network on the 10000 test images: 63 %
Accuracy of plane : 75 %
Accuracy of   car : 76 %
Accuracy of  bird : 55 %
Accuracy of   cat : 49 %
Accuracy of  deer : 50 %
Accuracy of   dog : 54 %
Accuracy of  frog : 73 %
Accuracy of horse : 60 %
Accuracy of  ship : 81 %
Accuracy of truck : 65 %
Epoch: 19, Iteration:     0 loss: 0.021
Epoch: 19, Iteration:    20 loss: 0.552
Epoch: 19, Iteration:    40 loss: 0.545
Epoch: 19, Iteration:    60 loss: 0.540
Epoch: 19, Iteration:    80 loss: 0.578
Epoch: 19, Iteration:   100 loss: 0.547
Epoch: 19, Iteration:   120 loss: 0.569
Epoch: 19, Iteration:   140 loss: 0.569
Epoch: 19, Iteration:   160 loss: 0.554
Epoch: 19, Iteration:   180 loss: 0.505
Epoch: 19, Iteration:   200 loss: 0.527
Epoch: 19, Iteration:   220 loss: 0.527
Epoch: 19, Iteration:   240 loss: 0.608
Epoch: 19, Iteration:   260 loss: 0.495
Epoch: 19, Iteration:   280 loss: 0.551
Epoch: 19, Iteration:   300 loss: 0.513
Epoch: 19, Iteration:   320 loss: 0.517
Epoch: 19, Iteration:   340 loss: 0.529
Epoch: 19, Iteration:   360 loss: 0.566
Epoch: 19, Iteration:   380 loss: 0.585
Epoch: 19, Iteration:   400 loss: 0.543
Epoch: 19, Iteration:   420 loss: 0.563
Epoch: 19, Iteration:   440 loss: 0.596
Epoch: 19, Iteration:   460 loss: 0.565
Epoch: 19, Iteration:   480 loss: 0.595
Epoch: 19, Iteration:   500 loss: 0.540
Epoch: 19, Iteration:   520 loss: 0.577
Epoch: 19, Iteration:   540 loss: 0.568
Epoch: 19, Iteration:   560 loss: 0.538
Epoch: 19, Iteration:   580 loss: 0.532
Epoch: 19, Iteration:   600 loss: 0.572
Epoch: 19, Iteration:   620 loss: 0.592
Epoch: 19, Iteration:   640 loss: 0.586
Epoch: 19, Iteration:   660 loss: 0.528
Epoch: 19, Iteration:   680 loss: 0.568
Epoch: 19, Iteration:   700 loss: 0.531
Epoch: 19, Iteration:   720 loss: 0.555
Epoch: 19, Iteration:   740 loss: 0.580
Epoch: 19, Iteration:   760 loss: 0.548
Epoch: 19, Iteration:   780 loss: 0.521
Loss: 1.108
Accuracy of the network on the 10000 test images: 63 %
Accuracy of plane : 75 %
Accuracy of   car : 76 %
Accuracy of  bird : 55 %
Accuracy of   cat : 49 %
Accuracy of  deer : 50 %
Accuracy of   dog : 54 %
Accuracy of  frog : 73 %
Accuracy of horse : 60 %
Accuracy of  ship : 81 %
Accuracy of truck : 65 %
Epoch    19: reducing learning rate of group 0 to 1.0000e-08.
Epoch: 20, Iteration:     0 loss: 0.028
Epoch: 20, Iteration:    20 loss: 0.546
Epoch: 20, Iteration:    40 loss: 0.523
Epoch: 20, Iteration:    60 loss: 0.582
Epoch: 20, Iteration:    80 loss: 0.577
Epoch: 20, Iteration:   100 loss: 0.540
Epoch: 20, Iteration:   120 loss: 0.526
Epoch: 20, Iteration:   140 loss: 0.571
Epoch: 20, Iteration:   160 loss: 0.591
Epoch: 20, Iteration:   180 loss: 0.508
Epoch: 20, Iteration:   200 loss: 0.559
Epoch: 20, Iteration:   220 loss: 0.556
Epoch: 20, Iteration:   240 loss: 0.572
Epoch: 20, Iteration:   260 loss: 0.552
Epoch: 20, Iteration:   280 loss: 0.519
Epoch: 20, Iteration:   300 loss: 0.569
Epoch: 20, Iteration:   320 loss: 0.558
Epoch: 20, Iteration:   340 loss: 0.558
Epoch: 20, Iteration:   360 loss: 0.559
Epoch: 20, Iteration:   380 loss: 0.491
Epoch: 20, Iteration:   400 loss: 0.536
Epoch: 20, Iteration:   420 loss: 0.528
Epoch: 20, Iteration:   440 loss: 0.539
Epoch: 20, Iteration:   460 loss: 0.597
Epoch: 20, Iteration:   480 loss: 0.580
Epoch: 20, Iteration:   500 loss: 0.525
Epoch: 20, Iteration:   520 loss: 0.545
Epoch: 20, Iteration:   540 loss: 0.543
Epoch: 20, Iteration:   560 loss: 0.587
Epoch: 20, Iteration:   580 loss: 0.573
Epoch: 20, Iteration:   600 loss: 0.522
Epoch: 20, Iteration:   620 loss: 0.568
Epoch: 20, Iteration:   640 loss: 0.558
Epoch: 20, Iteration:   660 loss: 0.559
Epoch: 20, Iteration:   680 loss: 0.568
Epoch: 20, Iteration:   700 loss: 0.558
Epoch: 20, Iteration:   720 loss: 0.520
Epoch: 20, Iteration:   740 loss: 0.590
Epoch: 20, Iteration:   760 loss: 0.539
Epoch: 20, Iteration:   780 loss: 0.572
Loss: 1.108
Accuracy of the network on the 10000 test images: 63 %
Accuracy of plane : 75 %
Accuracy of   car : 76 %
Accuracy of  bird : 55 %
Accuracy of   cat : 49 %
Accuracy of  deer : 50 %
Accuracy of   dog : 54 %
Accuracy of  frog : 73 %
Accuracy of horse : 60 %
Accuracy of  ship : 81 %
Accuracy of truck : 65 %
Epoch: 21, Iteration:     0 loss: 0.032
Epoch: 21, Iteration:    20 loss: 0.555
Epoch: 21, Iteration:    40 loss: 0.575
Epoch: 21, Iteration:    60 loss: 0.566
Epoch: 21, Iteration:    80 loss: 0.577
Epoch: 21, Iteration:   100 loss: 0.539
Epoch: 21, Iteration:   120 loss: 0.512
Epoch: 21, Iteration:   140 loss: 0.543
Epoch: 21, Iteration:   160 loss: 0.574
Epoch: 21, Iteration:   180 loss: 0.562
Epoch: 21, Iteration:   200 loss: 0.533
Epoch: 21, Iteration:   220 loss: 0.525
Epoch: 21, Iteration:   240 loss: 0.565
Epoch: 21, Iteration:   260 loss: 0.518
Epoch: 21, Iteration:   280 loss: 0.575
Epoch: 21, Iteration:   300 loss: 0.556
Epoch: 21, Iteration:   320 loss: 0.544
Epoch: 21, Iteration:   340 loss: 0.561
Epoch: 21, Iteration:   360 loss: 0.567
Epoch: 21, Iteration:   380 loss: 0.540
Epoch: 21, Iteration:   400 loss: 0.554
Epoch: 21, Iteration:   420 loss: 0.520
Epoch: 21, Iteration:   440 loss: 0.561
Epoch: 21, Iteration:   460 loss: 0.552
Epoch: 21, Iteration:   480 loss: 0.535
Epoch: 21, Iteration:   500 loss: 0.605
Epoch: 21, Iteration:   520 loss: 0.559
Epoch: 21, Iteration:   540 loss: 0.594
Epoch: 21, Iteration:   560 loss: 0.533
Epoch: 21, Iteration:   580 loss: 0.542
Epoch: 21, Iteration:   600 loss: 0.561
Epoch: 21, Iteration:   620 loss: 0.545
Epoch: 21, Iteration:   640 loss: 0.545
Epoch: 21, Iteration:   660 loss: 0.534
Epoch: 21, Iteration:   680 loss: 0.593
Epoch: 21, Iteration:   700 loss: 0.574
Epoch: 21, Iteration:   720 loss: 0.534
Epoch: 21, Iteration:   740 loss: 0.562
Epoch: 21, Iteration:   760 loss: 0.518
Epoch: 21, Iteration:   780 loss: 0.552
Loss: 1.108
Accuracy of the network on the 10000 test images: 63 %
Accuracy of plane : 75 %
Accuracy of   car : 76 %
Accuracy of  bird : 55 %
Accuracy of   cat : 49 %
Accuracy of  deer : 50 %
Accuracy of   dog : 54 %
Accuracy of  frog : 73 %
Accuracy of horse : 60 %
Accuracy of  ship : 81 %
Accuracy of truck : 65 %
Epoch: 22, Iteration:     0 loss: 0.035
Epoch: 22, Iteration:    20 loss: 0.547
Epoch: 22, Iteration:    40 loss: 0.573
Epoch: 22, Iteration:    60 loss: 0.570
Epoch: 22, Iteration:    80 loss: 0.529
Epoch: 22, Iteration:   100 loss: 0.591
Epoch: 22, Iteration:   120 loss: 0.530
Epoch: 22, Iteration:   140 loss: 0.583
Epoch: 22, Iteration:   160 loss: 0.528
Epoch: 22, Iteration:   180 loss: 0.579
Epoch: 22, Iteration:   200 loss: 0.493
Epoch: 22, Iteration:   220 loss: 0.554
Epoch: 22, Iteration:   240 loss: 0.547
Epoch: 22, Iteration:   260 loss: 0.546
Epoch: 22, Iteration:   280 loss: 0.584
Epoch: 22, Iteration:   300 loss: 0.493
Epoch: 22, Iteration:   320 loss: 0.519
Epoch: 22, Iteration:   340 loss: 0.619
Epoch: 22, Iteration:   360 loss: 0.570
Epoch: 22, Iteration:   380 loss: 0.533
Epoch: 22, Iteration:   400 loss: 0.581
Epoch: 22, Iteration:   420 loss: 0.573
Epoch: 22, Iteration:   440 loss: 0.566
Epoch: 22, Iteration:   460 loss: 0.546
Epoch: 22, Iteration:   480 loss: 0.540
Epoch: 22, Iteration:   500 loss: 0.534
Epoch: 22, Iteration:   520 loss: 0.535
Epoch: 22, Iteration:   540 loss: 0.549
Epoch: 22, Iteration:   560 loss: 0.563
Epoch: 22, Iteration:   580 loss: 0.597
Epoch: 22, Iteration:   600 loss: 0.531
Epoch: 22, Iteration:   620 loss: 0.519
Epoch: 22, Iteration:   640 loss: 0.542
Epoch: 22, Iteration:   660 loss: 0.563
Epoch: 22, Iteration:   680 loss: 0.527
Epoch: 22, Iteration:   700 loss: 0.531
Epoch: 22, Iteration:   720 loss: 0.602
Epoch: 22, Iteration:   740 loss: 0.568
Epoch: 22, Iteration:   760 loss: 0.545
Epoch: 22, Iteration:   780 loss: 0.559
Loss: 1.108
Accuracy of the network on the 10000 test images: 63 %
Accuracy of plane : 75 %
Accuracy of   car : 76 %
Accuracy of  bird : 55 %
Accuracy of   cat : 49 %
Accuracy of  deer : 50 %
Accuracy of   dog : 54 %
Accuracy of  frog : 73 %
Accuracy of horse : 60 %
Accuracy of  ship : 81 %
Accuracy of truck : 65 %
Epoch: 23, Iteration:     0 loss: 0.026
Epoch: 23, Iteration:    20 loss: 0.548
Epoch: 23, Iteration:    40 loss: 0.571
Epoch: 23, Iteration:    60 loss: 0.526
Epoch: 23, Iteration:    80 loss: 0.586
Epoch: 23, Iteration:   100 loss: 0.541
Epoch: 23, Iteration:   120 loss: 0.588
Epoch: 23, Iteration:   140 loss: 0.521
Epoch: 23, Iteration:   160 loss: 0.569
Epoch: 23, Iteration:   180 loss: 0.565
Epoch: 23, Iteration:   200 loss: 0.552
Epoch: 23, Iteration:   220 loss: 0.546
Epoch: 23, Iteration:   240 loss: 0.536
Epoch: 23, Iteration:   260 loss: 0.533
Epoch: 23, Iteration:   280 loss: 0.549
Epoch: 23, Iteration:   300 loss: 0.625
Epoch: 23, Iteration:   320 loss: 0.565
Epoch: 23, Iteration:   340 loss: 0.564
Epoch: 23, Iteration:   360 loss: 0.580
Epoch: 23, Iteration:   380 loss: 0.527
Epoch: 23, Iteration:   400 loss: 0.578
Epoch: 23, Iteration:   420 loss: 0.571
Epoch: 23, Iteration:   440 loss: 0.518
Epoch: 23, Iteration:   460 loss: 0.537
Epoch: 23, Iteration:   480 loss: 0.564
Epoch: 23, Iteration:   500 loss: 0.543
Epoch: 23, Iteration:   520 loss: 0.580
Epoch: 23, Iteration:   540 loss: 0.547
Epoch: 23, Iteration:   560 loss: 0.581
Epoch: 23, Iteration:   580 loss: 0.545
Epoch: 23, Iteration:   600 loss: 0.526
Epoch: 23, Iteration:   620 loss: 0.528
Epoch: 23, Iteration:   640 loss: 0.541
Epoch: 23, Iteration:   660 loss: 0.532
Epoch: 23, Iteration:   680 loss: 0.528
Epoch: 23, Iteration:   700 loss: 0.543
Epoch: 23, Iteration:   720 loss: 0.535
Epoch: 23, Iteration:   740 loss: 0.569
Epoch: 23, Iteration:   760 loss: 0.545
Epoch: 23, Iteration:   780 loss: 0.566
Loss: 1.108
Accuracy of the network on the 10000 test images: 63 %
Accuracy of plane : 75 %
Accuracy of   car : 76 %
Accuracy of  bird : 55 %
Accuracy of   cat : 49 %
Accuracy of  deer : 50 %
Accuracy of   dog : 54 %
Accuracy of  frog : 73 %
Accuracy of horse : 60 %
Accuracy of  ship : 81 %
Accuracy of truck : 65 %
Epoch: 24, Iteration:     0 loss: 0.029
Epoch: 24, Iteration:    20 loss: 0.552
Epoch: 24, Iteration:    40 loss: 0.599
Epoch: 24, Iteration:    60 loss: 0.565
Epoch: 24, Iteration:    80 loss: 0.529
Epoch: 24, Iteration:   100 loss: 0.563
Epoch: 24, Iteration:   120 loss: 0.550
Epoch: 24, Iteration:   140 loss: 0.571
Epoch: 24, Iteration:   160 loss: 0.575
Epoch: 24, Iteration:   180 loss: 0.557
Epoch: 24, Iteration:   200 loss: 0.502
Epoch: 24, Iteration:   220 loss: 0.552
Epoch: 24, Iteration:   240 loss: 0.541
Epoch: 24, Iteration:   260 loss: 0.569
Epoch: 24, Iteration:   280 loss: 0.566
Epoch: 24, Iteration:   300 loss: 0.555
Epoch: 24, Iteration:   320 loss: 0.535
Epoch: 24, Iteration:   340 loss: 0.588
Epoch: 24, Iteration:   360 loss: 0.586
Epoch: 24, Iteration:   380 loss: 0.563
Epoch: 24, Iteration:   400 loss: 0.542
Epoch: 24, Iteration:   420 loss: 0.573
Epoch: 24, Iteration:   440 loss: 0.545
Epoch: 24, Iteration:   460 loss: 0.539
Epoch: 24, Iteration:   480 loss: 0.555
Epoch: 24, Iteration:   500 loss: 0.506
Epoch: 24, Iteration:   520 loss: 0.535
Epoch: 24, Iteration:   540 loss: 0.570
Epoch: 24, Iteration:   560 loss: 0.579
Epoch: 24, Iteration:   580 loss: 0.524
Epoch: 24, Iteration:   600 loss: 0.574
Epoch: 24, Iteration:   620 loss: 0.534
Epoch: 24, Iteration:   640 loss: 0.541
Epoch: 24, Iteration:   660 loss: 0.522
Epoch: 24, Iteration:   680 loss: 0.578
Epoch: 24, Iteration:   700 loss: 0.540
Epoch: 24, Iteration:   720 loss: 0.546
Epoch: 24, Iteration:   740 loss: 0.548
Epoch: 24, Iteration:   760 loss: 0.556
Epoch: 24, Iteration:   780 loss: 0.534
Loss: 1.108
Accuracy of the network on the 10000 test images: 63 %
Accuracy of plane : 75 %
Accuracy of   car : 76 %
Accuracy of  bird : 55 %
Accuracy of   cat : 49 %
Accuracy of  deer : 50 %
Accuracy of   dog : 54 %
Accuracy of  frog : 73 %
Accuracy of horse : 60 %
Accuracy of  ship : 81 %
Accuracy of truck : 65 %
Finished Training
