Files already downloaded and verified
Files already downloaded and verified
Creating downpour listener
Epoch: 0, Iteration:     0 loss: 0.115
Epoch: 0, Iteration:    20 loss: 2.301
Epoch: 0, Iteration:    40 loss: 2.304
Epoch: 0, Iteration:    60 loss: 2.303
Epoch: 0, Iteration:    80 loss: 2.299
Epoch: 0, Iteration:   100 loss: 2.298
Epoch: 0, Iteration:   120 loss: 2.293
Epoch: 0, Iteration:   140 loss: 2.275
Epoch: 0, Iteration:   160 loss: 2.243
Epoch: 0, Iteration:   180 loss: 2.178
Epoch: 0, Iteration:   200 loss: 2.148
Epoch: 0, Iteration:   220 loss: 2.135
Epoch: 0, Iteration:   240 loss: 2.170
Epoch: 0, Iteration:   260 loss: 2.193
Epoch: 0, Iteration:   280 loss: 2.415
Epoch: 0, Iteration:   300 loss: 2.274
Epoch: 0, Iteration:   320 loss: 2.245
Epoch: 0, Iteration:   340 loss: 2.249
Epoch: 0, Iteration:   360 loss: 2.216
Epoch: 0, Iteration:   380 loss: 2.214
Epoch: 0, Iteration:   400 loss: 2.217
Epoch: 0, Iteration:   420 loss: 2.577
Epoch: 0, Iteration:   440 loss: 2.320
Epoch: 0, Iteration:   460 loss: 2.285
Epoch: 0, Iteration:   480 loss: 2.246
Epoch: 0, Iteration:   500 loss: 2.178
Epoch: 0, Iteration:   520 loss: 2.155
Epoch: 0, Iteration:   540 loss: 2.126
Epoch: 0, Iteration:   560 loss: 2.062
Epoch: 0, Iteration:   580 loss: 2.117
Epoch: 0, Iteration:   600 loss: 2.208
Epoch: 0, Iteration:   620 loss: 2.107
Epoch: 0, Iteration:   640 loss: 2.065
Epoch: 0, Iteration:   660 loss: 2.096
Epoch: 0, Iteration:   680 loss: 2.140
Epoch: 0, Iteration:   700 loss: 2.200
Epoch: 0, Iteration:   720 loss: 2.153
Epoch: 0, Iteration:   740 loss: 2.269
Epoch: 0, Iteration:   760 loss: 2.323
Epoch: 0, Iteration:   780 loss: 2.231
Loss: 2.118
Accuracy of the network on the 10000 test images: 14 %
Accuracy of plane :  0 %
Accuracy of   car : 78 %
Accuracy of  bird :  0 %
Accuracy of   cat :  0 %
Accuracy of  deer :  0 %
Accuracy of   dog : 11 %
Accuracy of  frog : 78 %
Accuracy of horse :  0 %
Accuracy of  ship :  0 %
Accuracy of truck :  0 %
Epoch: 1, Iteration:     0 loss: 0.110
Epoch: 1, Iteration:    20 loss: 2.196
Epoch: 1, Iteration:    40 loss: 2.208
Epoch: 1, Iteration:    60 loss: 2.161
Epoch: 1, Iteration:    80 loss: 2.120
Epoch: 1, Iteration:   100 loss: 2.092
Epoch: 1, Iteration:   120 loss: 2.118
Epoch: 1, Iteration:   140 loss: 2.163
Epoch: 1, Iteration:   160 loss: 2.110
Epoch: 1, Iteration:   180 loss: 2.139
Epoch: 1, Iteration:   200 loss: 2.159
Epoch: 1, Iteration:   220 loss: 2.008
Epoch: 1, Iteration:   240 loss: 2.031
Epoch: 1, Iteration:   260 loss: 2.049
Epoch: 1, Iteration:   280 loss: 2.092
Epoch: 1, Iteration:   300 loss: 2.017
Epoch: 1, Iteration:   320 loss: 2.003
Epoch: 1, Iteration:   340 loss: 1.986
Epoch: 1, Iteration:   360 loss: 2.033
Epoch: 1, Iteration:   380 loss: 2.142
Epoch: 1, Iteration:   400 loss: 2.045
Epoch: 1, Iteration:   420 loss: 2.121
Epoch: 1, Iteration:   440 loss: 2.118
Epoch: 1, Iteration:   460 loss: 2.045
Epoch: 1, Iteration:   480 loss: 2.022
Epoch: 1, Iteration:   500 loss: 2.068
Epoch: 1, Iteration:   520 loss: 2.096
Epoch: 1, Iteration:   540 loss: 2.047
Epoch: 1, Iteration:   560 loss: 1.996
Epoch: 1, Iteration:   580 loss: 2.063
Epoch: 1, Iteration:   600 loss: 1.968
Epoch: 1, Iteration:   620 loss: 2.006
Epoch: 1, Iteration:   640 loss: 1.917
Epoch: 1, Iteration:   660 loss: 2.061
Epoch: 1, Iteration:   680 loss: 2.037
Epoch: 1, Iteration:   700 loss: 2.021
Epoch: 1, Iteration:   720 loss: 2.011
Epoch: 1, Iteration:   740 loss: 1.941
Epoch: 1, Iteration:   760 loss: 1.951
Epoch: 1, Iteration:   780 loss: 2.029
Loss: 1.882
Accuracy of the network on the 10000 test images: 22 %
Accuracy of plane :  5 %
Accuracy of   car : 68 %
Accuracy of  bird :  0 %
Accuracy of   cat :  1 %
Accuracy of  deer : 30 %
Accuracy of   dog : 71 %
Accuracy of  frog :  0 %
Accuracy of horse : 35 %
Accuracy of  ship : 37 %
Accuracy of truck :  2 %
Epoch: 2, Iteration:     0 loss: 0.096
Epoch: 2, Iteration:    20 loss: 1.929
Epoch: 2, Iteration:    40 loss: 1.900
Epoch: 2, Iteration:    60 loss: 1.863
Epoch: 2, Iteration:    80 loss: 1.979
Epoch: 2, Iteration:   100 loss: 1.954
Epoch: 2, Iteration:   120 loss: 1.974
Epoch: 2, Iteration:   140 loss: 1.855
Epoch: 2, Iteration:   160 loss: 1.890
Epoch: 2, Iteration:   180 loss: 1.860
Epoch: 2, Iteration:   200 loss: 1.921
Epoch: 2, Iteration:   220 loss: 1.890
Epoch: 2, Iteration:   240 loss: 1.851
Epoch: 2, Iteration:   260 loss: 1.928
Epoch: 2, Iteration:   280 loss: 1.827
Epoch: 2, Iteration:   300 loss: 1.874
Epoch: 2, Iteration:   320 loss: 1.857
Epoch: 2, Iteration:   340 loss: 1.819
Epoch: 2, Iteration:   360 loss: 1.906
Epoch: 2, Iteration:   380 loss: 1.860
Epoch: 2, Iteration:   400 loss: 1.864
Epoch: 2, Iteration:   420 loss: 1.829
Epoch: 2, Iteration:   440 loss: 1.923
Epoch: 2, Iteration:   460 loss: 1.910
Epoch: 2, Iteration:   480 loss: 1.833
Epoch: 2, Iteration:   500 loss: 1.820
Epoch: 2, Iteration:   520 loss: 1.849
Epoch: 2, Iteration:   540 loss: 1.897
Epoch: 2, Iteration:   560 loss: 1.738
Epoch: 2, Iteration:   580 loss: 1.851
Epoch: 2, Iteration:   600 loss: 1.822
Epoch: 2, Iteration:   620 loss: 1.818
Epoch: 2, Iteration:   640 loss: 1.815
Epoch: 2, Iteration:   660 loss: 1.855
Epoch: 2, Iteration:   680 loss: 1.829
Epoch: 2, Iteration:   700 loss: 1.842
Epoch: 2, Iteration:   720 loss: 1.829
Epoch: 2, Iteration:   740 loss: 1.791
Epoch: 2, Iteration:   760 loss: 1.831
Epoch: 2, Iteration:   780 loss: 1.770
Loss: 1.763
Accuracy of the network on the 10000 test images: 31 %
Accuracy of plane : 53 %
Accuracy of   car : 66 %
Accuracy of  bird :  0 %
Accuracy of   cat : 27 %
Accuracy of  deer :  5 %
Accuracy of   dog : 61 %
Accuracy of  frog : 42 %
Accuracy of horse : 15 %
Accuracy of  ship : 68 %
Accuracy of truck :  5 %
Epoch: 3, Iteration:     0 loss: 0.087
Epoch: 3, Iteration:    20 loss: 1.742
Epoch: 3, Iteration:    40 loss: 1.759
Epoch: 3, Iteration:    60 loss: 1.808
Epoch: 3, Iteration:    80 loss: 1.772
Epoch: 3, Iteration:   100 loss: 1.766
Epoch: 3, Iteration:   120 loss: 1.763
Epoch: 3, Iteration:   140 loss: 1.730
Epoch: 3, Iteration:   160 loss: 1.772
Epoch: 3, Iteration:   180 loss: 1.731
Epoch: 3, Iteration:   200 loss: 1.752
Epoch: 3, Iteration:   220 loss: 1.760
Epoch: 3, Iteration:   240 loss: 1.717
Epoch: 3, Iteration:   260 loss: 1.673
Epoch: 3, Iteration:   280 loss: 1.692
Epoch: 3, Iteration:   300 loss: 1.706
Epoch: 3, Iteration:   320 loss: 1.760
Epoch: 3, Iteration:   340 loss: 1.702
Epoch: 3, Iteration:   360 loss: 1.645
Epoch: 3, Iteration:   380 loss: 1.680
Epoch: 3, Iteration:   400 loss: 1.635
Epoch: 3, Iteration:   420 loss: 1.738
Epoch: 3, Iteration:   440 loss: 1.746
Epoch: 3, Iteration:   460 loss: 1.691
Epoch: 3, Iteration:   480 loss: 1.713
Epoch: 3, Iteration:   500 loss: 1.733
Epoch: 3, Iteration:   520 loss: 1.722
Epoch: 3, Iteration:   540 loss: 1.629
Epoch: 3, Iteration:   560 loss: 1.649
Epoch: 3, Iteration:   580 loss: 1.638
Epoch: 3, Iteration:   600 loss: 1.692
Epoch: 3, Iteration:   620 loss: 1.683
Epoch: 3, Iteration:   640 loss: 1.689
Epoch: 3, Iteration:   660 loss: 1.597
Epoch: 3, Iteration:   680 loss: 1.622
Epoch: 3, Iteration:   700 loss: 1.591
Epoch: 3, Iteration:   720 loss: 1.662
Epoch: 3, Iteration:   740 loss: 1.678
Epoch: 3, Iteration:   760 loss: 1.682
Epoch: 3, Iteration:   780 loss: 1.681
Loss: 1.555
Accuracy of the network on the 10000 test images: 41 %
Accuracy of plane : 51 %
Accuracy of   car : 22 %
Accuracy of  bird : 10 %
Accuracy of   cat : 23 %
Accuracy of  deer : 23 %
Accuracy of   dog : 64 %
Accuracy of  frog : 41 %
Accuracy of horse : 62 %
Accuracy of  ship : 77 %
Accuracy of truck : 48 %
Epoch: 4, Iteration:     0 loss: 0.076
Epoch: 4, Iteration:    20 loss: 1.583
Epoch: 4, Iteration:    40 loss: 1.571
Epoch: 4, Iteration:    60 loss: 1.552
Epoch: 4, Iteration:    80 loss: 1.594
Epoch: 4, Iteration:   100 loss: 1.553
Epoch: 4, Iteration:   120 loss: 1.555
Epoch: 4, Iteration:   140 loss: 1.542
Epoch: 4, Iteration:   160 loss: 1.591
Epoch: 4, Iteration:   180 loss: 1.668
Epoch: 4, Iteration:   200 loss: 1.565
Epoch: 4, Iteration:   220 loss: 1.451
Epoch: 4, Iteration:   240 loss: 1.582
Epoch: 4, Iteration:   260 loss: 1.558
Epoch: 4, Iteration:   280 loss: 1.609
Epoch: 4, Iteration:   300 loss: 1.535
Epoch: 4, Iteration:   320 loss: 1.509
Epoch: 4, Iteration:   340 loss: 1.531
Epoch: 4, Iteration:   360 loss: 1.475
Epoch: 4, Iteration:   380 loss: 1.520
Epoch: 4, Iteration:   400 loss: 1.498
Epoch: 4, Iteration:   420 loss: 1.494
Epoch: 4, Iteration:   440 loss: 1.545
Epoch: 4, Iteration:   460 loss: 1.529
Epoch: 4, Iteration:   480 loss: 1.544
Epoch: 4, Iteration:   500 loss: 1.539
Epoch: 4, Iteration:   520 loss: 1.578
Epoch: 4, Iteration:   540 loss: 1.526
Epoch: 4, Iteration:   560 loss: 1.456
Epoch: 4, Iteration:   580 loss: 1.529
Epoch: 4, Iteration:   600 loss: 1.550
Epoch: 4, Iteration:   620 loss: 1.548
Epoch: 4, Iteration:   640 loss: 1.502
Epoch: 4, Iteration:   660 loss: 1.479
Epoch: 4, Iteration:   680 loss: 1.443
Epoch: 4, Iteration:   700 loss: 1.452
Epoch: 4, Iteration:   720 loss: 1.434
Epoch: 4, Iteration:   740 loss: 1.467
Epoch: 4, Iteration:   760 loss: 1.516
Epoch: 4, Iteration:   780 loss: 1.527
Loss: 1.436
Accuracy of the network on the 10000 test images: 43 %
Accuracy of plane : 53 %
Accuracy of   car : 84 %
Accuracy of  bird : 40 %
Accuracy of   cat : 49 %
Accuracy of  deer : 18 %
Accuracy of   dog : 35 %
Accuracy of  frog : 62 %
Accuracy of horse : 31 %
Accuracy of  ship : 70 %
Accuracy of truck : 11 %
Epoch: 5, Iteration:     0 loss: 0.072
Epoch: 5, Iteration:    20 loss: 1.420
Epoch: 5, Iteration:    40 loss: 1.528
Epoch: 5, Iteration:    60 loss: 1.501
Epoch: 5, Iteration:    80 loss: 1.393
Epoch: 5, Iteration:   100 loss: 1.392
Epoch: 5, Iteration:   120 loss: 1.455
Epoch: 5, Iteration:   140 loss: 1.450
Epoch: 5, Iteration:   160 loss: 1.385
Epoch: 5, Iteration:   180 loss: 1.413
Epoch: 5, Iteration:   200 loss: 1.477
Epoch: 5, Iteration:   220 loss: 1.446
Epoch: 5, Iteration:   240 loss: 1.392
Epoch: 5, Iteration:   260 loss: 1.436
Epoch: 5, Iteration:   280 loss: 1.492
Epoch: 5, Iteration:   300 loss: 1.515
Epoch: 5, Iteration:   320 loss: 1.479
Epoch: 5, Iteration:   340 loss: 1.515
Epoch: 5, Iteration:   360 loss: 1.444
Epoch: 5, Iteration:   380 loss: 1.389
Epoch: 5, Iteration:   400 loss: 1.373
Epoch: 5, Iteration:   420 loss: 1.459
Epoch: 5, Iteration:   440 loss: 1.433
Epoch: 5, Iteration:   460 loss: 1.394
Epoch: 5, Iteration:   480 loss: 1.397
Epoch: 5, Iteration:   500 loss: 1.381
Epoch: 5, Iteration:   520 loss: 1.450
Epoch: 5, Iteration:   540 loss: 1.454
Epoch: 5, Iteration:   560 loss: 1.315
Epoch: 5, Iteration:   580 loss: 1.324
Epoch: 5, Iteration:   600 loss: 1.313
Epoch: 5, Iteration:   620 loss: 1.396
Epoch: 5, Iteration:   640 loss: 1.372
Epoch: 5, Iteration:   660 loss: 1.429
Epoch: 5, Iteration:   680 loss: 1.428
Epoch: 5, Iteration:   700 loss: 1.392
Epoch: 5, Iteration:   720 loss: 1.402
Epoch: 5, Iteration:   740 loss: 1.372
Epoch: 5, Iteration:   760 loss: 1.394
Epoch: 5, Iteration:   780 loss: 1.376
Loss: 1.479
Accuracy of the network on the 10000 test images: 49 %
Accuracy of plane : 57 %
Accuracy of   car : 58 %
Accuracy of  bird : 44 %
Accuracy of   cat : 32 %
Accuracy of  deer : 36 %
Accuracy of   dog : 33 %
Accuracy of  frog : 83 %
Accuracy of horse : 56 %
Accuracy of  ship : 24 %
Accuracy of truck : 70 %
Epoch: 6, Iteration:     0 loss: 0.079
Epoch: 6, Iteration:    20 loss: 1.264
Epoch: 6, Iteration:    40 loss: 1.303
Epoch: 6, Iteration:    60 loss: 1.394
Epoch: 6, Iteration:    80 loss: 1.370
Epoch: 6, Iteration:   100 loss: 1.326
Epoch: 6, Iteration:   120 loss: 1.387
Epoch: 6, Iteration:   140 loss: 1.377
Epoch: 6, Iteration:   160 loss: 1.401
Epoch: 6, Iteration:   180 loss: 1.371
Epoch: 6, Iteration:   200 loss: 1.396
Epoch: 6, Iteration:   220 loss: 1.404
Epoch: 6, Iteration:   240 loss: 1.437
Epoch: 6, Iteration:   260 loss: 1.419
Epoch: 6, Iteration:   280 loss: 1.421
Epoch: 6, Iteration:   300 loss: 1.350
Epoch: 6, Iteration:   320 loss: 1.386
Epoch: 6, Iteration:   340 loss: 1.322
Epoch: 6, Iteration:   360 loss: 1.298
Epoch: 6, Iteration:   380 loss: 1.293
Epoch: 6, Iteration:   400 loss: 1.326
Epoch: 6, Iteration:   420 loss: 1.268
Epoch: 6, Iteration:   440 loss: 1.228
Epoch: 6, Iteration:   460 loss: 1.303
Epoch: 6, Iteration:   480 loss: 1.263
Epoch: 6, Iteration:   500 loss: 1.287
Epoch: 6, Iteration:   520 loss: 1.210
Epoch: 6, Iteration:   540 loss: 1.215
Epoch: 6, Iteration:   560 loss: 1.237
Epoch: 6, Iteration:   580 loss: 1.303
Epoch: 6, Iteration:   600 loss: 1.303
Epoch: 6, Iteration:   620 loss: 1.244
Epoch: 6, Iteration:   640 loss: 1.260
Epoch: 6, Iteration:   660 loss: 1.325
Epoch: 6, Iteration:   680 loss: 1.260
Epoch: 6, Iteration:   700 loss: 1.286
Epoch: 6, Iteration:   720 loss: 1.282
Epoch: 6, Iteration:   740 loss: 1.270
Epoch: 6, Iteration:   760 loss: 1.318
Epoch: 6, Iteration:   780 loss: 1.306
Loss: 1.373
Accuracy of the network on the 10000 test images: 50 %
Accuracy of plane : 48 %
Accuracy of   car : 28 %
Accuracy of  bird : 56 %
Accuracy of   cat : 58 %
Accuracy of  deer : 34 %
Accuracy of   dog : 32 %
Accuracy of  frog : 21 %
Accuracy of horse : 59 %
Accuracy of  ship : 84 %
Accuracy of truck : 69 %
Epoch: 7, Iteration:     0 loss: 0.064
Epoch: 7, Iteration:    20 loss: 1.227
Epoch: 7, Iteration:    40 loss: 1.177
Epoch: 7, Iteration:    60 loss: 1.223
Epoch: 7, Iteration:    80 loss: 1.284
Epoch: 7, Iteration:   100 loss: 1.232
Epoch: 7, Iteration:   120 loss: 1.215
Epoch: 7, Iteration:   140 loss: 1.240
Epoch: 7, Iteration:   160 loss: 1.192
Epoch: 7, Iteration:   180 loss: 1.183
Epoch: 7, Iteration:   200 loss: 1.185
Epoch: 7, Iteration:   220 loss: 1.282
Epoch: 7, Iteration:   240 loss: 1.249
Epoch: 7, Iteration:   260 loss: 1.192
Epoch: 7, Iteration:   280 loss: 1.178
Epoch: 7, Iteration:   300 loss: 1.263
Epoch: 7, Iteration:   320 loss: 1.180
Epoch: 7, Iteration:   340 loss: 1.136
Epoch: 7, Iteration:   360 loss: 1.137
Epoch: 7, Iteration:   380 loss: 1.176
Epoch: 7, Iteration:   400 loss: 1.266
Epoch: 7, Iteration:   420 loss: 1.270
Epoch: 7, Iteration:   440 loss: 1.244
Epoch: 7, Iteration:   460 loss: 1.136
Epoch: 7, Iteration:   480 loss: 1.150
Epoch: 7, Iteration:   500 loss: 1.167
Epoch: 7, Iteration:   520 loss: 1.140
Epoch: 7, Iteration:   540 loss: 1.174
Epoch: 7, Iteration:   560 loss: 1.221
Epoch: 7, Iteration:   580 loss: 1.223
Epoch: 7, Iteration:   600 loss: 1.156
Epoch: 7, Iteration:   620 loss: 1.182
Epoch: 7, Iteration:   640 loss: 1.149
Epoch: 7, Iteration:   660 loss: 1.134
Epoch: 7, Iteration:   680 loss: 1.225
Epoch: 7, Iteration:   700 loss: 1.250
Epoch: 7, Iteration:   720 loss: 1.212
Epoch: 7, Iteration:   740 loss: 1.221
Epoch: 7, Iteration:   760 loss: 1.257
Epoch: 7, Iteration:   780 loss: 1.172
Loss: 1.256
Accuracy of the network on the 10000 test images: 56 %
Accuracy of plane : 71 %
Accuracy of   car : 52 %
Accuracy of  bird : 44 %
Accuracy of   cat : 45 %
Accuracy of  deer : 58 %
Accuracy of   dog : 22 %
Accuracy of  frog : 60 %
Accuracy of horse : 62 %
Accuracy of  ship : 79 %
Accuracy of truck : 71 %
Epoch: 8, Iteration:     0 loss: 0.048
Epoch: 8, Iteration:    20 loss: 1.172
Epoch: 8, Iteration:    40 loss: 1.134
Epoch: 8, Iteration:    60 loss: 1.133
Epoch: 8, Iteration:    80 loss: 1.095
Epoch: 8, Iteration:   100 loss: 1.195
Epoch: 8, Iteration:   120 loss: 1.058
Epoch: 8, Iteration:   140 loss: 1.092
Epoch: 8, Iteration:   160 loss: 1.153
Epoch: 8, Iteration:   180 loss: 1.121
Epoch: 8, Iteration:   200 loss: 1.107
Epoch: 8, Iteration:   220 loss: 1.099
Epoch: 8, Iteration:   240 loss: 1.098
Epoch: 8, Iteration:   260 loss: 1.149
Epoch: 8, Iteration:   280 loss: 1.170
Epoch: 8, Iteration:   300 loss: 1.106
Epoch: 8, Iteration:   320 loss: 1.072
Epoch: 8, Iteration:   340 loss: 1.101
Epoch: 8, Iteration:   360 loss: 1.083
Epoch: 8, Iteration:   380 loss: 1.160
Epoch: 8, Iteration:   400 loss: 1.106
Epoch: 8, Iteration:   420 loss: 1.114
Epoch: 8, Iteration:   440 loss: 1.116
Epoch: 8, Iteration:   460 loss: 1.049
Epoch: 8, Iteration:   480 loss: 1.066
Epoch: 8, Iteration:   500 loss: 1.145
Epoch: 8, Iteration:   520 loss: 1.086
Epoch: 8, Iteration:   540 loss: 1.059
Epoch: 8, Iteration:   560 loss: 1.132
Epoch: 8, Iteration:   580 loss: 1.143
Epoch: 8, Iteration:   600 loss: 1.094
Epoch: 8, Iteration:   620 loss: 1.075
Epoch: 8, Iteration:   640 loss: 1.082
Epoch: 8, Iteration:   660 loss: 1.069
Epoch: 8, Iteration:   680 loss: 1.035
Epoch: 8, Iteration:   700 loss: 1.050
Epoch: 8, Iteration:   720 loss: 1.029
Epoch: 8, Iteration:   740 loss: 1.058
Epoch: 8, Iteration:   760 loss: 1.034
Epoch: 8, Iteration:   780 loss: 1.066
Loss: 1.216
Accuracy of the network on the 10000 test images: 59 %
Accuracy of plane : 62 %
Accuracy of   car : 66 %
Accuracy of  bird : 44 %
Accuracy of   cat : 39 %
Accuracy of  deer : 52 %
Accuracy of   dog : 59 %
Accuracy of  frog : 62 %
Accuracy of horse : 60 %
Accuracy of  ship : 75 %
Accuracy of truck : 74 %
Epoch: 9, Iteration:     0 loss: 0.040
Epoch: 9, Iteration:    20 loss: 1.076
Epoch: 9, Iteration:    40 loss: 1.099
Epoch: 9, Iteration:    60 loss: 1.158
Epoch: 9, Iteration:    80 loss: 1.300
Epoch: 9, Iteration:   100 loss: 1.226
Epoch: 9, Iteration:   120 loss: 1.261
Epoch: 9, Iteration:   140 loss: 1.203
Epoch: 9, Iteration:   160 loss: 1.002
Epoch: 9, Iteration:   180 loss: 1.074
Epoch: 9, Iteration:   200 loss: 0.994
Epoch: 9, Iteration:   220 loss: 1.160
Epoch: 9, Iteration:   240 loss: 1.202
Epoch: 9, Iteration:   260 loss: 1.101
Epoch: 9, Iteration:   280 loss: 1.168
Epoch: 9, Iteration:   300 loss: 1.154
Epoch: 9, Iteration:   320 loss: 1.112
Epoch: 9, Iteration:   340 loss: 1.135
Epoch: 9, Iteration:   360 loss: 1.154
Epoch: 9, Iteration:   380 loss: 1.193
Epoch: 9, Iteration:   400 loss: 1.133
Epoch: 9, Iteration:   420 loss: 1.231
Epoch: 9, Iteration:   440 loss: 1.143
Epoch: 9, Iteration:   460 loss: 1.084
Epoch: 9, Iteration:   480 loss: 1.204
Epoch: 9, Iteration:   500 loss: 1.132
Epoch: 9, Iteration:   520 loss: 1.186
Epoch: 9, Iteration:   540 loss: 1.210
Epoch: 9, Iteration:   560 loss: 1.148
Epoch: 9, Iteration:   580 loss: 1.182
Epoch: 9, Iteration:   600 loss: 1.281
Epoch: 9, Iteration:   620 loss: 1.167
Epoch: 9, Iteration:   640 loss: 1.065
Epoch: 9, Iteration:   660 loss: 0.963
Epoch: 9, Iteration:   680 loss: 0.959
Epoch: 9, Iteration:   700 loss: 1.033
Epoch: 9, Iteration:   720 loss: 0.965
Epoch: 9, Iteration:   740 loss: 0.997
Epoch: 9, Iteration:   760 loss: 0.980
Epoch: 9, Iteration:   780 loss: 0.877
Loss: 1.101
Accuracy of the network on the 10000 test images: 61 %
Accuracy of plane : 60 %
Accuracy of   car : 80 %
Accuracy of  bird : 45 %
Accuracy of   cat : 45 %
Accuracy of  deer : 54 %
Accuracy of   dog : 55 %
Accuracy of  frog : 71 %
Accuracy of horse : 70 %
Accuracy of  ship : 74 %
Accuracy of truck : 65 %
Epoch: 10, Iteration:     0 loss: 0.042
Epoch: 10, Iteration:    20 loss: 0.875
Epoch: 10, Iteration:    40 loss: 0.967
Epoch: 10, Iteration:    60 loss: 1.080
Epoch: 10, Iteration:    80 loss: 1.125
Epoch: 10, Iteration:   100 loss: 1.120
Epoch: 10, Iteration:   120 loss: 1.075
Epoch: 10, Iteration:   140 loss: 1.120
Epoch: 10, Iteration:   160 loss: 1.163
Epoch: 10, Iteration:   180 loss: 1.188
Epoch: 10, Iteration:   200 loss: 1.002
Epoch: 10, Iteration:   220 loss: 0.935
Epoch: 10, Iteration:   240 loss: 0.918
Epoch: 10, Iteration:   260 loss: 0.905
Epoch: 10, Iteration:   280 loss: 0.902
Epoch: 10, Iteration:   300 loss: 0.920
Epoch: 10, Iteration:   320 loss: 0.900
Epoch: 10, Iteration:   340 loss: 0.899
Epoch: 10, Iteration:   360 loss: 0.922
Epoch: 10, Iteration:   380 loss: 0.859
Epoch: 10, Iteration:   400 loss: 0.852
Epoch: 10, Iteration:   420 loss: 0.864
Epoch: 10, Iteration:   440 loss: 0.906
Epoch: 10, Iteration:   460 loss: 0.912
Epoch: 10, Iteration:   480 loss: 0.945
Epoch: 10, Iteration:   500 loss: 0.942
Epoch: 10, Iteration:   520 loss: 0.981
Epoch: 10, Iteration:   540 loss: 0.928
Epoch: 10, Iteration:   560 loss: 0.914
Epoch: 10, Iteration:   580 loss: 0.968
Epoch: 10, Iteration:   600 loss: 0.909
Epoch: 10, Iteration:   620 loss: 0.889
Epoch: 10, Iteration:   640 loss: 0.851
Epoch: 10, Iteration:   660 loss: 0.869
Epoch: 10, Iteration:   680 loss: 0.859
Epoch: 10, Iteration:   700 loss: 0.876
Epoch: 10, Iteration:   720 loss: 0.843
Epoch: 10, Iteration:   740 loss: 0.887
Epoch: 10, Iteration:   760 loss: 0.805
Epoch: 10, Iteration:   780 loss: 0.849
Loss: 1.302
Accuracy of the network on the 10000 test images: 56 %
Accuracy of plane : 66 %
Accuracy of   car : 84 %
Accuracy of  bird : 62 %
Accuracy of   cat : 35 %
Accuracy of  deer : 32 %
Accuracy of   dog : 59 %
Accuracy of  frog : 58 %
Accuracy of horse : 60 %
Accuracy of  ship : 79 %
Accuracy of truck : 41 %
Epoch: 11, Iteration:     0 loss: 0.056
Epoch: 11, Iteration:    20 loss: 0.723
Epoch: 11, Iteration:    40 loss: 0.803
Epoch: 11, Iteration:    60 loss: 0.847
Epoch: 11, Iteration:    80 loss: 0.796
Epoch: 11, Iteration:   100 loss: 0.851
Epoch: 11, Iteration:   120 loss: 0.858
Epoch: 11, Iteration:   140 loss: 0.829
Epoch: 11, Iteration:   160 loss: 0.828
Epoch: 11, Iteration:   180 loss: 0.826
Epoch: 11, Iteration:   200 loss: 0.741
Epoch: 11, Iteration:   220 loss: 0.783
Epoch: 11, Iteration:   240 loss: 0.792
Epoch: 11, Iteration:   260 loss: 0.852
Epoch: 11, Iteration:   280 loss: 0.825
Epoch: 11, Iteration:   300 loss: 0.803
Epoch: 11, Iteration:   320 loss: 0.818
Epoch: 11, Iteration:   340 loss: 0.795
Epoch: 11, Iteration:   360 loss: 0.855
Epoch: 11, Iteration:   380 loss: 0.791
Epoch: 11, Iteration:   400 loss: 0.745
Epoch: 11, Iteration:   420 loss: 0.729
Epoch: 11, Iteration:   440 loss: 0.819
Epoch: 11, Iteration:   460 loss: 0.823
Epoch: 11, Iteration:   480 loss: 0.832
Epoch: 11, Iteration:   500 loss: 0.849
Epoch: 11, Iteration:   520 loss: 0.818
Epoch: 11, Iteration:   540 loss: 0.859
Epoch: 11, Iteration:   560 loss: 0.825
Epoch: 11, Iteration:   580 loss: 0.791
Epoch: 11, Iteration:   600 loss: 0.813
Epoch: 11, Iteration:   620 loss: 0.799
Epoch: 11, Iteration:   640 loss: 0.843
Epoch: 11, Iteration:   660 loss: 0.902
Epoch: 11, Iteration:   680 loss: 0.820
Epoch: 11, Iteration:   700 loss: 0.829
Epoch: 11, Iteration:   720 loss: 0.847
Epoch: 11, Iteration:   740 loss: 0.928
Epoch: 11, Iteration:   760 loss: 0.829
Epoch: 11, Iteration:   780 loss: 0.771
Loss: 1.251
Accuracy of the network on the 10000 test images: 58 %
Accuracy of plane : 60 %
Accuracy of   car : 74 %
Accuracy of  bird : 26 %
Accuracy of   cat : 46 %
Accuracy of  deer : 45 %
Accuracy of   dog : 62 %
Accuracy of  frog : 73 %
Accuracy of horse : 75 %
Accuracy of  ship : 60 %
Accuracy of truck : 70 %
Epoch    11: reducing learning rate of group 0 to 1.0000e-02.
Epoch: 12, Iteration:     0 loss: 0.034
Epoch: 12, Iteration:    20 loss: 0.847
Epoch: 12, Iteration:    40 loss: 1.505
Epoch: 12, Iteration:    60 loss: 2.450
Epoch: 12, Iteration:    80 loss: 4.507
Epoch: 12, Iteration:   100 loss: 2.575
Epoch: 12, Iteration:   120 loss: 7.969
Epoch: 12, Iteration:   140 loss: 369.133
Epoch: 12, Iteration:   160 loss: nan
Epoch: 12, Iteration:   180 loss: nan
Epoch: 12, Iteration:   200 loss: nan
Epoch: 12, Iteration:   220 loss: nan
Epoch: 12, Iteration:   240 loss: nan
Epoch: 12, Iteration:   260 loss: nan
Epoch: 12, Iteration:   280 loss: nan
Epoch: 12, Iteration:   300 loss: nan
Epoch: 12, Iteration:   320 loss: nan
Epoch: 12, Iteration:   340 loss: nan
Epoch: 12, Iteration:   360 loss: nan
Epoch: 12, Iteration:   380 loss: nan
