Files already downloaded and verified
Files already downloaded and verified
Epoch: 0, Iteration:     0 loss: 0.115
Epoch: 0, Iteration:    20 loss: 2.304
Epoch: 0, Iteration:    40 loss: 2.302
Epoch: 0, Iteration:    60 loss: 2.301
Epoch: 0, Iteration:    80 loss: 2.300
Epoch: 0, Iteration:   100 loss: 2.299
Epoch: 0, Iteration:   120 loss: 2.295
Epoch: 0, Iteration:   140 loss: 2.280
Epoch: 0, Iteration:   160 loss: 2.247
Epoch: 0, Iteration:   180 loss: 2.215
Epoch: 0, Iteration:   200 loss: 2.153
Epoch: 0, Iteration:   220 loss: 2.381
Epoch: 0, Iteration:   240 loss: 2.211
Epoch: 0, Iteration:   260 loss: 2.252
Epoch: 0, Iteration:   280 loss: 2.195
Epoch: 0, Iteration:   300 loss: 2.213
Epoch: 0, Iteration:   320 loss: 2.289
Epoch: 0, Iteration:   340 loss: 2.205
Epoch: 0, Iteration:   360 loss: 2.143
Epoch: 0, Iteration:   380 loss: 2.144
Epoch: 0, Iteration:   400 loss: 2.156
Epoch: 0, Iteration:   420 loss: 2.204
Epoch: 0, Iteration:   440 loss: 2.109
Epoch: 0, Iteration:   460 loss: 2.167
Epoch: 0, Iteration:   480 loss: 2.182
Epoch: 0, Iteration:   500 loss: 2.232
Epoch: 0, Iteration:   520 loss: 2.229
Epoch: 0, Iteration:   540 loss: 2.115
Epoch: 0, Iteration:   560 loss: 2.088
Epoch: 0, Iteration:   580 loss: 2.175
Epoch: 0, Iteration:   600 loss: 2.082
Epoch: 0, Iteration:   620 loss: 2.139
Epoch: 0, Iteration:   640 loss: 2.150
Epoch: 0, Iteration:   660 loss: 2.159
Epoch: 0, Iteration:   680 loss: 2.285
Epoch: 0, Iteration:   700 loss: 2.117
Epoch: 0, Iteration:   720 loss: 2.118
Epoch: 0, Iteration:   740 loss: 2.108
Epoch: 0, Iteration:   760 loss: 2.101
Epoch: 0, Iteration:   780 loss: 2.156
Loss: 2.055
Accuracy of the network on the 10000 test images: 18 %
Accuracy of plane :  0 %
Accuracy of   car : 10 %
Accuracy of  bird :  0 %
Accuracy of   cat :  0 %
Accuracy of  deer :  0 %
Accuracy of   dog : 72 %
Accuracy of  frog : 12 %
Accuracy of horse :  0 %
Accuracy of  ship : 18 %
Accuracy of truck : 65 %
Epoch: 1, Iteration:     0 loss: 0.101
Epoch: 1, Iteration:    20 loss: 2.084
Epoch: 1, Iteration:    40 loss: 2.138
Epoch: 1, Iteration:    60 loss: 2.128
Epoch: 1, Iteration:    80 loss: 2.136
Epoch: 1, Iteration:   100 loss: 2.144
Epoch: 1, Iteration:   120 loss: 2.131
Epoch: 1, Iteration:   140 loss: 2.060
Epoch: 1, Iteration:   160 loss: 2.132
Epoch: 1, Iteration:   180 loss: 2.061
Epoch: 1, Iteration:   200 loss: 2.060
Epoch: 1, Iteration:   220 loss: 2.158
Epoch: 1, Iteration:   240 loss: 2.038
Epoch: 1, Iteration:   260 loss: 2.017
Epoch: 1, Iteration:   280 loss: 2.001
Epoch: 1, Iteration:   300 loss: 1.929
Epoch: 1, Iteration:   320 loss: 1.931
Epoch: 1, Iteration:   340 loss: 1.970
Epoch: 1, Iteration:   360 loss: 2.001
Epoch: 1, Iteration:   380 loss: 2.050
Epoch: 1, Iteration:   400 loss: 2.092
Epoch: 1, Iteration:   420 loss: 2.035
Epoch: 1, Iteration:   440 loss: 1.915
Epoch: 1, Iteration:   460 loss: 1.946
Epoch: 1, Iteration:   480 loss: 1.943
Epoch: 1, Iteration:   500 loss: 1.959
Epoch: 1, Iteration:   520 loss: 1.891
Epoch: 1, Iteration:   540 loss: 1.988
Epoch: 1, Iteration:   560 loss: 2.016
Epoch: 1, Iteration:   580 loss: 1.991
Epoch: 1, Iteration:   600 loss: 2.009
Epoch: 1, Iteration:   620 loss: 1.965
Epoch: 1, Iteration:   640 loss: 1.979
Epoch: 1, Iteration:   660 loss: 1.958
Epoch: 1, Iteration:   680 loss: 1.936
Epoch: 1, Iteration:   700 loss: 1.862
Epoch: 1, Iteration:   720 loss: 1.863
Epoch: 1, Iteration:   740 loss: 1.914
Epoch: 1, Iteration:   760 loss: 1.960
Epoch: 1, Iteration:   780 loss: 1.991
Loss: 1.898
Accuracy of the network on the 10000 test images: 28 %
Accuracy of plane : 46 %
Accuracy of   car : 42 %
Accuracy of  bird :  0 %
Accuracy of   cat :  6 %
Accuracy of  deer :  0 %
Accuracy of   dog : 72 %
Accuracy of  frog :  5 %
Accuracy of horse : 17 %
Accuracy of  ship : 39 %
Accuracy of truck : 64 %
Epoch: 2, Iteration:     0 loss: 0.092
Epoch: 2, Iteration:    20 loss: 1.889
Epoch: 2, Iteration:    40 loss: 1.899
Epoch: 2, Iteration:    60 loss: 1.912
Epoch: 2, Iteration:    80 loss: 1.937
Epoch: 2, Iteration:   100 loss: 1.920
Epoch: 2, Iteration:   120 loss: 1.835
Epoch: 2, Iteration:   140 loss: 1.834
Epoch: 2, Iteration:   160 loss: 1.769
Epoch: 2, Iteration:   180 loss: 1.762
Epoch: 2, Iteration:   200 loss: 1.747
Epoch: 2, Iteration:   220 loss: 1.842
Epoch: 2, Iteration:   240 loss: 1.853
Epoch: 2, Iteration:   260 loss: 1.743
Epoch: 2, Iteration:   280 loss: 1.724
Epoch: 2, Iteration:   300 loss: 1.775
Epoch: 2, Iteration:   320 loss: 1.750
Epoch: 2, Iteration:   340 loss: 1.856
Epoch: 2, Iteration:   360 loss: 1.863
Epoch: 2, Iteration:   380 loss: 1.782
Epoch: 2, Iteration:   400 loss: 1.757
Epoch: 2, Iteration:   420 loss: 1.825
Epoch: 2, Iteration:   440 loss: 1.734
Epoch: 2, Iteration:   460 loss: 1.791
Epoch: 2, Iteration:   480 loss: 1.741
Epoch: 2, Iteration:   500 loss: 1.711
Epoch: 2, Iteration:   520 loss: 1.750
Epoch: 2, Iteration:   540 loss: 1.718
Epoch: 2, Iteration:   560 loss: 1.722
Epoch: 2, Iteration:   580 loss: 1.785
Epoch: 2, Iteration:   600 loss: 1.816
Epoch: 2, Iteration:   620 loss: 1.706
Epoch: 2, Iteration:   640 loss: 1.714
Epoch: 2, Iteration:   660 loss: 1.682
Epoch: 2, Iteration:   680 loss: 1.629
Epoch: 2, Iteration:   700 loss: 1.565
Epoch: 2, Iteration:   720 loss: 1.643
Epoch: 2, Iteration:   740 loss: 1.743
Epoch: 2, Iteration:   760 loss: 1.820
Epoch: 2, Iteration:   780 loss: 1.736
Loss: 1.641
Accuracy of the network on the 10000 test images: 40 %
Accuracy of plane : 42 %
Accuracy of   car : 36 %
Accuracy of  bird :  6 %
Accuracy of   cat : 46 %
Accuracy of  deer :  0 %
Accuracy of   dog : 30 %
Accuracy of  frog : 76 %
Accuracy of horse : 53 %
Accuracy of  ship : 51 %
Accuracy of truck : 60 %
Epoch: 3, Iteration:     0 loss: 0.089
Epoch: 3, Iteration:    20 loss: 1.638
Epoch: 3, Iteration:    40 loss: 1.726
Epoch: 3, Iteration:    60 loss: 1.678
Epoch: 3, Iteration:    80 loss: 1.633
Epoch: 3, Iteration:   100 loss: 1.715
Epoch: 3, Iteration:   120 loss: 1.622
Epoch: 3, Iteration:   140 loss: 1.683
Epoch: 3, Iteration:   160 loss: 1.653
Epoch: 3, Iteration:   180 loss: 1.597
Epoch: 3, Iteration:   200 loss: 1.587
Epoch: 3, Iteration:   220 loss: 1.610
Epoch: 3, Iteration:   240 loss: 1.573
Epoch: 3, Iteration:   260 loss: 1.594
Epoch: 3, Iteration:   280 loss: 1.714
Epoch: 3, Iteration:   300 loss: 1.688
Epoch: 3, Iteration:   320 loss: 1.616
Epoch: 3, Iteration:   340 loss: 1.612
Epoch: 3, Iteration:   360 loss: 1.727
Epoch: 3, Iteration:   380 loss: 1.653
Epoch: 3, Iteration:   400 loss: 1.614
Epoch: 3, Iteration:   420 loss: 1.574
Epoch: 3, Iteration:   440 loss: 1.590
Epoch: 3, Iteration:   460 loss: 1.582
Epoch: 3, Iteration:   480 loss: 1.553
Epoch: 3, Iteration:   500 loss: 1.602
Epoch: 3, Iteration:   520 loss: 1.581
Epoch: 3, Iteration:   540 loss: 1.550
Epoch: 3, Iteration:   560 loss: 1.584
Epoch: 3, Iteration:   580 loss: 1.571
Epoch: 3, Iteration:   600 loss: 1.584
Epoch: 3, Iteration:   620 loss: 1.553
Epoch: 3, Iteration:   640 loss: 1.593
Epoch: 3, Iteration:   660 loss: 1.618
Epoch: 3, Iteration:   680 loss: 1.590
Epoch: 3, Iteration:   700 loss: 1.570
Epoch: 3, Iteration:   720 loss: 1.506
Epoch: 3, Iteration:   740 loss: 1.489
Epoch: 3, Iteration:   760 loss: 1.458
Epoch: 3, Iteration:   780 loss: 1.490
Loss: 1.513
Accuracy of the network on the 10000 test images: 42 %
Accuracy of plane : 39 %
Accuracy of   car : 80 %
Accuracy of  bird : 43 %
Accuracy of   cat : 21 %
Accuracy of  deer : 30 %
Accuracy of   dog : 64 %
Accuracy of  frog : 48 %
Accuracy of horse : 15 %
Accuracy of  ship : 74 %
Accuracy of truck : 23 %
Epoch: 4, Iteration:     0 loss: 0.081
Epoch: 4, Iteration:    20 loss: 1.517
Epoch: 4, Iteration:    40 loss: 1.501
Epoch: 4, Iteration:    60 loss: 1.537
Epoch: 4, Iteration:    80 loss: 1.523
Epoch: 4, Iteration:   100 loss: 1.399
Epoch: 4, Iteration:   120 loss: 1.491
Epoch: 4, Iteration:   140 loss: 1.405
Epoch: 4, Iteration:   160 loss: 1.435
Epoch: 4, Iteration:   180 loss: 1.494
Epoch: 4, Iteration:   200 loss: 1.510
Epoch: 4, Iteration:   220 loss: 1.476
Epoch: 4, Iteration:   240 loss: 1.482
Epoch: 4, Iteration:   260 loss: 1.599
Epoch: 4, Iteration:   280 loss: 1.551
Epoch: 4, Iteration:   300 loss: 1.486
Epoch: 4, Iteration:   320 loss: 1.505
Epoch: 4, Iteration:   340 loss: 1.540
Epoch: 4, Iteration:   360 loss: 1.575
Epoch: 4, Iteration:   380 loss: 1.474
Epoch: 4, Iteration:   400 loss: 1.482
Epoch: 4, Iteration:   420 loss: 1.452
Epoch: 4, Iteration:   440 loss: 1.408
Epoch: 4, Iteration:   460 loss: 1.359
Epoch: 4, Iteration:   480 loss: 1.506
Epoch: 4, Iteration:   500 loss: 1.511
Epoch: 4, Iteration:   520 loss: 1.521
Epoch: 4, Iteration:   540 loss: 1.424
Epoch: 4, Iteration:   560 loss: 1.470
Epoch: 4, Iteration:   580 loss: 1.498
Epoch: 4, Iteration:   600 loss: 1.451
Epoch: 4, Iteration:   620 loss: 1.465
Epoch: 4, Iteration:   640 loss: 1.415
Epoch: 4, Iteration:   660 loss: 1.440
Epoch: 4, Iteration:   680 loss: 1.508
Epoch: 4, Iteration:   700 loss: 1.439
Epoch: 4, Iteration:   720 loss: 1.425
Epoch: 4, Iteration:   740 loss: 1.453
Epoch: 4, Iteration:   760 loss: 1.346
Epoch: 4, Iteration:   780 loss: 1.366
Loss: 1.299
Accuracy of the network on the 10000 test images: 53 %
Accuracy of plane : 71 %
Accuracy of   car : 66 %
Accuracy of  bird : 48 %
Accuracy of   cat : 43 %
Accuracy of  deer : 32 %
Accuracy of   dog : 44 %
Accuracy of  frog : 66 %
Accuracy of horse : 42 %
Accuracy of  ship : 50 %
Accuracy of truck : 69 %
Epoch: 5, Iteration:     0 loss: 0.065
Epoch: 5, Iteration:    20 loss: 1.346
Epoch: 5, Iteration:    40 loss: 1.435
Epoch: 5, Iteration:    60 loss: 1.470
Epoch: 5, Iteration:    80 loss: 1.385
Epoch: 5, Iteration:   100 loss: 1.373
Epoch: 5, Iteration:   120 loss: 1.378
Epoch: 5, Iteration:   140 loss: 1.355
Epoch: 5, Iteration:   160 loss: 1.363
Epoch: 5, Iteration:   180 loss: 1.372
Epoch: 5, Iteration:   200 loss: 1.463
Epoch: 5, Iteration:   220 loss: 1.360
Epoch: 5, Iteration:   240 loss: 1.333
Epoch: 5, Iteration:   260 loss: 1.322
Epoch: 5, Iteration:   280 loss: 1.302
Epoch: 5, Iteration:   300 loss: 1.351
Epoch: 5, Iteration:   320 loss: 1.390
Epoch: 5, Iteration:   340 loss: 1.355
Epoch: 5, Iteration:   360 loss: 1.392
Epoch: 5, Iteration:   380 loss: 1.388
Epoch: 5, Iteration:   400 loss: 1.380
Epoch: 5, Iteration:   420 loss: 1.333
Epoch: 5, Iteration:   440 loss: 1.385
Epoch: 5, Iteration:   460 loss: 1.350
Epoch: 5, Iteration:   480 loss: 1.442
Epoch: 5, Iteration:   500 loss: 1.329
Epoch: 5, Iteration:   520 loss: 1.299
Epoch: 5, Iteration:   540 loss: 1.316
Epoch: 5, Iteration:   560 loss: 1.285
Epoch: 5, Iteration:   580 loss: 1.284
Epoch: 5, Iteration:   600 loss: 1.329
Epoch: 5, Iteration:   620 loss: 1.324
Epoch: 5, Iteration:   640 loss: 1.288
Epoch: 5, Iteration:   660 loss: 1.320
Epoch: 5, Iteration:   680 loss: 1.299
Epoch: 5, Iteration:   700 loss: 1.337
Epoch: 5, Iteration:   720 loss: 1.286
Epoch: 5, Iteration:   740 loss: 1.291
Epoch: 5, Iteration:   760 loss: 1.334
Epoch: 5, Iteration:   780 loss: 1.367
Loss: 1.420
Accuracy of the network on the 10000 test images: 49 %
Accuracy of plane : 83 %
Accuracy of   car : 50 %
Accuracy of  bird : 51 %
Accuracy of   cat : 47 %
Accuracy of  deer : 32 %
Accuracy of   dog : 30 %
Accuracy of  frog : 75 %
Accuracy of horse : 45 %
Accuracy of  ship : 10 %
Accuracy of truck : 65 %
Epoch: 6, Iteration:     0 loss: 0.084
Epoch: 6, Iteration:    20 loss: 1.312
Epoch: 6, Iteration:    40 loss: 1.236
Epoch: 6, Iteration:    60 loss: 1.262
Epoch: 6, Iteration:    80 loss: 1.353
Epoch: 6, Iteration:   100 loss: 1.288
Epoch: 6, Iteration:   120 loss: 1.291
Epoch: 6, Iteration:   140 loss: 1.239
Epoch: 6, Iteration:   160 loss: 1.280
Epoch: 6, Iteration:   180 loss: 1.231
Epoch: 6, Iteration:   200 loss: 1.273
Epoch: 6, Iteration:   220 loss: 1.271
Epoch: 6, Iteration:   240 loss: 1.331
Epoch: 6, Iteration:   260 loss: 1.294
Epoch: 6, Iteration:   280 loss: 1.332
Epoch: 6, Iteration:   300 loss: 1.262
Epoch: 6, Iteration:   320 loss: 1.199
Epoch: 6, Iteration:   340 loss: 1.214
Epoch: 6, Iteration:   360 loss: 1.181
Epoch: 6, Iteration:   380 loss: 1.199
Epoch: 6, Iteration:   400 loss: 1.157
Epoch: 6, Iteration:   420 loss: 1.203
Epoch: 6, Iteration:   440 loss: 1.260
Epoch: 6, Iteration:   460 loss: 1.190
Epoch: 6, Iteration:   480 loss: 1.200
Epoch: 6, Iteration:   500 loss: 1.203
Epoch: 6, Iteration:   520 loss: 1.221
Epoch: 6, Iteration:   540 loss: 1.146
Epoch: 6, Iteration:   560 loss: 1.255
Epoch: 6, Iteration:   580 loss: 1.154
Epoch: 6, Iteration:   600 loss: 1.187
Epoch: 6, Iteration:   620 loss: 1.206
Epoch: 6, Iteration:   640 loss: 1.151
Epoch: 6, Iteration:   660 loss: 1.158
Epoch: 6, Iteration:   680 loss: 1.164
Epoch: 6, Iteration:   700 loss: 1.204
Epoch: 6, Iteration:   720 loss: 1.189
Epoch: 6, Iteration:   740 loss: 1.125
Epoch: 6, Iteration:   760 loss: 1.190
Epoch: 6, Iteration:   780 loss: 1.167
Loss: 1.278
Accuracy of the network on the 10000 test images: 54 %
Accuracy of plane : 58 %
Accuracy of   car : 40 %
Accuracy of  bird : 22 %
Accuracy of   cat : 50 %
Accuracy of  deer : 52 %
Accuracy of   dog : 49 %
Accuracy of  frog : 67 %
Accuracy of horse : 75 %
Accuracy of  ship : 48 %
Accuracy of truck : 78 %
Epoch: 7, Iteration:     0 loss: 0.056
Epoch: 7, Iteration:    20 loss: 1.086
Epoch: 7, Iteration:    40 loss: 1.112
Epoch: 7, Iteration:    60 loss: 1.173
Epoch: 7, Iteration:    80 loss: 1.213
Epoch: 7, Iteration:   100 loss: 1.174
Epoch: 7, Iteration:   120 loss: 1.110
Epoch: 7, Iteration:   140 loss: 1.076
Epoch: 7, Iteration:   160 loss: 1.087
Epoch: 7, Iteration:   180 loss: 1.209
Epoch: 7, Iteration:   200 loss: 1.219
Epoch: 7, Iteration:   220 loss: 1.184
Epoch: 7, Iteration:   240 loss: 1.111
Epoch: 7, Iteration:   260 loss: 1.097
Epoch: 7, Iteration:   280 loss: 1.141
Epoch: 7, Iteration:   300 loss: 1.057
Epoch: 7, Iteration:   320 loss: 1.133
Epoch: 7, Iteration:   340 loss: 1.107
Epoch: 7, Iteration:   360 loss: 1.069
Epoch: 7, Iteration:   380 loss: 1.112
Epoch: 7, Iteration:   400 loss: 1.014
Epoch: 7, Iteration:   420 loss: 1.037
Epoch: 7, Iteration:   440 loss: 1.049
Epoch: 7, Iteration:   460 loss: 1.054
Epoch: 7, Iteration:   480 loss: 1.031
Epoch: 7, Iteration:   500 loss: 1.137
Epoch: 7, Iteration:   520 loss: 1.052
Epoch: 7, Iteration:   540 loss: 1.059
Epoch: 7, Iteration:   560 loss: 1.087
Epoch: 7, Iteration:   580 loss: 1.047
Epoch: 7, Iteration:   600 loss: 1.073
Epoch: 7, Iteration:   620 loss: 1.032
Epoch: 7, Iteration:   640 loss: 1.065
Epoch: 7, Iteration:   660 loss: 1.095
Epoch: 7, Iteration:   680 loss: 1.050
Epoch: 7, Iteration:   700 loss: 1.100
Epoch: 7, Iteration:   720 loss: 1.146
Epoch: 7, Iteration:   740 loss: 1.075
Epoch: 7, Iteration:   760 loss: 1.074
Epoch: 7, Iteration:   780 loss: 1.006
Loss: 1.282
Accuracy of the network on the 10000 test images: 56 %
Accuracy of plane : 42 %
Accuracy of   car : 46 %
Accuracy of  bird : 55 %
Accuracy of   cat : 23 %
Accuracy of  deer : 58 %
Accuracy of   dog : 50 %
Accuracy of  frog : 64 %
Accuracy of horse : 73 %
Accuracy of  ship : 84 %
Accuracy of truck : 64 %
Epoch: 8, Iteration:     0 loss: 0.053
Epoch: 8, Iteration:    20 loss: 1.052
Epoch: 8, Iteration:    40 loss: 1.053
Epoch: 8, Iteration:    60 loss: 1.017
Epoch: 8, Iteration:    80 loss: 1.054
Epoch: 8, Iteration:   100 loss: 1.012
Epoch: 8, Iteration:   120 loss: 1.085
Epoch: 8, Iteration:   140 loss: 1.050
Epoch: 8, Iteration:   160 loss: 1.089
Epoch: 8, Iteration:   180 loss: 0.970
Epoch: 8, Iteration:   200 loss: 0.971
Epoch: 8, Iteration:   220 loss: 0.970
Epoch: 8, Iteration:   240 loss: 1.030
Epoch: 8, Iteration:   260 loss: 1.030
Epoch: 8, Iteration:   280 loss: 1.065
Epoch: 8, Iteration:   300 loss: 0.981
Epoch: 8, Iteration:   320 loss: 1.014
Epoch: 8, Iteration:   340 loss: 1.006
Epoch: 8, Iteration:   360 loss: 1.004
Epoch: 8, Iteration:   380 loss: 0.963
Epoch: 8, Iteration:   400 loss: 1.024
Epoch: 8, Iteration:   420 loss: 1.010
Epoch: 8, Iteration:   440 loss: 1.023
Epoch: 8, Iteration:   460 loss: 0.990
Epoch: 8, Iteration:   480 loss: 1.016
Epoch: 8, Iteration:   500 loss: 1.017
Epoch: 8, Iteration:   520 loss: 0.981
Epoch: 8, Iteration:   540 loss: 1.032
Epoch: 8, Iteration:   560 loss: 1.045
Epoch: 8, Iteration:   580 loss: 1.038
Epoch: 8, Iteration:   600 loss: 0.900
Epoch: 8, Iteration:   620 loss: 0.971
Epoch: 8, Iteration:   640 loss: 0.999
Epoch: 8, Iteration:   660 loss: 1.003
Epoch: 8, Iteration:   680 loss: 0.960
Epoch: 8, Iteration:   700 loss: 0.959
Epoch: 8, Iteration:   720 loss: 0.966
Epoch: 8, Iteration:   740 loss: 0.941
Epoch: 8, Iteration:   760 loss: 1.020
Epoch: 8, Iteration:   780 loss: 0.894
Loss: 1.178
Accuracy of the network on the 10000 test images: 59 %
Accuracy of plane : 64 %
Accuracy of   car : 68 %
Accuracy of  bird : 62 %
Accuracy of   cat : 60 %
Accuracy of  deer : 10 %
Accuracy of   dog : 52 %
Accuracy of  frog : 76 %
Accuracy of horse : 53 %
Accuracy of  ship : 74 %
Accuracy of truck : 65 %
Epoch: 9, Iteration:     0 loss: 0.045
Epoch: 9, Iteration:    20 loss: 0.891
Epoch: 9, Iteration:    40 loss: 0.918
Epoch: 9, Iteration:    60 loss: 0.940
Epoch: 9, Iteration:    80 loss: 0.944
Epoch: 9, Iteration:   100 loss: 0.930
Epoch: 9, Iteration:   120 loss: 0.849
Epoch: 9, Iteration:   140 loss: 0.879
Epoch: 9, Iteration:   160 loss: 0.856
Epoch: 9, Iteration:   180 loss: 0.879
Epoch: 9, Iteration:   200 loss: 0.961
Epoch: 9, Iteration:   220 loss: 0.852
Epoch: 9, Iteration:   240 loss: 0.819
Epoch: 9, Iteration:   260 loss: 0.858
Epoch: 9, Iteration:   280 loss: 0.943
Epoch: 9, Iteration:   300 loss: 0.892
Epoch: 9, Iteration:   320 loss: 0.994
Epoch: 9, Iteration:   340 loss: 0.864
Epoch: 9, Iteration:   360 loss: 0.841
Epoch: 9, Iteration:   380 loss: 0.822
Epoch: 9, Iteration:   400 loss: 0.881
Epoch: 9, Iteration:   420 loss: 0.871
Epoch: 9, Iteration:   440 loss: 0.909
Epoch: 9, Iteration:   460 loss: 0.922
Epoch: 9, Iteration:   480 loss: 0.950
Epoch: 9, Iteration:   500 loss: 0.924
Epoch: 9, Iteration:   520 loss: 0.919
Epoch: 9, Iteration:   540 loss: 0.897
Epoch: 9, Iteration:   560 loss: 0.851
Epoch: 9, Iteration:   580 loss: 0.955
Epoch: 9, Iteration:   600 loss: 0.945
Epoch: 9, Iteration:   620 loss: 0.917
Epoch: 9, Iteration:   640 loss: 0.901
Epoch: 9, Iteration:   660 loss: 0.906
Epoch: 9, Iteration:   680 loss: 0.861
Epoch: 9, Iteration:   700 loss: 0.876
Epoch: 9, Iteration:   720 loss: 0.876
Epoch: 9, Iteration:   740 loss: 0.956
Epoch: 9, Iteration:   760 loss: 0.882
Epoch: 9, Iteration:   780 loss: 0.872
Loss: 1.116
Accuracy of the network on the 10000 test images: 60 %
Accuracy of plane : 66 %
Accuracy of   car : 80 %
Accuracy of  bird : 48 %
Accuracy of   cat : 49 %
Accuracy of  deer : 52 %
Accuracy of   dog : 37 %
Accuracy of  frog : 76 %
Accuracy of horse : 73 %
Accuracy of  ship : 70 %
Accuracy of truck : 61 %
Epoch: 10, Iteration:     0 loss: 0.036
Epoch: 10, Iteration:    20 loss: 0.795
Epoch: 10, Iteration:    40 loss: 0.775
Epoch: 10, Iteration:    60 loss: 0.827
Epoch: 10, Iteration:    80 loss: 0.788
Epoch: 10, Iteration:   100 loss: 0.787
Epoch: 10, Iteration:   120 loss: 0.772
Epoch: 10, Iteration:   140 loss: 0.820
Epoch: 10, Iteration:   160 loss: 0.817
Epoch: 10, Iteration:   180 loss: 0.822
Epoch: 10, Iteration:   200 loss: 0.827
Epoch: 10, Iteration:   220 loss: 0.747
Epoch: 10, Iteration:   240 loss: 0.754
Epoch: 10, Iteration:   260 loss: 0.817
Epoch: 10, Iteration:   280 loss: 0.868
Epoch: 10, Iteration:   300 loss: 0.936
Epoch: 10, Iteration:   320 loss: 0.880
Epoch: 10, Iteration:   340 loss: 0.828
Epoch: 10, Iteration:   360 loss: 0.804
Epoch: 10, Iteration:   380 loss: 0.701
Epoch: 10, Iteration:   400 loss: 0.715
Epoch: 10, Iteration:   420 loss: 0.775
Epoch: 10, Iteration:   440 loss: 0.749
Epoch: 10, Iteration:   460 loss: 0.806
Epoch: 10, Iteration:   480 loss: 0.863
Epoch: 10, Iteration:   500 loss: 0.741
Epoch: 10, Iteration:   520 loss: 0.708
Epoch: 10, Iteration:   540 loss: 0.697
Epoch: 10, Iteration:   560 loss: 0.729
Epoch: 10, Iteration:   580 loss: 0.725
Epoch: 10, Iteration:   600 loss: 0.752
Epoch: 10, Iteration:   620 loss: 0.703
Epoch: 10, Iteration:   640 loss: 0.802
Epoch: 10, Iteration:   660 loss: 0.781
Epoch: 10, Iteration:   680 loss: 0.722
Epoch: 10, Iteration:   700 loss: 0.746
Epoch: 10, Iteration:   720 loss: 0.779
Epoch: 10, Iteration:   740 loss: 0.713
Epoch: 10, Iteration:   760 loss: 0.780
Epoch: 10, Iteration:   780 loss: 0.769
Loss: 1.432
Accuracy of the network on the 10000 test images: 53 %
Accuracy of plane : 69 %
Accuracy of   car : 20 %
Accuracy of  bird :  7 %
Accuracy of   cat : 75 %
Accuracy of  deer : 43 %
Accuracy of   dog : 33 %
Accuracy of  frog : 53 %
Accuracy of horse : 70 %
Accuracy of  ship : 70 %
Accuracy of truck : 87 %
Epoch: 11, Iteration:     0 loss: 0.040
Epoch: 11, Iteration:    20 loss: 0.726
Epoch: 11, Iteration:    40 loss: 0.705
Epoch: 11, Iteration:    60 loss: 0.690
Epoch: 11, Iteration:    80 loss: 0.699
Epoch: 11, Iteration:   100 loss: 0.688
Epoch: 11, Iteration:   120 loss: 0.760
Epoch: 11, Iteration:   140 loss: 0.784
Epoch: 11, Iteration:   160 loss: 0.780
Epoch: 11, Iteration:   180 loss: 0.734
Epoch: 11, Iteration:   200 loss: 0.724
Epoch: 11, Iteration:   220 loss: 0.674
Epoch: 11, Iteration:   240 loss: 0.673
Epoch: 11, Iteration:   260 loss: 0.657
Epoch: 11, Iteration:   280 loss: 0.650
Epoch: 11, Iteration:   300 loss: 0.641
Epoch: 11, Iteration:   320 loss: 0.651
Epoch: 11, Iteration:   340 loss: 0.710
Epoch: 11, Iteration:   360 loss: 0.727
Epoch: 11, Iteration:   380 loss: 0.689
Epoch: 11, Iteration:   400 loss: 0.729
Epoch: 11, Iteration:   420 loss: 0.661
Epoch: 11, Iteration:   440 loss: 0.643
Epoch: 11, Iteration:   460 loss: 0.622
Epoch: 11, Iteration:   480 loss: 0.700
Epoch: 11, Iteration:   500 loss: 0.687
Epoch: 11, Iteration:   520 loss: 0.677
Epoch: 11, Iteration:   540 loss: 0.644
Epoch: 11, Iteration:   560 loss: 0.628
Epoch: 11, Iteration:   580 loss: 0.730
Epoch: 11, Iteration:   600 loss: 0.619
Epoch: 11, Iteration:   620 loss: 0.645
Epoch: 11, Iteration:   640 loss: 0.665
Epoch: 11, Iteration:   660 loss: 0.705
Epoch: 11, Iteration:   680 loss: 0.712
Epoch: 11, Iteration:   700 loss: 0.660
Epoch: 11, Iteration:   720 loss: 0.689
Epoch: 11, Iteration:   740 loss: 0.638
Epoch: 11, Iteration:   760 loss: 0.599
Epoch: 11, Iteration:   780 loss: 0.628
Loss: 1.336
Accuracy of the network on the 10000 test images: 58 %
Accuracy of plane : 73 %
Accuracy of   car : 50 %
Accuracy of  bird : 55 %
Accuracy of   cat : 47 %
Accuracy of  deer : 20 %
Accuracy of   dog : 55 %
Accuracy of  frog : 53 %
Accuracy of horse : 70 %
Accuracy of  ship : 65 %
Accuracy of truck : 83 %
Epoch    11: reducing learning rate of group 0 to 1.0000e-02.
Epoch: 12, Iteration:     0 loss: 0.032
Epoch: 12, Iteration:    20 loss: 0.624
Epoch: 12, Iteration:    40 loss: 0.524
Epoch: 12, Iteration:    60 loss: 0.423
Epoch: 12, Iteration:    80 loss: 0.388
Epoch: 12, Iteration:   100 loss: 0.373
Epoch: 12, Iteration:   120 loss: 0.337
Epoch: 12, Iteration:   140 loss: 0.346
Epoch: 12, Iteration:   160 loss: 0.334
Epoch: 12, Iteration:   180 loss: 0.338
Epoch: 12, Iteration:   200 loss: 0.295
Epoch: 12, Iteration:   220 loss: 0.298
Epoch: 12, Iteration:   240 loss: 0.280
Epoch: 12, Iteration:   260 loss: 0.300
Epoch: 12, Iteration:   280 loss: 0.313
Epoch: 12, Iteration:   300 loss: 0.274
Epoch: 12, Iteration:   320 loss: 0.275
Epoch: 12, Iteration:   340 loss: 0.273
Epoch: 12, Iteration:   360 loss: 0.282
Epoch: 12, Iteration:   380 loss: 0.264
Epoch: 12, Iteration:   400 loss: 0.279
Epoch: 12, Iteration:   420 loss: 0.279
Epoch: 12, Iteration:   440 loss: 0.254
Epoch: 12, Iteration:   460 loss: 0.271
Epoch: 12, Iteration:   480 loss: 0.285
Epoch: 12, Iteration:   500 loss: 0.225
Epoch: 12, Iteration:   520 loss: 0.256
Epoch: 12, Iteration:   540 loss: 0.266
Epoch: 12, Iteration:   560 loss: 0.240
Epoch: 12, Iteration:   580 loss: 0.243
Epoch: 12, Iteration:   600 loss: 0.248
Epoch: 12, Iteration:   620 loss: 0.259
Epoch: 12, Iteration:   640 loss: 0.242
Epoch: 12, Iteration:   660 loss: 0.211
Epoch: 12, Iteration:   680 loss: 0.251
Epoch: 12, Iteration:   700 loss: 0.256
Epoch: 12, Iteration:   720 loss: 0.239
Epoch: 12, Iteration:   740 loss: 0.218
Epoch: 12, Iteration:   760 loss: 0.252
Epoch: 12, Iteration:   780 loss: 0.261
Loss: 1.307
Accuracy of the network on the 10000 test images: 64 %
Accuracy of plane : 67 %
Accuracy of   car : 74 %
Accuracy of  bird : 50 %
Accuracy of   cat : 46 %
Accuracy of  deer : 58 %
Accuracy of   dog : 50 %
Accuracy of  frog : 75 %
Accuracy of horse : 78 %
Accuracy of  ship : 77 %
Accuracy of truck : 69 %
Epoch: 13, Iteration:     0 loss: 0.013
Epoch: 13, Iteration:    20 loss: 0.185
Epoch: 13, Iteration:    40 loss: 0.191
Epoch: 13, Iteration:    60 loss: 0.221
Epoch: 13, Iteration:    80 loss: 0.200
Epoch: 13, Iteration:   100 loss: 0.210
Epoch: 13, Iteration:   120 loss: 0.206
Epoch: 13, Iteration:   140 loss: 0.203
Epoch: 13, Iteration:   160 loss: 0.193
Epoch: 13, Iteration:   180 loss: 0.194
Epoch: 13, Iteration:   200 loss: 0.191
Epoch: 13, Iteration:   220 loss: 0.193
Epoch: 13, Iteration:   240 loss: 0.214
Epoch: 13, Iteration:   260 loss: 0.183
Epoch: 13, Iteration:   280 loss: 0.195
Epoch: 13, Iteration:   300 loss: 0.193
Epoch: 13, Iteration:   320 loss: 0.205
Epoch: 13, Iteration:   340 loss: 0.187
Epoch: 13, Iteration:   360 loss: 0.198
Epoch: 13, Iteration:   380 loss: 0.174
Epoch: 13, Iteration:   400 loss: 0.195
Epoch: 13, Iteration:   420 loss: 0.200
Epoch: 13, Iteration:   440 loss: 0.160
Epoch: 13, Iteration:   460 loss: 0.169
Epoch: 13, Iteration:   480 loss: 0.170
Epoch: 13, Iteration:   500 loss: 0.185
Epoch: 13, Iteration:   520 loss: 0.172
Epoch: 13, Iteration:   540 loss: 0.168
Epoch: 13, Iteration:   560 loss: 0.182
Epoch: 13, Iteration:   580 loss: 0.169
Epoch: 13, Iteration:   600 loss: 0.173
Epoch: 13, Iteration:   620 loss: 0.174
Epoch: 13, Iteration:   640 loss: 0.169
Epoch: 13, Iteration:   660 loss: 0.158
Epoch: 13, Iteration:   680 loss: 0.191
Epoch: 13, Iteration:   700 loss: 0.173
Epoch: 13, Iteration:   720 loss: 0.168
Epoch: 13, Iteration:   740 loss: 0.180
Epoch: 13, Iteration:   760 loss: 0.161
Epoch: 13, Iteration:   780 loss: 0.184
Loss: 1.455
Accuracy of the network on the 10000 test images: 63 %
Accuracy of plane : 69 %
Accuracy of   car : 74 %
Accuracy of  bird : 51 %
Accuracy of   cat : 50 %
Accuracy of  deer : 54 %
Accuracy of   dog : 47 %
Accuracy of  frog : 69 %
Accuracy of horse : 81 %
Accuracy of  ship : 77 %
Accuracy of truck : 67 %
Epoch    13: reducing learning rate of group 0 to 1.0000e-03.
Epoch: 14, Iteration:     0 loss: 0.004
Epoch: 14, Iteration:    20 loss: 0.150
Epoch: 14, Iteration:    40 loss: 0.151
Epoch: 14, Iteration:    60 loss: 0.140
Epoch: 14, Iteration:    80 loss: 0.155
Epoch: 14, Iteration:   100 loss: 0.149
Epoch: 14, Iteration:   120 loss: 0.137
Epoch: 14, Iteration:   140 loss: 0.135
Epoch: 14, Iteration:   160 loss: 0.142
Epoch: 14, Iteration:   180 loss: 0.147
Epoch: 14, Iteration:   200 loss: 0.149
Epoch: 14, Iteration:   220 loss: 0.133
Epoch: 14, Iteration:   240 loss: 0.141
Epoch: 14, Iteration:   260 loss: 0.146
Epoch: 14, Iteration:   280 loss: 0.159
Epoch: 14, Iteration:   300 loss: 0.133
Epoch: 14, Iteration:   320 loss: 0.152
Epoch: 14, Iteration:   340 loss: 0.139
Epoch: 14, Iteration:   360 loss: 0.137
Epoch: 14, Iteration:   380 loss: 0.117
Epoch: 14, Iteration:   400 loss: 0.144
Epoch: 14, Iteration:   420 loss: 0.120
Epoch: 14, Iteration:   440 loss: 0.143
Epoch: 14, Iteration:   460 loss: 0.144
Epoch: 14, Iteration:   480 loss: 0.120
Epoch: 14, Iteration:   500 loss: 0.157
Epoch: 14, Iteration:   520 loss: 0.137
Epoch: 14, Iteration:   540 loss: 0.159
Epoch: 14, Iteration:   560 loss: 0.127
Epoch: 14, Iteration:   580 loss: 0.137
Epoch: 14, Iteration:   600 loss: 0.132
Epoch: 14, Iteration:   620 loss: 0.120
Epoch: 14, Iteration:   640 loss: 0.129
Epoch: 14, Iteration:   660 loss: 0.131
Epoch: 14, Iteration:   680 loss: 0.165
Epoch: 14, Iteration:   700 loss: 0.127
Epoch: 14, Iteration:   720 loss: 0.132
Epoch: 14, Iteration:   740 loss: 0.128
Epoch: 14, Iteration:   760 loss: 0.123
Epoch: 14, Iteration:   780 loss: 0.137
Loss: 1.477
Accuracy of the network on the 10000 test images: 64 %
Accuracy of plane : 69 %
Accuracy of   car : 74 %
Accuracy of  bird : 53 %
Accuracy of   cat : 50 %
Accuracy of  deer : 56 %
Accuracy of   dog : 49 %
Accuracy of  frog : 69 %
Accuracy of horse : 81 %
Accuracy of  ship : 77 %
Accuracy of truck : 67 %
Epoch: 15, Iteration:     0 loss: 0.010
Epoch: 15, Iteration:    20 loss: 0.151
Epoch: 15, Iteration:    40 loss: 0.152
Epoch: 15, Iteration:    60 loss: 0.140
Epoch: 15, Iteration:    80 loss: 0.143
Epoch: 15, Iteration:   100 loss: 0.131
Epoch: 15, Iteration:   120 loss: 0.140
Epoch: 15, Iteration:   140 loss: 0.135
Epoch: 15, Iteration:   160 loss: 0.131
Epoch: 15, Iteration:   180 loss: 0.141
Epoch: 15, Iteration:   200 loss: 0.139
Epoch: 15, Iteration:   220 loss: 0.126
Epoch: 15, Iteration:   240 loss: 0.124
Epoch: 15, Iteration:   260 loss: 0.137
Epoch: 15, Iteration:   280 loss: 0.134
Epoch: 15, Iteration:   300 loss: 0.137
Epoch: 15, Iteration:   320 loss: 0.143
Epoch: 15, Iteration:   340 loss: 0.146
Epoch: 15, Iteration:   360 loss: 0.126
Epoch: 15, Iteration:   380 loss: 0.123
Epoch: 15, Iteration:   400 loss: 0.123
Epoch: 15, Iteration:   420 loss: 0.103
Epoch: 15, Iteration:   440 loss: 0.112
Epoch: 15, Iteration:   460 loss: 0.137
Epoch: 15, Iteration:   480 loss: 0.137
Epoch: 15, Iteration:   500 loss: 0.131
Epoch: 15, Iteration:   520 loss: 0.126
Epoch: 15, Iteration:   540 loss: 0.116
Epoch: 15, Iteration:   560 loss: 0.148
Epoch: 15, Iteration:   580 loss: 0.123
Epoch: 15, Iteration:   600 loss: 0.130
Epoch: 15, Iteration:   620 loss: 0.130
Epoch: 15, Iteration:   640 loss: 0.127
Epoch: 15, Iteration:   660 loss: 0.134
Epoch: 15, Iteration:   680 loss: 0.138
Epoch: 15, Iteration:   700 loss: 0.123
Epoch: 15, Iteration:   720 loss: 0.122
Epoch: 15, Iteration:   740 loss: 0.129
Epoch: 15, Iteration:   760 loss: 0.131
Epoch: 15, Iteration:   780 loss: 0.151
Loss: 1.499
Accuracy of the network on the 10000 test images: 64 %
Accuracy of plane : 69 %
Accuracy of   car : 74 %
Accuracy of  bird : 53 %
Accuracy of   cat : 52 %
Accuracy of  deer : 56 %
Accuracy of   dog : 47 %
Accuracy of  frog : 67 %
Accuracy of horse : 79 %
Accuracy of  ship : 77 %
Accuracy of truck : 67 %
Epoch: 16, Iteration:     0 loss: 0.004
Epoch: 16, Iteration:    20 loss: 0.141
Epoch: 16, Iteration:    40 loss: 0.130
Epoch: 16, Iteration:    60 loss: 0.132
Epoch: 16, Iteration:    80 loss: 0.133
Epoch: 16, Iteration:   100 loss: 0.132
Epoch: 16, Iteration:   120 loss: 0.132
Epoch: 16, Iteration:   140 loss: 0.128
Epoch: 16, Iteration:   160 loss: 0.142
Epoch: 16, Iteration:   180 loss: 0.123
Epoch: 16, Iteration:   200 loss: 0.118
Epoch: 16, Iteration:   220 loss: 0.125
Epoch: 16, Iteration:   240 loss: 0.127
Epoch: 16, Iteration:   260 loss: 0.119
Epoch: 16, Iteration:   280 loss: 0.119
Epoch: 16, Iteration:   300 loss: 0.128
Epoch: 16, Iteration:   320 loss: 0.128
Epoch: 16, Iteration:   340 loss: 0.125
Epoch: 16, Iteration:   360 loss: 0.122
Epoch: 16, Iteration:   380 loss: 0.135
Epoch: 16, Iteration:   400 loss: 0.120
Epoch: 16, Iteration:   420 loss: 0.140
Epoch: 16, Iteration:   440 loss: 0.131
Epoch: 16, Iteration:   460 loss: 0.142
Epoch: 16, Iteration:   480 loss: 0.131
Epoch: 16, Iteration:   500 loss: 0.112
Epoch: 16, Iteration:   520 loss: 0.133
Epoch: 16, Iteration:   540 loss: 0.130
Epoch: 16, Iteration:   560 loss: 0.125
Epoch: 16, Iteration:   580 loss: 0.126
Epoch: 16, Iteration:   600 loss: 0.131
Epoch: 16, Iteration:   620 loss: 0.129
Epoch: 16, Iteration:   640 loss: 0.109
Epoch: 16, Iteration:   660 loss: 0.121
Epoch: 16, Iteration:   680 loss: 0.123
Epoch: 16, Iteration:   700 loss: 0.128
Epoch: 16, Iteration:   720 loss: 0.124
Epoch: 16, Iteration:   740 loss: 0.121
Epoch: 16, Iteration:   760 loss: 0.135
Epoch: 16, Iteration:   780 loss: 0.126
Loss: 1.519
Accuracy of the network on the 10000 test images: 64 %
Accuracy of plane : 69 %
Accuracy of   car : 74 %
Accuracy of  bird : 54 %
Accuracy of   cat : 52 %
Accuracy of  deer : 56 %
Accuracy of   dog : 47 %
Accuracy of  frog : 67 %
Accuracy of horse : 79 %
Accuracy of  ship : 77 %
Accuracy of truck : 67 %
Epoch: 17, Iteration:     0 loss: 0.008
Epoch: 17, Iteration:    20 loss: 0.144
Epoch: 17, Iteration:    40 loss: 0.139
Epoch: 17, Iteration:    60 loss: 0.114
Epoch: 17, Iteration:    80 loss: 0.125
Epoch: 17, Iteration:   100 loss: 0.110
Epoch: 17, Iteration:   120 loss: 0.096
Epoch: 17, Iteration:   140 loss: 0.113
Epoch: 17, Iteration:   160 loss: 0.134
Epoch: 17, Iteration:   180 loss: 0.113
Epoch: 17, Iteration:   200 loss: 0.124
Epoch: 17, Iteration:   220 loss: 0.120
Epoch: 17, Iteration:   240 loss: 0.125
Epoch: 17, Iteration:   260 loss: 0.132
Epoch: 17, Iteration:   280 loss: 0.126
Epoch: 17, Iteration:   300 loss: 0.135
Epoch: 17, Iteration:   320 loss: 0.143
Epoch: 17, Iteration:   340 loss: 0.106
Epoch: 17, Iteration:   360 loss: 0.120
Epoch: 17, Iteration:   380 loss: 0.134
Epoch: 17, Iteration:   400 loss: 0.118
Epoch: 17, Iteration:   420 loss: 0.120
Epoch: 17, Iteration:   440 loss: 0.133
Epoch: 17, Iteration:   460 loss: 0.134
Epoch: 17, Iteration:   480 loss: 0.133
Epoch: 17, Iteration:   500 loss: 0.115
Epoch: 17, Iteration:   520 loss: 0.121
Epoch: 17, Iteration:   540 loss: 0.120
Epoch: 17, Iteration:   560 loss: 0.119
Epoch: 17, Iteration:   580 loss: 0.122
Epoch: 17, Iteration:   600 loss: 0.112
Epoch: 17, Iteration:   620 loss: 0.114
Epoch: 17, Iteration:   640 loss: 0.115
Epoch: 17, Iteration:   660 loss: 0.116
Epoch: 17, Iteration:   680 loss: 0.145
Epoch: 17, Iteration:   700 loss: 0.123
Epoch: 17, Iteration:   720 loss: 0.122
Epoch: 17, Iteration:   740 loss: 0.102
Epoch: 17, Iteration:   760 loss: 0.121
Epoch: 17, Iteration:   780 loss: 0.119
Loss: 1.537
Accuracy of the network on the 10000 test images: 63 %
Accuracy of plane : 69 %
Accuracy of   car : 72 %
Accuracy of  bird : 54 %
Accuracy of   cat : 49 %
Accuracy of  deer : 56 %
Accuracy of   dog : 47 %
Accuracy of  frog : 67 %
Accuracy of horse : 79 %
Accuracy of  ship : 77 %
Accuracy of truck : 67 %
Epoch: 18, Iteration:     0 loss: 0.005
Epoch: 18, Iteration:    20 loss: 0.119
Epoch: 18, Iteration:    40 loss: 0.105
Epoch: 18, Iteration:    60 loss: 0.138
Epoch: 18, Iteration:    80 loss: 0.117
Epoch: 18, Iteration:   100 loss: 0.125
Epoch: 18, Iteration:   120 loss: 0.116
Epoch: 18, Iteration:   140 loss: 0.117
Epoch: 18, Iteration:   160 loss: 0.116
Epoch: 18, Iteration:   180 loss: 0.113
Epoch: 18, Iteration:   200 loss: 0.107
Epoch: 18, Iteration:   220 loss: 0.117
Epoch: 18, Iteration:   240 loss: 0.110
Epoch: 18, Iteration:   260 loss: 0.119
Epoch: 18, Iteration:   280 loss: 0.138
Epoch: 18, Iteration:   300 loss: 0.114
Epoch: 18, Iteration:   320 loss: 0.118
Epoch: 18, Iteration:   340 loss: 0.116
Epoch: 18, Iteration:   360 loss: 0.136
Epoch: 18, Iteration:   380 loss: 0.125
Epoch: 18, Iteration:   400 loss: 0.127
Epoch: 18, Iteration:   420 loss: 0.131
Epoch: 18, Iteration:   440 loss: 0.105
Epoch: 18, Iteration:   460 loss: 0.106
Epoch: 18, Iteration:   480 loss: 0.117
Epoch: 18, Iteration:   500 loss: 0.130
Epoch: 18, Iteration:   520 loss: 0.121
Epoch: 18, Iteration:   540 loss: 0.116
Epoch: 18, Iteration:   560 loss: 0.135
Epoch: 18, Iteration:   580 loss: 0.124
Epoch: 18, Iteration:   600 loss: 0.107
Epoch: 18, Iteration:   620 loss: 0.119
Epoch: 18, Iteration:   640 loss: 0.117
Epoch: 18, Iteration:   660 loss: 0.117
Epoch: 18, Iteration:   680 loss: 0.115
Epoch: 18, Iteration:   700 loss: 0.120
Epoch: 18, Iteration:   720 loss: 0.094
Epoch: 18, Iteration:   740 loss: 0.114
Epoch: 18, Iteration:   760 loss: 0.112
Epoch: 18, Iteration:   780 loss: 0.103
Loss: 1.556
Accuracy of the network on the 10000 test images: 63 %
Accuracy of plane : 69 %
Accuracy of   car : 72 %
Accuracy of  bird : 55 %
Accuracy of   cat : 49 %
Accuracy of  deer : 56 %
Accuracy of   dog : 47 %
Accuracy of  frog : 67 %
Accuracy of horse : 79 %
Accuracy of  ship : 77 %
Accuracy of truck : 67 %
Epoch: 19, Iteration:     0 loss: 0.004
Epoch: 19, Iteration:    20 loss: 0.103
Epoch: 19, Iteration:    40 loss: 0.122
Epoch: 19, Iteration:    60 loss: 0.119
Epoch: 19, Iteration:    80 loss: 0.104
Epoch: 19, Iteration:   100 loss: 0.118
Epoch: 19, Iteration:   120 loss: 0.110
Epoch: 19, Iteration:   140 loss: 0.124
Epoch: 19, Iteration:   160 loss: 0.096
Epoch: 19, Iteration:   180 loss: 0.112
Epoch: 19, Iteration:   200 loss: 0.111
Epoch: 19, Iteration:   220 loss: 0.114
Epoch: 19, Iteration:   240 loss: 0.128
Epoch: 19, Iteration:   260 loss: 0.127
Epoch: 19, Iteration:   280 loss: 0.120
Epoch: 19, Iteration:   300 loss: 0.118
Epoch: 19, Iteration:   320 loss: 0.114
Epoch: 19, Iteration:   340 loss: 0.107
Epoch: 19, Iteration:   360 loss: 0.100
Epoch: 19, Iteration:   380 loss: 0.104
Epoch: 19, Iteration:   400 loss: 0.132
Epoch: 19, Iteration:   420 loss: 0.118
Epoch: 19, Iteration:   440 loss: 0.101
Epoch: 19, Iteration:   460 loss: 0.110
Epoch: 19, Iteration:   480 loss: 0.116
Epoch: 19, Iteration:   500 loss: 0.121
Epoch: 19, Iteration:   520 loss: 0.113
Epoch: 19, Iteration:   540 loss: 0.116
Epoch: 19, Iteration:   560 loss: 0.112
Epoch: 19, Iteration:   580 loss: 0.093
Epoch: 19, Iteration:   600 loss: 0.107
Epoch: 19, Iteration:   620 loss: 0.107
Epoch: 19, Iteration:   640 loss: 0.103
Epoch: 19, Iteration:   660 loss: 0.123
Epoch: 19, Iteration:   680 loss: 0.109
Epoch: 19, Iteration:   700 loss: 0.120
Epoch: 19, Iteration:   720 loss: 0.131
Epoch: 19, Iteration:   740 loss: 0.110
Epoch: 19, Iteration:   760 loss: 0.107
Epoch: 19, Iteration:   780 loss: 0.124
Loss: 1.573
Accuracy of the network on the 10000 test images: 63 %
Accuracy of plane : 69 %
Accuracy of   car : 72 %
Accuracy of  bird : 55 %
Accuracy of   cat : 49 %
Accuracy of  deer : 56 %
Accuracy of   dog : 47 %
Accuracy of  frog : 67 %
Accuracy of horse : 79 %
Accuracy of  ship : 77 %
Accuracy of truck : 67 %
Epoch: 20, Iteration:     0 loss: 0.007
Epoch: 20, Iteration:    20 loss: 0.097
Epoch: 20, Iteration:    40 loss: 0.113
Epoch: 20, Iteration:    60 loss: 0.118
Epoch: 20, Iteration:    80 loss: 0.118
Epoch: 20, Iteration:   100 loss: 0.126
Epoch: 20, Iteration:   120 loss: 0.095
Epoch: 20, Iteration:   140 loss: 0.101
Epoch: 20, Iteration:   160 loss: 0.127
Epoch: 20, Iteration:   180 loss: 0.110
Epoch: 20, Iteration:   200 loss: 0.105
Epoch: 20, Iteration:   220 loss: 0.122
Epoch: 20, Iteration:   240 loss: 0.103
Epoch: 20, Iteration:   260 loss: 0.122
Epoch: 20, Iteration:   280 loss: 0.112
Epoch: 20, Iteration:   300 loss: 0.111
Epoch: 20, Iteration:   320 loss: 0.106
Epoch: 20, Iteration:   340 loss: 0.095
Epoch: 20, Iteration:   360 loss: 0.123
Epoch: 20, Iteration:   380 loss: 0.104
Epoch: 20, Iteration:   400 loss: 0.115
Epoch: 20, Iteration:   420 loss: 0.114
Epoch: 20, Iteration:   440 loss: 0.097
Epoch: 20, Iteration:   460 loss: 0.116
Epoch: 20, Iteration:   480 loss: 0.104
Epoch: 20, Iteration:   500 loss: 0.113
Epoch: 20, Iteration:   520 loss: 0.101
Epoch: 20, Iteration:   540 loss: 0.112
Epoch: 20, Iteration:   560 loss: 0.121
Epoch: 20, Iteration:   580 loss: 0.110
Epoch: 20, Iteration:   600 loss: 0.103
Epoch: 20, Iteration:   620 loss: 0.114
Epoch: 20, Iteration:   640 loss: 0.106
Epoch: 20, Iteration:   660 loss: 0.112
Epoch: 20, Iteration:   680 loss: 0.079
Epoch: 20, Iteration:   700 loss: 0.104
Epoch: 20, Iteration:   720 loss: 0.100
Epoch: 20, Iteration:   740 loss: 0.108
Epoch: 20, Iteration:   760 loss: 0.101
Epoch: 20, Iteration:   780 loss: 0.115
Loss: 1.591
Accuracy of the network on the 10000 test images: 64 %
Accuracy of plane : 69 %
Accuracy of   car : 72 %
Accuracy of  bird : 55 %
Accuracy of   cat : 52 %
Accuracy of  deer : 56 %
Accuracy of   dog : 47 %
Accuracy of  frog : 67 %
Accuracy of horse : 79 %
Accuracy of  ship : 77 %
Accuracy of truck : 67 %
Epoch: 21, Iteration:     0 loss: 0.002
Epoch: 21, Iteration:    20 loss: 0.122
Epoch: 21, Iteration:    40 loss: 0.103
Epoch: 21, Iteration:    60 loss: 0.106
Epoch: 21, Iteration:    80 loss: 0.107
Epoch: 21, Iteration:   100 loss: 0.113
Epoch: 21, Iteration:   120 loss: 0.072
Epoch: 21, Iteration:   140 loss: 0.095
Epoch: 21, Iteration:   160 loss: 0.104
Epoch: 21, Iteration:   180 loss: 0.092
Epoch: 21, Iteration:   200 loss: 0.098
Epoch: 21, Iteration:   220 loss: 0.108
Epoch: 21, Iteration:   240 loss: 0.138
Epoch: 21, Iteration:   260 loss: 0.086
Epoch: 21, Iteration:   280 loss: 0.110
Epoch: 21, Iteration:   300 loss: 0.097
Epoch: 21, Iteration:   320 loss: 0.110
Epoch: 21, Iteration:   340 loss: 0.113
Epoch: 21, Iteration:   360 loss: 0.097
Epoch: 21, Iteration:   380 loss: 0.091
Epoch: 21, Iteration:   400 loss: 0.098
Epoch: 21, Iteration:   420 loss: 0.111
Epoch: 21, Iteration:   440 loss: 0.126
Epoch: 21, Iteration:   460 loss: 0.086
Epoch: 21, Iteration:   480 loss: 0.127
Epoch: 21, Iteration:   500 loss: 0.120
Epoch: 21, Iteration:   520 loss: 0.114
Epoch: 21, Iteration:   540 loss: 0.111
Epoch: 21, Iteration:   560 loss: 0.102
Epoch: 21, Iteration:   580 loss: 0.086
Epoch: 21, Iteration:   600 loss: 0.108
Epoch: 21, Iteration:   620 loss: 0.108
Epoch: 21, Iteration:   640 loss: 0.110
Epoch: 21, Iteration:   660 loss: 0.092
Epoch: 21, Iteration:   680 loss: 0.105
Epoch: 21, Iteration:   700 loss: 0.101
Epoch: 21, Iteration:   720 loss: 0.092
Epoch: 21, Iteration:   740 loss: 0.116
Epoch: 21, Iteration:   760 loss: 0.122
Epoch: 21, Iteration:   780 loss: 0.103
Loss: 1.608
Accuracy of the network on the 10000 test images: 64 %
Accuracy of plane : 69 %
Accuracy of   car : 72 %
Accuracy of  bird : 55 %
Accuracy of   cat : 50 %
Accuracy of  deer : 56 %
Accuracy of   dog : 47 %
Accuracy of  frog : 67 %
Accuracy of horse : 79 %
Accuracy of  ship : 77 %
Accuracy of truck : 67 %
Epoch: 22, Iteration:     0 loss: 0.004
Epoch: 22, Iteration:    20 loss: 0.092
Epoch: 22, Iteration:    40 loss: 0.104
Epoch: 22, Iteration:    60 loss: 0.128
Epoch: 22, Iteration:    80 loss: 0.104
Epoch: 22, Iteration:   100 loss: 0.116
Epoch: 22, Iteration:   120 loss: 0.100
Epoch: 22, Iteration:   140 loss: 0.095
Epoch: 22, Iteration:   160 loss: 0.103
Epoch: 22, Iteration:   180 loss: 0.110
Epoch: 22, Iteration:   200 loss: 0.111
Epoch: 22, Iteration:   220 loss: 0.083
Epoch: 22, Iteration:   240 loss: 0.113
Epoch: 22, Iteration:   260 loss: 0.135
Epoch: 22, Iteration:   280 loss: 0.115
Epoch: 22, Iteration:   300 loss: 0.105
Epoch: 22, Iteration:   320 loss: 0.098
Epoch: 22, Iteration:   340 loss: 0.116
Epoch: 22, Iteration:   360 loss: 0.087
Epoch: 22, Iteration:   380 loss: 0.090
Epoch: 22, Iteration:   400 loss: 0.107
Epoch: 22, Iteration:   420 loss: 0.095
Epoch: 22, Iteration:   440 loss: 0.096
Epoch: 22, Iteration:   460 loss: 0.078
Epoch: 22, Iteration:   480 loss: 0.101
Epoch: 22, Iteration:   500 loss: 0.098
Epoch: 22, Iteration:   520 loss: 0.099
Epoch: 22, Iteration:   540 loss: 0.094
Epoch: 22, Iteration:   560 loss: 0.098
Epoch: 22, Iteration:   580 loss: 0.091
Epoch: 22, Iteration:   600 loss: 0.113
Epoch: 22, Iteration:   620 loss: 0.092
Epoch: 22, Iteration:   640 loss: 0.100
Epoch: 22, Iteration:   660 loss: 0.097
Epoch: 22, Iteration:   680 loss: 0.092
Epoch: 22, Iteration:   700 loss: 0.098
Epoch: 22, Iteration:   720 loss: 0.097
Epoch: 22, Iteration:   740 loss: 0.092
Epoch: 22, Iteration:   760 loss: 0.098
Epoch: 22, Iteration:   780 loss: 0.103
Loss: 1.625
Accuracy of the network on the 10000 test images: 64 %
Accuracy of plane : 69 %
Accuracy of   car : 72 %
Accuracy of  bird : 55 %
Accuracy of   cat : 50 %
Accuracy of  deer : 58 %
Accuracy of   dog : 47 %
Accuracy of  frog : 67 %
Accuracy of horse : 79 %
Accuracy of  ship : 77 %
Accuracy of truck : 67 %
Epoch: 23, Iteration:     0 loss: 0.006
Epoch: 23, Iteration:    20 loss: 0.094
Epoch: 23, Iteration:    40 loss: 0.084
Epoch: 23, Iteration:    60 loss: 0.094
Epoch: 23, Iteration:    80 loss: 0.095
Epoch: 23, Iteration:   100 loss: 0.081
Epoch: 23, Iteration:   120 loss: 0.087
Epoch: 23, Iteration:   140 loss: 0.107
Epoch: 23, Iteration:   160 loss: 0.103
Epoch: 23, Iteration:   180 loss: 0.084
Epoch: 23, Iteration:   200 loss: 0.098
Epoch: 23, Iteration:   220 loss: 0.102
Epoch: 23, Iteration:   240 loss: 0.085
Epoch: 23, Iteration:   260 loss: 0.088
Epoch: 23, Iteration:   280 loss: 0.095
Epoch: 23, Iteration:   300 loss: 0.098
Epoch: 23, Iteration:   320 loss: 0.096
Epoch: 23, Iteration:   340 loss: 0.097
Epoch: 23, Iteration:   360 loss: 0.094
Epoch: 23, Iteration:   380 loss: 0.107
Epoch: 23, Iteration:   400 loss: 0.101
Epoch: 23, Iteration:   420 loss: 0.096
Epoch: 23, Iteration:   440 loss: 0.117
Epoch: 23, Iteration:   460 loss: 0.092
Epoch: 23, Iteration:   480 loss: 0.098
Epoch: 23, Iteration:   500 loss: 0.103
Epoch: 23, Iteration:   520 loss: 0.097
Epoch: 23, Iteration:   540 loss: 0.092
Epoch: 23, Iteration:   560 loss: 0.096
Epoch: 23, Iteration:   580 loss: 0.101
Epoch: 23, Iteration:   600 loss: 0.114
Epoch: 23, Iteration:   620 loss: 0.103
Epoch: 23, Iteration:   640 loss: 0.104
Epoch: 23, Iteration:   660 loss: 0.105
Epoch: 23, Iteration:   680 loss: 0.099
Epoch: 23, Iteration:   700 loss: 0.097
Epoch: 23, Iteration:   720 loss: 0.081
Epoch: 23, Iteration:   740 loss: 0.110
Epoch: 23, Iteration:   760 loss: 0.091
Epoch: 23, Iteration:   780 loss: 0.106
Loss: 1.643
Accuracy of the network on the 10000 test images: 64 %
Accuracy of plane : 69 %
Accuracy of   car : 72 %
Accuracy of  bird : 56 %
Accuracy of   cat : 50 %
Accuracy of  deer : 58 %
Accuracy of   dog : 47 %
Accuracy of  frog : 67 %
Accuracy of horse : 79 %
Accuracy of  ship : 77 %
Accuracy of truck : 67 %
Epoch: 24, Iteration:     0 loss: 0.004
Epoch: 24, Iteration:    20 loss: 0.093
Epoch: 24, Iteration:    40 loss: 0.092
Epoch: 24, Iteration:    60 loss: 0.098
Epoch: 24, Iteration:    80 loss: 0.095
Epoch: 24, Iteration:   100 loss: 0.097
Epoch: 24, Iteration:   120 loss: 0.096
Epoch: 24, Iteration:   140 loss: 0.096
Epoch: 24, Iteration:   160 loss: 0.093
Epoch: 24, Iteration:   180 loss: 0.095
Epoch: 24, Iteration:   200 loss: 0.091
Epoch: 24, Iteration:   220 loss: 0.094
Epoch: 24, Iteration:   240 loss: 0.112
Epoch: 24, Iteration:   260 loss: 0.097
Epoch: 24, Iteration:   280 loss: 0.090
Epoch: 24, Iteration:   300 loss: 0.090
Epoch: 24, Iteration:   320 loss: 0.108
Epoch: 24, Iteration:   340 loss: 0.077
Epoch: 24, Iteration:   360 loss: 0.096
Epoch: 24, Iteration:   380 loss: 0.096
Epoch: 24, Iteration:   400 loss: 0.089
Epoch: 24, Iteration:   420 loss: 0.099
Epoch: 24, Iteration:   440 loss: 0.085
Epoch: 24, Iteration:   460 loss: 0.089
Epoch: 24, Iteration:   480 loss: 0.100
Epoch: 24, Iteration:   500 loss: 0.099
Epoch: 24, Iteration:   520 loss: 0.096
Epoch: 24, Iteration:   540 loss: 0.099
Epoch: 24, Iteration:   560 loss: 0.094
Epoch: 24, Iteration:   580 loss: 0.084
Epoch: 24, Iteration:   600 loss: 0.103
Epoch: 24, Iteration:   620 loss: 0.099
Epoch: 24, Iteration:   640 loss: 0.086
Epoch: 24, Iteration:   660 loss: 0.119
Epoch: 24, Iteration:   680 loss: 0.088
Epoch: 24, Iteration:   700 loss: 0.078
Epoch: 24, Iteration:   720 loss: 0.091
Epoch: 24, Iteration:   740 loss: 0.077
Epoch: 24, Iteration:   760 loss: 0.084
Epoch: 24, Iteration:   780 loss: 0.082
Loss: 1.659
Accuracy of the network on the 10000 test images: 64 %
Accuracy of plane : 69 %
Accuracy of   car : 72 %
Accuracy of  bird : 56 %
Accuracy of   cat : 52 %
Accuracy of  deer : 58 %
Accuracy of   dog : 47 %
Accuracy of  frog : 67 %
Accuracy of horse : 79 %
Accuracy of  ship : 77 %
Accuracy of truck : 67 %
Finished Training
